2025-06-04 00:08:33.935 [main] INFO  d.m.v.c.r.CircuitBreakerFactory - Creating circuit breaker with default hard-coded settings: fallback-breaker
2025-06-04 00:08:33.940 [main] DEBUG d.m.v.c.r.CircuitBreakerFactory - Default settings: maxFailures=5, timeout=10000ms, resetTimeout=30000ms
2025-06-04 00:08:33.940 [main] INFO  d.m.v.c.r.CircuitBreakerFactory - Creating circuit breaker: fallback-breaker (maxFailures=5, timeout=10000ms, resetTimeout=30000ms)
2025-06-04 00:08:33.940 [main] DEBUG d.m.v.c.r.CircuitBreakerFactory - Configuring circuit breaker options for: fallback-breaker
2025-06-04 00:08:33.941 [main] DEBUG d.m.v.c.r.CircuitBreakerFactory - Circuit breaker options configured
2025-06-04 00:08:33.941 [main] DEBUG d.m.v.c.r.CircuitBreakerFactory - Creating circuit breaker instance: fallback-breaker
2025-06-04 00:08:33.955 [main] INFO  d.m.v.c.r.CircuitBreakerFactory - Circuit breaker fallback-breaker created successfully
2025-06-04 00:08:34.018 [main] INFO  d.m.v.c.r.CircuitBreakerFactory - Creating circuit breaker: failing-breaker (maxFailures=3, timeout=1000ms, resetTimeout=5000ms)
2025-06-04 00:08:34.018 [main] DEBUG d.m.v.c.r.CircuitBreakerFactory - Configuring circuit breaker options for: failing-breaker
2025-06-04 00:08:34.018 [main] DEBUG d.m.v.c.r.CircuitBreakerFactory - Circuit breaker options configured
2025-06-04 00:08:34.018 [main] DEBUG d.m.v.c.r.CircuitBreakerFactory - Creating circuit breaker instance: failing-breaker
2025-06-04 00:08:34.019 [main] INFO  d.m.v.c.r.CircuitBreakerFactory - Circuit breaker failing-breaker created successfully
2025-06-04 00:08:34.056 [main] INFO  d.m.v.c.r.CircuitBreakerFactory - Creating circuit breaker with default hard-coded settings: success-breaker
2025-06-04 00:08:34.056 [main] DEBUG d.m.v.c.r.CircuitBreakerFactory - Default settings: maxFailures=5, timeout=10000ms, resetTimeout=30000ms
2025-06-04 00:08:34.056 [main] INFO  d.m.v.c.r.CircuitBreakerFactory - Creating circuit breaker: success-breaker (maxFailures=5, timeout=10000ms, resetTimeout=30000ms)
2025-06-04 00:08:34.056 [main] DEBUG d.m.v.c.r.CircuitBreakerFactory - Configuring circuit breaker options for: success-breaker
2025-06-04 00:08:34.056 [main] DEBUG d.m.v.c.r.CircuitBreakerFactory - Circuit breaker options configured
2025-06-04 00:08:34.056 [main] DEBUG d.m.v.c.r.CircuitBreakerFactory - Creating circuit breaker instance: success-breaker
2025-06-04 00:08:34.057 [main] INFO  d.m.v.c.r.CircuitBreakerFactory - Circuit breaker success-breaker created successfully
2025-06-04 00:08:34.089 [main] INFO  d.m.v.c.r.CircuitBreakerFactory - Creating circuit breaker with default hard-coded settings: test-breaker
2025-06-04 00:08:34.089 [main] DEBUG d.m.v.c.r.CircuitBreakerFactory - Default settings: maxFailures=5, timeout=10000ms, resetTimeout=30000ms
2025-06-04 00:08:34.089 [main] INFO  d.m.v.c.r.CircuitBreakerFactory - Creating circuit breaker: test-breaker (maxFailures=5, timeout=10000ms, resetTimeout=30000ms)
2025-06-04 00:08:34.089 [main] DEBUG d.m.v.c.r.CircuitBreakerFactory - Configuring circuit breaker options for: test-breaker
2025-06-04 00:08:34.089 [main] DEBUG d.m.v.c.r.CircuitBreakerFactory - Circuit breaker options configured
2025-06-04 00:08:34.089 [main] DEBUG d.m.v.c.r.CircuitBreakerFactory - Creating circuit breaker instance: test-breaker
2025-06-04 00:08:34.090 [main] INFO  d.m.v.c.r.CircuitBreakerFactory - Circuit breaker test-breaker created successfully
2025-06-04 00:08:34.121 [main] INFO  d.m.v.c.r.CircuitBreakerFactory - Creating circuit breaker: custom-breaker (maxFailures=3, timeout=5000ms, resetTimeout=15000ms)
2025-06-04 00:08:34.121 [main] DEBUG d.m.v.c.r.CircuitBreakerFactory - Configuring circuit breaker options for: custom-breaker
2025-06-04 00:08:34.121 [main] DEBUG d.m.v.c.r.CircuitBreakerFactory - Circuit breaker options configured
2025-06-04 00:08:34.122 [main] DEBUG d.m.v.c.r.CircuitBreakerFactory - Creating circuit breaker instance: custom-breaker
2025-06-04 00:08:34.122 [main] INFO  d.m.v.c.r.CircuitBreakerFactory - Circuit breaker custom-breaker created successfully
2025-06-04 00:25:45.602 [main] INFO  d.m.v.c.r.CircuitBreakerFactory - Creating circuit breaker with default hard-coded settings: fallback-breaker
2025-06-04 00:25:45.603 [main] DEBUG d.m.v.c.r.CircuitBreakerFactory - Default settings: maxFailures=5, timeout=10000ms, resetTimeout=30000ms
2025-06-04 00:25:45.603 [main] INFO  d.m.v.c.r.CircuitBreakerFactory - Creating circuit breaker: fallback-breaker (maxFailures=5, timeout=10000ms, resetTimeout=30000ms)
2025-06-04 00:25:45.603 [main] DEBUG d.m.v.c.r.CircuitBreakerFactory - Configuring circuit breaker options for: fallback-breaker
2025-06-04 00:25:45.604 [main] DEBUG d.m.v.c.r.CircuitBreakerFactory - Circuit breaker options configured
2025-06-04 00:25:45.604 [main] DEBUG d.m.v.c.r.CircuitBreakerFactory - Creating circuit breaker instance: fallback-breaker
2025-06-04 00:25:45.618 [main] INFO  d.m.v.c.r.CircuitBreakerFactory - Circuit breaker fallback-breaker created successfully
2025-06-04 00:25:45.677 [main] INFO  d.m.v.c.r.CircuitBreakerFactory - Creating circuit breaker: failing-breaker (maxFailures=3, timeout=1000ms, resetTimeout=5000ms)
2025-06-04 00:25:45.677 [main] DEBUG d.m.v.c.r.CircuitBreakerFactory - Configuring circuit breaker options for: failing-breaker
2025-06-04 00:25:45.677 [main] DEBUG d.m.v.c.r.CircuitBreakerFactory - Circuit breaker options configured
2025-06-04 00:25:45.677 [main] DEBUG d.m.v.c.r.CircuitBreakerFactory - Creating circuit breaker instance: failing-breaker
2025-06-04 00:25:45.678 [main] INFO  d.m.v.c.r.CircuitBreakerFactory - Circuit breaker failing-breaker created successfully
2025-06-04 00:25:45.715 [main] INFO  d.m.v.c.r.CircuitBreakerFactory - Creating circuit breaker with default hard-coded settings: success-breaker
2025-06-04 00:25:45.715 [main] DEBUG d.m.v.c.r.CircuitBreakerFactory - Default settings: maxFailures=5, timeout=10000ms, resetTimeout=30000ms
2025-06-04 00:25:45.715 [main] INFO  d.m.v.c.r.CircuitBreakerFactory - Creating circuit breaker: success-breaker (maxFailures=5, timeout=10000ms, resetTimeout=30000ms)
2025-06-04 00:25:45.715 [main] DEBUG d.m.v.c.r.CircuitBreakerFactory - Configuring circuit breaker options for: success-breaker
2025-06-04 00:25:45.715 [main] DEBUG d.m.v.c.r.CircuitBreakerFactory - Circuit breaker options configured
2025-06-04 00:25:45.715 [main] DEBUG d.m.v.c.r.CircuitBreakerFactory - Creating circuit breaker instance: success-breaker
2025-06-04 00:25:45.716 [main] INFO  d.m.v.c.r.CircuitBreakerFactory - Circuit breaker success-breaker created successfully
2025-06-04 00:25:45.747 [main] INFO  d.m.v.c.r.CircuitBreakerFactory - Creating circuit breaker with default hard-coded settings: test-breaker
2025-06-04 00:25:45.747 [main] DEBUG d.m.v.c.r.CircuitBreakerFactory - Default settings: maxFailures=5, timeout=10000ms, resetTimeout=30000ms
2025-06-04 00:25:45.747 [main] INFO  d.m.v.c.r.CircuitBreakerFactory - Creating circuit breaker: test-breaker (maxFailures=5, timeout=10000ms, resetTimeout=30000ms)
2025-06-04 00:25:45.747 [main] DEBUG d.m.v.c.r.CircuitBreakerFactory - Configuring circuit breaker options for: test-breaker
2025-06-04 00:25:45.747 [main] DEBUG d.m.v.c.r.CircuitBreakerFactory - Circuit breaker options configured
2025-06-04 00:25:45.747 [main] DEBUG d.m.v.c.r.CircuitBreakerFactory - Creating circuit breaker instance: test-breaker
2025-06-04 00:25:45.747 [main] INFO  d.m.v.c.r.CircuitBreakerFactory - Circuit breaker test-breaker created successfully
2025-06-04 00:25:45.783 [main] INFO  d.m.v.c.r.CircuitBreakerFactory - Creating circuit breaker: custom-breaker (maxFailures=3, timeout=5000ms, resetTimeout=15000ms)
2025-06-04 00:25:45.784 [main] DEBUG d.m.v.c.r.CircuitBreakerFactory - Configuring circuit breaker options for: custom-breaker
2025-06-04 00:25:45.784 [main] DEBUG d.m.v.c.r.CircuitBreakerFactory - Circuit breaker options configured
2025-06-04 00:25:45.784 [main] DEBUG d.m.v.c.r.CircuitBreakerFactory - Creating circuit breaker instance: custom-breaker
2025-06-04 00:25:45.784 [main] INFO  d.m.v.c.r.CircuitBreakerFactory - Circuit breaker custom-breaker created successfully
2025-06-04 10:00:10.772 [main] INFO  d.m.v.c.r.CircuitBreakerFactory - Creating circuit breaker with default hard-coded settings: fallback-breaker
2025-06-04 10:00:10.784 [main] DEBUG d.m.v.c.r.CircuitBreakerFactory - Default settings: maxFailures=5, timeout=10000ms, resetTimeout=30000ms
2025-06-04 10:00:10.784 [main] INFO  d.m.v.c.r.CircuitBreakerFactory - Creating circuit breaker: fallback-breaker (maxFailures=5, timeout=10000ms, resetTimeout=30000ms)
2025-06-04 10:00:10.784 [main] DEBUG d.m.v.c.r.CircuitBreakerFactory - Configuring circuit breaker options for: fallback-breaker
2025-06-04 10:00:10.785 [main] DEBUG d.m.v.c.r.CircuitBreakerFactory - Circuit breaker options configured
2025-06-04 10:00:10.785 [main] DEBUG d.m.v.c.r.CircuitBreakerFactory - Creating circuit breaker instance: fallback-breaker
2025-06-04 10:00:10.799 [main] INFO  d.m.v.c.r.CircuitBreakerFactory - Circuit breaker fallback-breaker created successfully
2025-06-04 10:00:10.863 [main] INFO  d.m.v.c.r.CircuitBreakerFactory - Creating circuit breaker: failing-breaker (maxFailures=3, timeout=1000ms, resetTimeout=5000ms)
2025-06-04 10:00:10.863 [main] DEBUG d.m.v.c.r.CircuitBreakerFactory - Configuring circuit breaker options for: failing-breaker
2025-06-04 10:00:10.863 [main] DEBUG d.m.v.c.r.CircuitBreakerFactory - Circuit breaker options configured
2025-06-04 10:00:10.863 [main] DEBUG d.m.v.c.r.CircuitBreakerFactory - Creating circuit breaker instance: failing-breaker
2025-06-04 10:00:10.864 [main] INFO  d.m.v.c.r.CircuitBreakerFactory - Circuit breaker failing-breaker created successfully
2025-06-04 10:00:10.902 [main] INFO  d.m.v.c.r.CircuitBreakerFactory - Creating circuit breaker with default hard-coded settings: success-breaker
2025-06-04 10:00:10.903 [main] DEBUG d.m.v.c.r.CircuitBreakerFactory - Default settings: maxFailures=5, timeout=10000ms, resetTimeout=30000ms
2025-06-04 10:00:10.903 [main] INFO  d.m.v.c.r.CircuitBreakerFactory - Creating circuit breaker: success-breaker (maxFailures=5, timeout=10000ms, resetTimeout=30000ms)
2025-06-04 10:00:10.903 [main] DEBUG d.m.v.c.r.CircuitBreakerFactory - Configuring circuit breaker options for: success-breaker
2025-06-04 10:00:10.903 [main] DEBUG d.m.v.c.r.CircuitBreakerFactory - Circuit breaker options configured
2025-06-04 10:00:10.903 [main] DEBUG d.m.v.c.r.CircuitBreakerFactory - Creating circuit breaker instance: success-breaker
2025-06-04 10:00:10.903 [main] INFO  d.m.v.c.r.CircuitBreakerFactory - Circuit breaker success-breaker created successfully
2025-06-04 10:00:10.936 [main] INFO  d.m.v.c.r.CircuitBreakerFactory - Creating circuit breaker with default hard-coded settings: test-breaker
2025-06-04 10:00:10.937 [main] DEBUG d.m.v.c.r.CircuitBreakerFactory - Default settings: maxFailures=5, timeout=10000ms, resetTimeout=30000ms
2025-06-04 10:00:10.937 [main] INFO  d.m.v.c.r.CircuitBreakerFactory - Creating circuit breaker: test-breaker (maxFailures=5, timeout=10000ms, resetTimeout=30000ms)
2025-06-04 10:00:10.937 [main] DEBUG d.m.v.c.r.CircuitBreakerFactory - Configuring circuit breaker options for: test-breaker
2025-06-04 10:00:10.937 [main] DEBUG d.m.v.c.r.CircuitBreakerFactory - Circuit breaker options configured
2025-06-04 10:00:10.937 [main] DEBUG d.m.v.c.r.CircuitBreakerFactory - Creating circuit breaker instance: test-breaker
2025-06-04 10:00:10.937 [main] INFO  d.m.v.c.r.CircuitBreakerFactory - Circuit breaker test-breaker created successfully
2025-06-04 10:00:10.970 [main] INFO  d.m.v.c.r.CircuitBreakerFactory - Creating circuit breaker: custom-breaker (maxFailures=3, timeout=5000ms, resetTimeout=15000ms)
2025-06-04 10:00:10.971 [main] DEBUG d.m.v.c.r.CircuitBreakerFactory - Configuring circuit breaker options for: custom-breaker
2025-06-04 10:00:10.971 [main] DEBUG d.m.v.c.r.CircuitBreakerFactory - Circuit breaker options configured
2025-06-04 10:00:10.971 [main] DEBUG d.m.v.c.r.CircuitBreakerFactory - Creating circuit breaker instance: custom-breaker
2025-06-04 10:00:10.971 [main] INFO  d.m.v.c.r.CircuitBreakerFactory - Circuit breaker custom-breaker created successfully
