2025-06-04 00:08:29.840 [main] INFO  d.m.v.c.eventbus.EventBusService - EventBusService initialized
2025-06-04 00:08:29.847 [main] INFO  d.m.v.c.eventbus.EventBusService - Registering consumer for address: test.address
2025-06-04 00:08:29.853 [main] DEBUG d.m.v.c.eventbus.EventBusService - Sending message to test.address: {"test":"value"}
2025-06-04 00:08:29.874 [vert.x-eventloop-thread-0] DEBUG d.m.v.c.eventbus.EventBusService - Received message on test.address: {"test":"value"}
2025-06-04 00:08:29.875 [vert.x-eventloop-thread-0] DEBUG d.m.v.c.eventbus.EventBusService - Sending reply to test.address: {"test":"value","received":true}
2025-06-04 00:08:29.875 [vert.x-eventloop-thread-0] DEBUG d.m.v.c.eventbus.EventBusService - Received reply from test.address: {"test":"value","received":true}
2025-06-04 00:08:29.878 [vert.x-eventloop-thread-0] INFO  d.m.v.c.eventbus.EventBusService - Unregistering consumer for address: test.address
2025-06-04 00:08:29.933 [main] INFO  d.m.v.c.eventbus.EventBusService - EventBusService initialized
2025-06-04 00:08:29.934 [main] DEBUG d.m.v.c.eventbus.EventBusService - Publishing message to test.address: {"test":"value"}
2025-06-04 00:08:29.969 [main] INFO  d.m.v.c.eventbus.EventBusService - EventBusService initialized
2025-06-04 00:08:29.969 [main] INFO  d.m.v.c.eventbus.EventBusService - Registering consumer for address: test.address
2025-06-04 00:08:29.970 [main] DEBUG d.m.v.c.eventbus.EventBusService - Sending message to test.address: {"test":"value"}
2025-06-04 00:08:29.970 [vert.x-eventloop-thread-0] DEBUG d.m.v.c.eventbus.EventBusService - Received message on test.address: {"test":"value"}
2025-06-04 00:08:29.971 [vert.x-eventloop-thread-0] ERROR d.m.v.c.eventbus.EventBusService - Error processing message on test.address: Deliberate failure for testing
2025-06-04 00:08:29.971 [vert.x-eventloop-thread-0] ERROR d.m.v.c.eventbus.EventBusService - Error sending message to test.address: Deliberate failure for testing
2025-06-04 00:08:29.971 [vert.x-eventloop-thread-0] INFO  d.m.v.c.eventbus.EventBusService - Unregistering consumer for address: test.address
2025-06-04 00:08:30.004 [main] INFO  d.m.v.c.eventbus.EventBusService - EventBusService initialized
2025-06-04 00:08:30.036 [main] INFO  d.m.v.c.eventbus.EventBusService - EventBusService initialized
2025-06-04 00:08:30.037 [main] DEBUG d.m.v.c.eventbus.EventBusService - Sending message to test.address.nonexistent: {"test":"value"}
2025-06-04 00:08:30.037 [vert.x-eventloop-thread-0] ERROR d.m.v.c.eventbus.EventBusService - Error sending message to test.address.nonexistent: No handlers for address test.address.nonexistent
2025-06-04 00:08:30.069 [main] INFO  d.m.v.c.eventbus.EventBusService - EventBusService initialized
2025-06-04 00:08:30.076 [main] DEBUG d.m.v.c.eventbus.EventBusService - Added headers to delivery options: {"header1":"value1","header2":"value2"}
2025-06-04 00:25:41.544 [main] INFO  d.m.v.c.eventbus.EventBusService - EventBusService initialized
2025-06-04 00:25:41.546 [main] INFO  d.m.v.c.eventbus.EventBusService - Registering consumer for address: test.address
2025-06-04 00:25:41.551 [main] DEBUG d.m.v.c.eventbus.EventBusService - Sending message to test.address: {"test":"value"}
2025-06-04 00:25:41.571 [vert.x-eventloop-thread-0] DEBUG d.m.v.c.eventbus.EventBusService - Received message on test.address: {"test":"value"}
2025-06-04 00:25:41.572 [vert.x-eventloop-thread-0] DEBUG d.m.v.c.eventbus.EventBusService - Sending reply to test.address: {"test":"value","received":true}
2025-06-04 00:25:41.573 [vert.x-eventloop-thread-0] DEBUG d.m.v.c.eventbus.EventBusService - Received reply from test.address: {"test":"value","received":true}
2025-06-04 00:25:41.575 [vert.x-eventloop-thread-0] INFO  d.m.v.c.eventbus.EventBusService - Unregistering consumer for address: test.address
2025-06-04 00:25:41.630 [main] INFO  d.m.v.c.eventbus.EventBusService - EventBusService initialized
2025-06-04 00:25:41.631 [main] DEBUG d.m.v.c.eventbus.EventBusService - Publishing message to test.address: {"test":"value"}
2025-06-04 00:25:41.666 [main] INFO  d.m.v.c.eventbus.EventBusService - EventBusService initialized
2025-06-04 00:25:41.667 [main] INFO  d.m.v.c.eventbus.EventBusService - Registering consumer for address: test.address
2025-06-04 00:25:41.668 [main] DEBUG d.m.v.c.eventbus.EventBusService - Sending message to test.address: {"test":"value"}
2025-06-04 00:25:41.668 [vert.x-eventloop-thread-0] DEBUG d.m.v.c.eventbus.EventBusService - Received message on test.address: {"test":"value"}
2025-06-04 00:25:41.668 [vert.x-eventloop-thread-0] ERROR d.m.v.c.eventbus.EventBusService - Error processing message on test.address: Deliberate failure for testing
2025-06-04 00:25:41.669 [vert.x-eventloop-thread-0] ERROR d.m.v.c.eventbus.EventBusService - Error sending message to test.address: Deliberate failure for testing
2025-06-04 00:25:41.669 [vert.x-eventloop-thread-0] INFO  d.m.v.c.eventbus.EventBusService - Unregistering consumer for address: test.address
2025-06-04 00:25:41.700 [main] INFO  d.m.v.c.eventbus.EventBusService - EventBusService initialized
2025-06-04 00:25:41.737 [main] INFO  d.m.v.c.eventbus.EventBusService - EventBusService initialized
2025-06-04 00:25:41.738 [main] DEBUG d.m.v.c.eventbus.EventBusService - Sending message to test.address.nonexistent: {"test":"value"}
2025-06-04 00:25:41.738 [vert.x-eventloop-thread-0] ERROR d.m.v.c.eventbus.EventBusService - Error sending message to test.address.nonexistent: No handlers for address test.address.nonexistent
2025-06-04 00:25:41.769 [main] INFO  d.m.v.c.eventbus.EventBusService - EventBusService initialized
2025-06-04 00:25:41.776 [main] DEBUG d.m.v.c.eventbus.EventBusService - Added headers to delivery options: {"header1":"value1","header2":"value2"}
2025-06-04 10:00:06.592 [main] INFO  d.m.v.c.eventbus.EventBusService - EventBusService initialized
2025-06-04 10:00:06.595 [main] INFO  d.m.v.c.eventbus.EventBusService - Registering consumer for address: test.address
2025-06-04 10:00:06.600 [main] DEBUG d.m.v.c.eventbus.EventBusService - Sending message to test.address: {"test":"value"}
2025-06-04 10:00:06.620 [vert.x-eventloop-thread-0] DEBUG d.m.v.c.eventbus.EventBusService - Received message on test.address: {"test":"value"}
2025-06-04 10:00:06.621 [vert.x-eventloop-thread-0] DEBUG d.m.v.c.eventbus.EventBusService - Sending reply to test.address: {"test":"value","received":true}
2025-06-04 10:00:06.622 [vert.x-eventloop-thread-0] DEBUG d.m.v.c.eventbus.EventBusService - Received reply from test.address: {"test":"value","received":true}
2025-06-04 10:00:06.624 [vert.x-eventloop-thread-0] INFO  d.m.v.c.eventbus.EventBusService - Unregistering consumer for address: test.address
2025-06-04 10:00:06.680 [main] INFO  d.m.v.c.eventbus.EventBusService - EventBusService initialized
2025-06-04 10:00:06.681 [main] DEBUG d.m.v.c.eventbus.EventBusService - Publishing message to test.address: {"test":"value"}
2025-06-04 10:00:06.717 [main] INFO  d.m.v.c.eventbus.EventBusService - EventBusService initialized
2025-06-04 10:00:06.718 [main] INFO  d.m.v.c.eventbus.EventBusService - Registering consumer for address: test.address
2025-06-04 10:00:06.718 [main] DEBUG d.m.v.c.eventbus.EventBusService - Sending message to test.address: {"test":"value"}
2025-06-04 10:00:06.718 [vert.x-eventloop-thread-0] DEBUG d.m.v.c.eventbus.EventBusService - Received message on test.address: {"test":"value"}
2025-06-04 10:00:06.719 [vert.x-eventloop-thread-0] ERROR d.m.v.c.eventbus.EventBusService - Error processing message on test.address: Deliberate failure for testing
2025-06-04 10:00:06.719 [vert.x-eventloop-thread-0] ERROR d.m.v.c.eventbus.EventBusService - Error sending message to test.address: Deliberate failure for testing
2025-06-04 10:00:06.720 [vert.x-eventloop-thread-0] INFO  d.m.v.c.eventbus.EventBusService - Unregistering consumer for address: test.address
2025-06-04 10:00:06.751 [main] INFO  d.m.v.c.eventbus.EventBusService - EventBusService initialized
2025-06-04 10:00:06.782 [main] INFO  d.m.v.c.eventbus.EventBusService - EventBusService initialized
2025-06-04 10:00:06.783 [main] DEBUG d.m.v.c.eventbus.EventBusService - Sending message to test.address.nonexistent: {"test":"value"}
2025-06-04 10:00:06.783 [vert.x-eventloop-thread-0] ERROR d.m.v.c.eventbus.EventBusService - Error sending message to test.address.nonexistent: No handlers for address test.address.nonexistent
2025-06-04 10:00:06.820 [main] INFO  d.m.v.c.eventbus.EventBusService - EventBusService initialized
2025-06-04 10:00:06.827 [main] DEBUG d.m.v.c.eventbus.EventBusService - Added headers to delivery options: {"header1":"value1","header2":"value2"}
