2025-06-03 11:18:38.720 [main] INFO  d.m.v.common.metrics.MetricsManager - Creating new Vertx instance with metrics enabled (JVM metrics: true)
2025-06-03 11:18:38.724 [main] INFO  d.m.v.common.metrics.MetricsManager - Configuring Vert.x metrics with Micrometer and Prometheus
2025-06-03 11:18:38.724 [main] DEBUG d.m.v.common.metrics.MetricsManager - Initial VertxOptions: VertxOptions{eventLoopPoolSize=44, workerPoolSize=20, internalBlockingPoolSize=20, blockedThreadCheckIntervalUnit=MILLISECONDS, blockedThreadCheckInterval=1000, maxEventLoopExecuteTimeUnit=NANOSECONDS, maxEventLoopExecuteTime=2000000000, maxWorkerExecuteTimeUnit=NANOSECONDS, maxWorkerExecuteTime=60000000000, clusterManager=null, haEnabled=false, preferNativeTransport=false, quorumSize=1, haGroup='__DEFAULT__', metrics=MetricsOptions{enabled=false, json=null}, tracing=null, fileSystemOptions=FileSystemOptions{classPathResolvingEnabled=true, fileCachingEnabled=true, fileCacheDir=C:\Users\mraysmit\AppData\Local\Temp\\vertx-cache}, addressResolver={"cacheMaxTimeToLive":2147483647,"cacheMinTimeToLive":0,"cacheNegativeTimeToLive":0,"maxQueries":4,"ndots":1,"optResourceEnabled":false,"queryTimeout":5000,"rdFlag":true,"rotateServers":false,"roundRobinInetAddress":false}, eventbus={"acceptBacklog":-1,"activityLogDataFormat":"HEX_DUMP","clientAuth":"NONE","clusterPingInterval":20000,"clusterPingReplyInterval":20000,"connectTimeout":60000,"crlPaths":[],"crlValues":[],"enabledCipherSuites":[],"enabledSecureTransportProtocols":["TLSv1.2","TLSv1.3"],"idleTimeout":0,"idleTimeoutUnit":"SECONDS","logActivity":false,"port":0,"readIdleTimeout":0,"receiveBufferSize":-1,"reconnectAttempts":0,"reconnectInterval":1000,"reuseAddress":true,"reusePort":false,"sendBufferSize":-1,"soLinger":-1,"ssl":false,"sslHandshakeTimeout":10,"sslHandshakeTimeoutUnit":"SECONDS","tcpCork":false,"tcpFastOpen":false,"tcpKeepAlive":false,"tcpNoDelay":true,"tcpQuickAck":false,"tcpUserTimeout":0,"trafficClass":-1,"trustAll":true,"useAlpn":false,"writeIdleTimeout":0}, warningExceptionTimeUnit=NANOSECONDS, warningExceptionTime=5000000000, disableTCCL=false, useDaemonThread=false}
2025-06-03 11:18:38.756 [main] DEBUG d.m.v.common.metrics.MetricsManager - Creating new Prometheus registry
2025-06-03 11:18:38.769 [main] INFO  d.m.v.common.metrics.MetricsManager - Enabling JVM metrics
2025-06-03 11:18:38.777 [main] DEBUG d.m.v.common.metrics.MetricsManager - ClassLoader metrics enabled
2025-06-03 11:18:38.786 [main] DEBUG d.m.v.common.metrics.MetricsManager - JVM Memory metrics enabled
2025-06-03 11:18:38.800 [main] DEBUG d.m.v.common.metrics.MetricsManager - JVM GC metrics enabled
2025-06-03 11:18:38.806 [main] DEBUG d.m.v.common.metrics.MetricsManager - JVM Thread metrics enabled
2025-06-03 11:18:38.808 [main] DEBUG d.m.v.common.metrics.MetricsManager - Processor metrics enabled
2025-06-03 11:18:38.808 [main] INFO  d.m.v.common.metrics.MetricsManager - All JVM metrics enabled successfully
2025-06-03 11:18:38.811 [main] DEBUG d.m.v.common.metrics.MetricsManager - Prometheus options configured: embedded server on port 9090, quantiles enabled
2025-06-03 11:18:38.812 [main] DEBUG d.m.v.common.metrics.MetricsManager - Micrometer metrics options configured
2025-06-03 11:18:38.812 [main] INFO  d.m.v.common.metrics.MetricsManager - Vert.x metrics configuration completed successfully
2025-06-03 11:18:38.966 [main] DEBUG d.m.v.common.metrics.MetricsManager - Vertx instance created with metrics enabled
2025-06-03 11:18:39.065 [main] INFO  d.m.v.common.metrics.MetricsManager - Configuring Vert.x metrics with Micrometer and Prometheus
2025-06-03 11:18:39.066 [main] DEBUG d.m.v.common.metrics.MetricsManager - Initial VertxOptions: VertxOptions{eventLoopPoolSize=44, workerPoolSize=20, internalBlockingPoolSize=20, blockedThreadCheckIntervalUnit=MILLISECONDS, blockedThreadCheckInterval=1000, maxEventLoopExecuteTimeUnit=NANOSECONDS, maxEventLoopExecuteTime=2000000000, maxWorkerExecuteTimeUnit=NANOSECONDS, maxWorkerExecuteTime=60000000000, clusterManager=null, haEnabled=false, preferNativeTransport=false, quorumSize=1, haGroup='__DEFAULT__', metrics=MetricsOptions{enabled=false, json=null}, tracing=null, fileSystemOptions=FileSystemOptions{classPathResolvingEnabled=true, fileCachingEnabled=true, fileCacheDir=C:\Users\mraysmit\AppData\Local\Temp\\vertx-cache}, addressResolver={"cacheMaxTimeToLive":2147483647,"cacheMinTimeToLive":0,"cacheNegativeTimeToLive":0,"maxQueries":4,"ndots":1,"optResourceEnabled":false,"queryTimeout":5000,"rdFlag":true,"rotateServers":false,"roundRobinInetAddress":false}, eventbus={"acceptBacklog":-1,"activityLogDataFormat":"HEX_DUMP","clientAuth":"NONE","clusterPingInterval":20000,"clusterPingReplyInterval":20000,"connectTimeout":60000,"crlPaths":[],"crlValues":[],"enabledCipherSuites":[],"enabledSecureTransportProtocols":["TLSv1.2","TLSv1.3"],"idleTimeout":0,"idleTimeoutUnit":"SECONDS","logActivity":false,"port":0,"readIdleTimeout":0,"receiveBufferSize":-1,"reconnectAttempts":0,"reconnectInterval":1000,"reuseAddress":true,"reusePort":false,"sendBufferSize":-1,"soLinger":-1,"ssl":false,"sslHandshakeTimeout":10,"sslHandshakeTimeoutUnit":"SECONDS","tcpCork":false,"tcpFastOpen":false,"tcpKeepAlive":false,"tcpNoDelay":true,"tcpQuickAck":false,"tcpUserTimeout":0,"trafficClass":-1,"trustAll":true,"useAlpn":false,"writeIdleTimeout":0}, warningExceptionTimeUnit=NANOSECONDS, warningExceptionTime=5000000000, disableTCCL=false, useDaemonThread=false}
2025-06-03 11:18:39.066 [main] DEBUG d.m.v.common.metrics.MetricsManager - Using existing Prometheus registry
2025-06-03 11:18:39.066 [main] DEBUG d.m.v.common.metrics.MetricsManager - Prometheus options configured: embedded server on port 9090, quantiles enabled
2025-06-03 11:18:39.066 [main] DEBUG d.m.v.common.metrics.MetricsManager - Micrometer metrics options configured
2025-06-03 11:18:39.066 [main] INFO  d.m.v.common.metrics.MetricsManager - Vert.x metrics configuration completed successfully
2025-06-03 22:31:17.069 [main] INFO  d.m.v.common.metrics.MetricsManager - Creating new Vertx instance with metrics enabled using default values (JVM metrics: true)
2025-06-03 22:31:17.071 [main] INFO  d.m.v.common.metrics.MetricsManager - Configuring Vert.x metrics with Micrometer and Prometheus using default values
2025-06-03 22:31:17.071 [main] DEBUG d.m.v.common.metrics.MetricsManager - Initial VertxOptions: VertxOptions{eventLoopPoolSize=44, workerPoolSize=20, internalBlockingPoolSize=20, blockedThreadCheckIntervalUnit=MILLISECONDS, blockedThreadCheckInterval=1000, maxEventLoopExecuteTimeUnit=NANOSECONDS, maxEventLoopExecuteTime=2000000000, maxWorkerExecuteTimeUnit=NANOSECONDS, maxWorkerExecuteTime=60000000000, clusterManager=null, haEnabled=false, preferNativeTransport=false, quorumSize=1, haGroup='__DEFAULT__', metrics=MetricsOptions{enabled=false, json=null}, tracing=null, fileSystemOptions=FileSystemOptions{classPathResolvingEnabled=true, fileCachingEnabled=true, fileCacheDir=C:\Users\mraysmit\AppData\Local\Temp\\vertx-cache}, addressResolver={"cacheMaxTimeToLive":2147483647,"cacheMinTimeToLive":0,"cacheNegativeTimeToLive":0,"maxQueries":4,"ndots":1,"optResourceEnabled":false,"queryTimeout":5000,"rdFlag":true,"rotateServers":false,"roundRobinInetAddress":false}, eventbus={"acceptBacklog":-1,"activityLogDataFormat":"HEX_DUMP","clientAuth":"NONE","clusterPingInterval":20000,"clusterPingReplyInterval":20000,"connectTimeout":60000,"crlPaths":[],"crlValues":[],"enabledCipherSuites":[],"enabledSecureTransportProtocols":["TLSv1.2","TLSv1.3"],"idleTimeout":0,"idleTimeoutUnit":"SECONDS","logActivity":false,"port":0,"readIdleTimeout":0,"receiveBufferSize":-1,"reconnectAttempts":0,"reconnectInterval":1000,"reuseAddress":true,"reusePort":false,"sendBufferSize":-1,"soLinger":-1,"ssl":false,"sslHandshakeTimeout":10,"sslHandshakeTimeoutUnit":"SECONDS","tcpCork":false,"tcpFastOpen":false,"tcpKeepAlive":false,"tcpNoDelay":true,"tcpQuickAck":false,"tcpUserTimeout":0,"trafficClass":-1,"trustAll":true,"useAlpn":false,"writeIdleTimeout":0}, warningExceptionTimeUnit=NANOSECONDS, warningExceptionTime=5000000000, disableTCCL=false, useDaemonThread=false}
2025-06-03 22:31:17.091 [main] DEBUG d.m.v.common.metrics.MetricsManager - Creating new Prometheus registry
2025-06-03 22:31:17.104 [main] INFO  d.m.v.common.metrics.MetricsManager - Enabling JVM metrics
2025-06-03 22:31:17.112 [main] DEBUG d.m.v.common.metrics.MetricsManager - ClassLoader metrics enabled
2025-06-03 22:31:17.118 [main] DEBUG d.m.v.common.metrics.MetricsManager - JVM Memory metrics enabled
2025-06-03 22:31:17.126 [main] DEBUG d.m.v.common.metrics.MetricsManager - JVM GC metrics enabled
2025-06-03 22:31:17.130 [main] DEBUG d.m.v.common.metrics.MetricsManager - JVM Thread metrics enabled
2025-06-03 22:31:17.132 [main] DEBUG d.m.v.common.metrics.MetricsManager - Processor metrics enabled
2025-06-03 22:31:17.132 [main] INFO  d.m.v.common.metrics.MetricsManager - All JVM metrics enabled successfully
2025-06-03 22:31:17.134 [main] DEBUG d.m.v.common.metrics.MetricsManager - Prometheus options configured: embedded server on port 9090, quantiles enabled
2025-06-03 22:31:17.135 [main] DEBUG d.m.v.common.metrics.MetricsManager - Micrometer metrics options configured
2025-06-03 22:31:17.135 [main] INFO  d.m.v.common.metrics.MetricsManager - Vert.x metrics configuration completed successfully
2025-06-03 22:31:17.270 [main] DEBUG d.m.v.common.metrics.MetricsManager - Vertx instance created with metrics enabled using default values
2025-06-03 22:31:17.358 [main] INFO  d.m.v.common.metrics.MetricsManager - Configuring Vert.x metrics with Micrometer and Prometheus using default values
2025-06-03 22:31:17.358 [main] DEBUG d.m.v.common.metrics.MetricsManager - Initial VertxOptions: VertxOptions{eventLoopPoolSize=44, workerPoolSize=20, internalBlockingPoolSize=20, blockedThreadCheckIntervalUnit=MILLISECONDS, blockedThreadCheckInterval=1000, maxEventLoopExecuteTimeUnit=NANOSECONDS, maxEventLoopExecuteTime=2000000000, maxWorkerExecuteTimeUnit=NANOSECONDS, maxWorkerExecuteTime=60000000000, clusterManager=null, haEnabled=false, preferNativeTransport=false, quorumSize=1, haGroup='__DEFAULT__', metrics=MetricsOptions{enabled=false, json=null}, tracing=null, fileSystemOptions=FileSystemOptions{classPathResolvingEnabled=true, fileCachingEnabled=true, fileCacheDir=C:\Users\mraysmit\AppData\Local\Temp\\vertx-cache}, addressResolver={"cacheMaxTimeToLive":2147483647,"cacheMinTimeToLive":0,"cacheNegativeTimeToLive":0,"maxQueries":4,"ndots":1,"optResourceEnabled":false,"queryTimeout":5000,"rdFlag":true,"rotateServers":false,"roundRobinInetAddress":false}, eventbus={"acceptBacklog":-1,"activityLogDataFormat":"HEX_DUMP","clientAuth":"NONE","clusterPingInterval":20000,"clusterPingReplyInterval":20000,"connectTimeout":60000,"crlPaths":[],"crlValues":[],"enabledCipherSuites":[],"enabledSecureTransportProtocols":["TLSv1.2","TLSv1.3"],"idleTimeout":0,"idleTimeoutUnit":"SECONDS","logActivity":false,"port":0,"readIdleTimeout":0,"receiveBufferSize":-1,"reconnectAttempts":0,"reconnectInterval":1000,"reuseAddress":true,"reusePort":false,"sendBufferSize":-1,"soLinger":-1,"ssl":false,"sslHandshakeTimeout":10,"sslHandshakeTimeoutUnit":"SECONDS","tcpCork":false,"tcpFastOpen":false,"tcpKeepAlive":false,"tcpNoDelay":true,"tcpQuickAck":false,"tcpUserTimeout":0,"trafficClass":-1,"trustAll":true,"useAlpn":false,"writeIdleTimeout":0}, warningExceptionTimeUnit=NANOSECONDS, warningExceptionTime=5000000000, disableTCCL=false, useDaemonThread=false}
2025-06-03 22:31:17.358 [main] DEBUG d.m.v.common.metrics.MetricsManager - Using existing Prometheus registry
2025-06-03 22:31:17.358 [main] DEBUG d.m.v.common.metrics.MetricsManager - Prometheus options configured: embedded server on port 9090, quantiles enabled
2025-06-03 22:31:17.358 [main] DEBUG d.m.v.common.metrics.MetricsManager - Micrometer metrics options configured
2025-06-03 22:31:17.358 [main] INFO  d.m.v.common.metrics.MetricsManager - Vert.x metrics configuration completed successfully
2025-06-03 22:57:20.982 [main] INFO  d.m.v.common.metrics.MetricsManager - Creating new Vertx instance with metrics enabled using default values (JVM metrics: true)
2025-06-03 22:57:20.984 [main] INFO  d.m.v.common.metrics.MetricsManager - Configuring Vert.x metrics with Micrometer and Prometheus using default values
2025-06-03 22:57:20.984 [main] DEBUG d.m.v.common.metrics.MetricsManager - Initial VertxOptions: VertxOptions{eventLoopPoolSize=44, workerPoolSize=20, internalBlockingPoolSize=20, blockedThreadCheckIntervalUnit=MILLISECONDS, blockedThreadCheckInterval=1000, maxEventLoopExecuteTimeUnit=NANOSECONDS, maxEventLoopExecuteTime=2000000000, maxWorkerExecuteTimeUnit=NANOSECONDS, maxWorkerExecuteTime=60000000000, clusterManager=null, haEnabled=false, preferNativeTransport=false, quorumSize=1, haGroup='__DEFAULT__', metrics=MetricsOptions{enabled=false, json=null}, tracing=null, fileSystemOptions=FileSystemOptions{classPathResolvingEnabled=true, fileCachingEnabled=true, fileCacheDir=C:\Users\mraysmit\AppData\Local\Temp\\vertx-cache}, addressResolver={"cacheMaxTimeToLive":2147483647,"cacheMinTimeToLive":0,"cacheNegativeTimeToLive":0,"maxQueries":4,"ndots":1,"optResourceEnabled":false,"queryTimeout":5000,"rdFlag":true,"rotateServers":false,"roundRobinInetAddress":false}, eventbus={"acceptBacklog":-1,"activityLogDataFormat":"HEX_DUMP","clientAuth":"NONE","clusterPingInterval":20000,"clusterPingReplyInterval":20000,"connectTimeout":60000,"crlPaths":[],"crlValues":[],"enabledCipherSuites":[],"enabledSecureTransportProtocols":["TLSv1.2","TLSv1.3"],"idleTimeout":0,"idleTimeoutUnit":"SECONDS","logActivity":false,"port":0,"readIdleTimeout":0,"receiveBufferSize":-1,"reconnectAttempts":0,"reconnectInterval":1000,"reuseAddress":true,"reusePort":false,"sendBufferSize":-1,"soLinger":-1,"ssl":false,"sslHandshakeTimeout":10,"sslHandshakeTimeoutUnit":"SECONDS","tcpCork":false,"tcpFastOpen":false,"tcpKeepAlive":false,"tcpNoDelay":true,"tcpQuickAck":false,"tcpUserTimeout":0,"trafficClass":-1,"trustAll":true,"useAlpn":false,"writeIdleTimeout":0}, warningExceptionTimeUnit=NANOSECONDS, warningExceptionTime=5000000000, disableTCCL=false, useDaemonThread=false}
2025-06-03 22:57:21.004 [main] DEBUG d.m.v.common.metrics.MetricsManager - Creating new Prometheus registry
2025-06-03 22:57:21.019 [main] INFO  d.m.v.common.metrics.MetricsManager - Enabling JVM metrics
2025-06-03 22:57:21.027 [main] DEBUG d.m.v.common.metrics.MetricsManager - ClassLoader metrics enabled
2025-06-03 22:57:21.036 [main] DEBUG d.m.v.common.metrics.MetricsManager - JVM Memory metrics enabled
2025-06-03 22:57:21.042 [main] DEBUG d.m.v.common.metrics.MetricsManager - JVM GC metrics enabled
2025-06-03 22:57:21.046 [main] DEBUG d.m.v.common.metrics.MetricsManager - JVM Thread metrics enabled
2025-06-03 22:57:21.048 [main] DEBUG d.m.v.common.metrics.MetricsManager - Processor metrics enabled
2025-06-03 22:57:21.048 [main] INFO  d.m.v.common.metrics.MetricsManager - All JVM metrics enabled successfully
2025-06-03 22:57:21.050 [main] DEBUG d.m.v.common.metrics.MetricsManager - Prometheus options configured: embedded server on port 9090, quantiles enabled
2025-06-03 22:57:21.051 [main] DEBUG d.m.v.common.metrics.MetricsManager - Micrometer metrics options configured
2025-06-03 22:57:21.051 [main] INFO  d.m.v.common.metrics.MetricsManager - Vert.x metrics configuration completed successfully
2025-06-03 22:57:21.191 [main] DEBUG d.m.v.common.metrics.MetricsManager - Vertx instance created with metrics enabled using default values
2025-06-03 22:57:21.280 [main] INFO  d.m.v.common.metrics.MetricsManager - Configuring Vert.x metrics with Micrometer and Prometheus using default values
2025-06-03 22:57:21.281 [main] DEBUG d.m.v.common.metrics.MetricsManager - Initial VertxOptions: VertxOptions{eventLoopPoolSize=44, workerPoolSize=20, internalBlockingPoolSize=20, blockedThreadCheckIntervalUnit=MILLISECONDS, blockedThreadCheckInterval=1000, maxEventLoopExecuteTimeUnit=NANOSECONDS, maxEventLoopExecuteTime=2000000000, maxWorkerExecuteTimeUnit=NANOSECONDS, maxWorkerExecuteTime=60000000000, clusterManager=null, haEnabled=false, preferNativeTransport=false, quorumSize=1, haGroup='__DEFAULT__', metrics=MetricsOptions{enabled=false, json=null}, tracing=null, fileSystemOptions=FileSystemOptions{classPathResolvingEnabled=true, fileCachingEnabled=true, fileCacheDir=C:\Users\mraysmit\AppData\Local\Temp\\vertx-cache}, addressResolver={"cacheMaxTimeToLive":2147483647,"cacheMinTimeToLive":0,"cacheNegativeTimeToLive":0,"maxQueries":4,"ndots":1,"optResourceEnabled":false,"queryTimeout":5000,"rdFlag":true,"rotateServers":false,"roundRobinInetAddress":false}, eventbus={"acceptBacklog":-1,"activityLogDataFormat":"HEX_DUMP","clientAuth":"NONE","clusterPingInterval":20000,"clusterPingReplyInterval":20000,"connectTimeout":60000,"crlPaths":[],"crlValues":[],"enabledCipherSuites":[],"enabledSecureTransportProtocols":["TLSv1.2","TLSv1.3"],"idleTimeout":0,"idleTimeoutUnit":"SECONDS","logActivity":false,"port":0,"readIdleTimeout":0,"receiveBufferSize":-1,"reconnectAttempts":0,"reconnectInterval":1000,"reuseAddress":true,"reusePort":false,"sendBufferSize":-1,"soLinger":-1,"ssl":false,"sslHandshakeTimeout":10,"sslHandshakeTimeoutUnit":"SECONDS","tcpCork":false,"tcpFastOpen":false,"tcpKeepAlive":false,"tcpNoDelay":true,"tcpQuickAck":false,"tcpUserTimeout":0,"trafficClass":-1,"trustAll":true,"useAlpn":false,"writeIdleTimeout":0}, warningExceptionTimeUnit=NANOSECONDS, warningExceptionTime=5000000000, disableTCCL=false, useDaemonThread=false}
2025-06-03 22:57:21.281 [main] DEBUG d.m.v.common.metrics.MetricsManager - Using existing Prometheus registry
2025-06-03 22:57:21.281 [main] DEBUG d.m.v.common.metrics.MetricsManager - Prometheus options configured: embedded server on port 9090, quantiles enabled
2025-06-03 22:57:21.281 [main] DEBUG d.m.v.common.metrics.MetricsManager - Micrometer metrics options configured
2025-06-03 22:57:21.281 [main] INFO  d.m.v.common.metrics.MetricsManager - Vert.x metrics configuration completed successfully
2025-06-03 23:14:57.743 [main] INFO  d.m.v.common.metrics.MetricsManager - Creating new Vertx instance with metrics enabled using default values (JVM metrics: true)
2025-06-03 23:14:57.745 [main] INFO  d.m.v.common.metrics.MetricsManager - Configuring Vert.x metrics with Micrometer and Prometheus using default values
2025-06-03 23:14:57.745 [main] DEBUG d.m.v.common.metrics.MetricsManager - Initial VertxOptions: VertxOptions{eventLoopPoolSize=44, workerPoolSize=20, internalBlockingPoolSize=20, blockedThreadCheckIntervalUnit=MILLISECONDS, blockedThreadCheckInterval=1000, maxEventLoopExecuteTimeUnit=NANOSECONDS, maxEventLoopExecuteTime=2000000000, maxWorkerExecuteTimeUnit=NANOSECONDS, maxWorkerExecuteTime=60000000000, clusterManager=null, haEnabled=false, preferNativeTransport=false, quorumSize=1, haGroup='__DEFAULT__', metrics=MetricsOptions{enabled=false, json=null}, tracing=null, fileSystemOptions=FileSystemOptions{classPathResolvingEnabled=true, fileCachingEnabled=true, fileCacheDir=C:\Users\mraysmit\AppData\Local\Temp\\vertx-cache}, addressResolver={"cacheMaxTimeToLive":2147483647,"cacheMinTimeToLive":0,"cacheNegativeTimeToLive":0,"maxQueries":4,"ndots":1,"optResourceEnabled":false,"queryTimeout":5000,"rdFlag":true,"rotateServers":false,"roundRobinInetAddress":false}, eventbus={"acceptBacklog":-1,"activityLogDataFormat":"HEX_DUMP","clientAuth":"NONE","clusterPingInterval":20000,"clusterPingReplyInterval":20000,"connectTimeout":60000,"crlPaths":[],"crlValues":[],"enabledCipherSuites":[],"enabledSecureTransportProtocols":["TLSv1.2","TLSv1.3"],"idleTimeout":0,"idleTimeoutUnit":"SECONDS","logActivity":false,"port":0,"readIdleTimeout":0,"receiveBufferSize":-1,"reconnectAttempts":0,"reconnectInterval":1000,"reuseAddress":true,"reusePort":false,"sendBufferSize":-1,"soLinger":-1,"ssl":false,"sslHandshakeTimeout":10,"sslHandshakeTimeoutUnit":"SECONDS","tcpCork":false,"tcpFastOpen":false,"tcpKeepAlive":false,"tcpNoDelay":true,"tcpQuickAck":false,"tcpUserTimeout":0,"trafficClass":-1,"trustAll":true,"useAlpn":false,"writeIdleTimeout":0}, warningExceptionTimeUnit=NANOSECONDS, warningExceptionTime=5000000000, disableTCCL=false, useDaemonThread=false}
2025-06-03 23:14:57.764 [main] DEBUG d.m.v.common.metrics.MetricsManager - Creating new Prometheus registry
2025-06-03 23:14:57.777 [main] INFO  d.m.v.common.metrics.MetricsManager - Enabling JVM metrics
2025-06-03 23:14:57.786 [main] DEBUG d.m.v.common.metrics.MetricsManager - ClassLoader metrics enabled
2025-06-03 23:14:57.792 [main] DEBUG d.m.v.common.metrics.MetricsManager - JVM Memory metrics enabled
2025-06-03 23:14:57.800 [main] DEBUG d.m.v.common.metrics.MetricsManager - JVM GC metrics enabled
2025-06-03 23:14:57.804 [main] DEBUG d.m.v.common.metrics.MetricsManager - JVM Thread metrics enabled
2025-06-03 23:14:57.806 [main] DEBUG d.m.v.common.metrics.MetricsManager - Processor metrics enabled
2025-06-03 23:14:57.806 [main] INFO  d.m.v.common.metrics.MetricsManager - All JVM metrics enabled successfully
2025-06-03 23:14:57.808 [main] DEBUG d.m.v.common.metrics.MetricsManager - Prometheus options configured: embedded server on port 9090, quantiles enabled
2025-06-03 23:14:57.808 [main] DEBUG d.m.v.common.metrics.MetricsManager - Micrometer metrics options configured
2025-06-03 23:14:57.808 [main] INFO  d.m.v.common.metrics.MetricsManager - Vert.x metrics configuration completed successfully
2025-06-03 23:14:57.944 [main] DEBUG d.m.v.common.metrics.MetricsManager - Vertx instance created with metrics enabled using default values
2025-06-03 23:14:58.036 [main] INFO  d.m.v.common.metrics.MetricsManager - Configuring Vert.x metrics with Micrometer and Prometheus using default values
2025-06-03 23:14:58.036 [main] DEBUG d.m.v.common.metrics.MetricsManager - Initial VertxOptions: VertxOptions{eventLoopPoolSize=44, workerPoolSize=20, internalBlockingPoolSize=20, blockedThreadCheckIntervalUnit=MILLISECONDS, blockedThreadCheckInterval=1000, maxEventLoopExecuteTimeUnit=NANOSECONDS, maxEventLoopExecuteTime=2000000000, maxWorkerExecuteTimeUnit=NANOSECONDS, maxWorkerExecuteTime=60000000000, clusterManager=null, haEnabled=false, preferNativeTransport=false, quorumSize=1, haGroup='__DEFAULT__', metrics=MetricsOptions{enabled=false, json=null}, tracing=null, fileSystemOptions=FileSystemOptions{classPathResolvingEnabled=true, fileCachingEnabled=true, fileCacheDir=C:\Users\mraysmit\AppData\Local\Temp\\vertx-cache}, addressResolver={"cacheMaxTimeToLive":2147483647,"cacheMinTimeToLive":0,"cacheNegativeTimeToLive":0,"maxQueries":4,"ndots":1,"optResourceEnabled":false,"queryTimeout":5000,"rdFlag":true,"rotateServers":false,"roundRobinInetAddress":false}, eventbus={"acceptBacklog":-1,"activityLogDataFormat":"HEX_DUMP","clientAuth":"NONE","clusterPingInterval":20000,"clusterPingReplyInterval":20000,"connectTimeout":60000,"crlPaths":[],"crlValues":[],"enabledCipherSuites":[],"enabledSecureTransportProtocols":["TLSv1.2","TLSv1.3"],"idleTimeout":0,"idleTimeoutUnit":"SECONDS","logActivity":false,"port":0,"readIdleTimeout":0,"receiveBufferSize":-1,"reconnectAttempts":0,"reconnectInterval":1000,"reuseAddress":true,"reusePort":false,"sendBufferSize":-1,"soLinger":-1,"ssl":false,"sslHandshakeTimeout":10,"sslHandshakeTimeoutUnit":"SECONDS","tcpCork":false,"tcpFastOpen":false,"tcpKeepAlive":false,"tcpNoDelay":true,"tcpQuickAck":false,"tcpUserTimeout":0,"trafficClass":-1,"trustAll":true,"useAlpn":false,"writeIdleTimeout":0}, warningExceptionTimeUnit=NANOSECONDS, warningExceptionTime=5000000000, disableTCCL=false, useDaemonThread=false}
2025-06-03 23:14:58.036 [main] DEBUG d.m.v.common.metrics.MetricsManager - Using existing Prometheus registry
2025-06-03 23:14:58.036 [main] DEBUG d.m.v.common.metrics.MetricsManager - Prometheus options configured: embedded server on port 9090, quantiles enabled
2025-06-03 23:14:58.036 [main] DEBUG d.m.v.common.metrics.MetricsManager - Micrometer metrics options configured
2025-06-03 23:14:58.037 [main] INFO  d.m.v.common.metrics.MetricsManager - Vert.x metrics configuration completed successfully
2025-06-03 23:23:02.910 [main] INFO  d.m.v.common.metrics.MetricsManager - Creating new Vertx instance with metrics enabled using default values (JVM metrics: true)
2025-06-03 23:23:02.911 [main] INFO  d.m.v.common.metrics.MetricsManager - Configuring Vert.x metrics with Micrometer and Prometheus using default values
2025-06-03 23:23:02.912 [main] DEBUG d.m.v.common.metrics.MetricsManager - Initial VertxOptions: VertxOptions{eventLoopPoolSize=44, workerPoolSize=20, internalBlockingPoolSize=20, blockedThreadCheckIntervalUnit=MILLISECONDS, blockedThreadCheckInterval=1000, maxEventLoopExecuteTimeUnit=NANOSECONDS, maxEventLoopExecuteTime=2000000000, maxWorkerExecuteTimeUnit=NANOSECONDS, maxWorkerExecuteTime=60000000000, clusterManager=null, haEnabled=false, preferNativeTransport=false, quorumSize=1, haGroup='__DEFAULT__', metrics=MetricsOptions{enabled=false, json=null}, tracing=null, fileSystemOptions=FileSystemOptions{classPathResolvingEnabled=true, fileCachingEnabled=true, fileCacheDir=C:\Users\mraysmit\AppData\Local\Temp\\vertx-cache}, addressResolver={"cacheMaxTimeToLive":2147483647,"cacheMinTimeToLive":0,"cacheNegativeTimeToLive":0,"maxQueries":4,"ndots":1,"optResourceEnabled":false,"queryTimeout":5000,"rdFlag":true,"rotateServers":false,"roundRobinInetAddress":false}, eventbus={"acceptBacklog":-1,"activityLogDataFormat":"HEX_DUMP","clientAuth":"NONE","clusterPingInterval":20000,"clusterPingReplyInterval":20000,"connectTimeout":60000,"crlPaths":[],"crlValues":[],"enabledCipherSuites":[],"enabledSecureTransportProtocols":["TLSv1.2","TLSv1.3"],"idleTimeout":0,"idleTimeoutUnit":"SECONDS","logActivity":false,"port":0,"readIdleTimeout":0,"receiveBufferSize":-1,"reconnectAttempts":0,"reconnectInterval":1000,"reuseAddress":true,"reusePort":false,"sendBufferSize":-1,"soLinger":-1,"ssl":false,"sslHandshakeTimeout":10,"sslHandshakeTimeoutUnit":"SECONDS","tcpCork":false,"tcpFastOpen":false,"tcpKeepAlive":false,"tcpNoDelay":true,"tcpQuickAck":false,"tcpUserTimeout":0,"trafficClass":-1,"trustAll":true,"useAlpn":false,"writeIdleTimeout":0}, warningExceptionTimeUnit=NANOSECONDS, warningExceptionTime=5000000000, disableTCCL=false, useDaemonThread=false}
2025-06-03 23:23:02.932 [main] DEBUG d.m.v.common.metrics.MetricsManager - Creating new Prometheus registry
2025-06-03 23:23:02.946 [main] INFO  d.m.v.common.metrics.MetricsManager - Enabling JVM metrics
2025-06-03 23:23:02.954 [main] DEBUG d.m.v.common.metrics.MetricsManager - ClassLoader metrics enabled
2025-06-03 23:23:02.962 [main] DEBUG d.m.v.common.metrics.MetricsManager - JVM Memory metrics enabled
2025-06-03 23:23:02.968 [main] DEBUG d.m.v.common.metrics.MetricsManager - JVM GC metrics enabled
2025-06-03 23:23:02.972 [main] DEBUG d.m.v.common.metrics.MetricsManager - JVM Thread metrics enabled
2025-06-03 23:23:02.973 [main] DEBUG d.m.v.common.metrics.MetricsManager - Processor metrics enabled
2025-06-03 23:23:02.974 [main] INFO  d.m.v.common.metrics.MetricsManager - All JVM metrics enabled successfully
2025-06-03 23:23:02.976 [main] DEBUG d.m.v.common.metrics.MetricsManager - Prometheus options configured: embedded server on port 9090, quantiles enabled
2025-06-03 23:23:02.976 [main] DEBUG d.m.v.common.metrics.MetricsManager - Micrometer metrics options configured
2025-06-03 23:23:02.976 [main] INFO  d.m.v.common.metrics.MetricsManager - Vert.x metrics configuration completed successfully
2025-06-03 23:23:03.117 [main] DEBUG d.m.v.common.metrics.MetricsManager - Vertx instance created with metrics enabled using default values
2025-06-03 23:23:03.210 [main] INFO  d.m.v.common.metrics.MetricsManager - Configuring Vert.x metrics with Micrometer and Prometheus using default values
2025-06-03 23:23:03.210 [main] DEBUG d.m.v.common.metrics.MetricsManager - Initial VertxOptions: VertxOptions{eventLoopPoolSize=44, workerPoolSize=20, internalBlockingPoolSize=20, blockedThreadCheckIntervalUnit=MILLISECONDS, blockedThreadCheckInterval=1000, maxEventLoopExecuteTimeUnit=NANOSECONDS, maxEventLoopExecuteTime=2000000000, maxWorkerExecuteTimeUnit=NANOSECONDS, maxWorkerExecuteTime=60000000000, clusterManager=null, haEnabled=false, preferNativeTransport=false, quorumSize=1, haGroup='__DEFAULT__', metrics=MetricsOptions{enabled=false, json=null}, tracing=null, fileSystemOptions=FileSystemOptions{classPathResolvingEnabled=true, fileCachingEnabled=true, fileCacheDir=C:\Users\mraysmit\AppData\Local\Temp\\vertx-cache}, addressResolver={"cacheMaxTimeToLive":2147483647,"cacheMinTimeToLive":0,"cacheNegativeTimeToLive":0,"maxQueries":4,"ndots":1,"optResourceEnabled":false,"queryTimeout":5000,"rdFlag":true,"rotateServers":false,"roundRobinInetAddress":false}, eventbus={"acceptBacklog":-1,"activityLogDataFormat":"HEX_DUMP","clientAuth":"NONE","clusterPingInterval":20000,"clusterPingReplyInterval":20000,"connectTimeout":60000,"crlPaths":[],"crlValues":[],"enabledCipherSuites":[],"enabledSecureTransportProtocols":["TLSv1.2","TLSv1.3"],"idleTimeout":0,"idleTimeoutUnit":"SECONDS","logActivity":false,"port":0,"readIdleTimeout":0,"receiveBufferSize":-1,"reconnectAttempts":0,"reconnectInterval":1000,"reuseAddress":true,"reusePort":false,"sendBufferSize":-1,"soLinger":-1,"ssl":false,"sslHandshakeTimeout":10,"sslHandshakeTimeoutUnit":"SECONDS","tcpCork":false,"tcpFastOpen":false,"tcpKeepAlive":false,"tcpNoDelay":true,"tcpQuickAck":false,"tcpUserTimeout":0,"trafficClass":-1,"trustAll":true,"useAlpn":false,"writeIdleTimeout":0}, warningExceptionTimeUnit=NANOSECONDS, warningExceptionTime=5000000000, disableTCCL=false, useDaemonThread=false}
2025-06-03 23:23:03.210 [main] DEBUG d.m.v.common.metrics.MetricsManager - Using existing Prometheus registry
2025-06-03 23:23:03.210 [main] DEBUG d.m.v.common.metrics.MetricsManager - Prometheus options configured: embedded server on port 9090, quantiles enabled
2025-06-03 23:23:03.210 [main] DEBUG d.m.v.common.metrics.MetricsManager - Micrometer metrics options configured
2025-06-03 23:23:03.210 [main] INFO  d.m.v.common.metrics.MetricsManager - Vert.x metrics configuration completed successfully
2025-06-03 23:32:59.682 [main] INFO  d.m.v.common.metrics.MetricsManager - Creating new Vertx instance with metrics enabled using default values (JVM metrics: true)
2025-06-03 23:32:59.683 [main] INFO  d.m.v.common.metrics.MetricsManager - Configuring Vert.x metrics with Micrometer and Prometheus using default values
2025-06-03 23:32:59.683 [main] DEBUG d.m.v.common.metrics.MetricsManager - Initial VertxOptions: VertxOptions{eventLoopPoolSize=44, workerPoolSize=20, internalBlockingPoolSize=20, blockedThreadCheckIntervalUnit=MILLISECONDS, blockedThreadCheckInterval=1000, maxEventLoopExecuteTimeUnit=NANOSECONDS, maxEventLoopExecuteTime=2000000000, maxWorkerExecuteTimeUnit=NANOSECONDS, maxWorkerExecuteTime=60000000000, clusterManager=null, haEnabled=false, preferNativeTransport=false, quorumSize=1, haGroup='__DEFAULT__', metrics=MetricsOptions{enabled=false, json=null}, tracing=null, fileSystemOptions=FileSystemOptions{classPathResolvingEnabled=true, fileCachingEnabled=true, fileCacheDir=C:\Users\mraysmit\AppData\Local\Temp\\vertx-cache}, addressResolver={"cacheMaxTimeToLive":2147483647,"cacheMinTimeToLive":0,"cacheNegativeTimeToLive":0,"maxQueries":4,"ndots":1,"optResourceEnabled":false,"queryTimeout":5000,"rdFlag":true,"rotateServers":false,"roundRobinInetAddress":false}, eventbus={"acceptBacklog":-1,"activityLogDataFormat":"HEX_DUMP","clientAuth":"NONE","clusterPingInterval":20000,"clusterPingReplyInterval":20000,"connectTimeout":60000,"crlPaths":[],"crlValues":[],"enabledCipherSuites":[],"enabledSecureTransportProtocols":["TLSv1.2","TLSv1.3"],"idleTimeout":0,"idleTimeoutUnit":"SECONDS","logActivity":false,"port":0,"readIdleTimeout":0,"receiveBufferSize":-1,"reconnectAttempts":0,"reconnectInterval":1000,"reuseAddress":true,"reusePort":false,"sendBufferSize":-1,"soLinger":-1,"ssl":false,"sslHandshakeTimeout":10,"sslHandshakeTimeoutUnit":"SECONDS","tcpCork":false,"tcpFastOpen":false,"tcpKeepAlive":false,"tcpNoDelay":true,"tcpQuickAck":false,"tcpUserTimeout":0,"trafficClass":-1,"trustAll":true,"useAlpn":false,"writeIdleTimeout":0}, warningExceptionTimeUnit=NANOSECONDS, warningExceptionTime=5000000000, disableTCCL=false, useDaemonThread=false}
2025-06-03 23:32:59.707 [main] DEBUG d.m.v.common.metrics.MetricsManager - Creating new Prometheus registry
2025-06-03 23:32:59.720 [main] INFO  d.m.v.common.metrics.MetricsManager - Enabling JVM metrics
2025-06-03 23:32:59.729 [main] DEBUG d.m.v.common.metrics.MetricsManager - ClassLoader metrics enabled
2025-06-03 23:32:59.736 [main] DEBUG d.m.v.common.metrics.MetricsManager - JVM Memory metrics enabled
2025-06-03 23:32:59.744 [main] DEBUG d.m.v.common.metrics.MetricsManager - JVM GC metrics enabled
2025-06-03 23:32:59.748 [main] DEBUG d.m.v.common.metrics.MetricsManager - JVM Thread metrics enabled
2025-06-03 23:32:59.750 [main] DEBUG d.m.v.common.metrics.MetricsManager - Processor metrics enabled
2025-06-03 23:32:59.750 [main] INFO  d.m.v.common.metrics.MetricsManager - All JVM metrics enabled successfully
2025-06-03 23:32:59.753 [main] DEBUG d.m.v.common.metrics.MetricsManager - Prometheus options configured: embedded server on port 9090, quantiles enabled
2025-06-03 23:32:59.753 [main] DEBUG d.m.v.common.metrics.MetricsManager - Micrometer metrics options configured
2025-06-03 23:32:59.753 [main] INFO  d.m.v.common.metrics.MetricsManager - Vert.x metrics configuration completed successfully
2025-06-03 23:32:59.897 [main] DEBUG d.m.v.common.metrics.MetricsManager - Vertx instance created with metrics enabled using default values
2025-06-03 23:32:59.987 [main] INFO  d.m.v.common.metrics.MetricsManager - Configuring Vert.x metrics with Micrometer and Prometheus using default values
2025-06-03 23:32:59.987 [main] DEBUG d.m.v.common.metrics.MetricsManager - Initial VertxOptions: VertxOptions{eventLoopPoolSize=44, workerPoolSize=20, internalBlockingPoolSize=20, blockedThreadCheckIntervalUnit=MILLISECONDS, blockedThreadCheckInterval=1000, maxEventLoopExecuteTimeUnit=NANOSECONDS, maxEventLoopExecuteTime=2000000000, maxWorkerExecuteTimeUnit=NANOSECONDS, maxWorkerExecuteTime=60000000000, clusterManager=null, haEnabled=false, preferNativeTransport=false, quorumSize=1, haGroup='__DEFAULT__', metrics=MetricsOptions{enabled=false, json=null}, tracing=null, fileSystemOptions=FileSystemOptions{classPathResolvingEnabled=true, fileCachingEnabled=true, fileCacheDir=C:\Users\mraysmit\AppData\Local\Temp\\vertx-cache}, addressResolver={"cacheMaxTimeToLive":2147483647,"cacheMinTimeToLive":0,"cacheNegativeTimeToLive":0,"maxQueries":4,"ndots":1,"optResourceEnabled":false,"queryTimeout":5000,"rdFlag":true,"rotateServers":false,"roundRobinInetAddress":false}, eventbus={"acceptBacklog":-1,"activityLogDataFormat":"HEX_DUMP","clientAuth":"NONE","clusterPingInterval":20000,"clusterPingReplyInterval":20000,"connectTimeout":60000,"crlPaths":[],"crlValues":[],"enabledCipherSuites":[],"enabledSecureTransportProtocols":["TLSv1.2","TLSv1.3"],"idleTimeout":0,"idleTimeoutUnit":"SECONDS","logActivity":false,"port":0,"readIdleTimeout":0,"receiveBufferSize":-1,"reconnectAttempts":0,"reconnectInterval":1000,"reuseAddress":true,"reusePort":false,"sendBufferSize":-1,"soLinger":-1,"ssl":false,"sslHandshakeTimeout":10,"sslHandshakeTimeoutUnit":"SECONDS","tcpCork":false,"tcpFastOpen":false,"tcpKeepAlive":false,"tcpNoDelay":true,"tcpQuickAck":false,"tcpUserTimeout":0,"trafficClass":-1,"trustAll":true,"useAlpn":false,"writeIdleTimeout":0}, warningExceptionTimeUnit=NANOSECONDS, warningExceptionTime=5000000000, disableTCCL=false, useDaemonThread=false}
2025-06-03 23:32:59.988 [main] DEBUG d.m.v.common.metrics.MetricsManager - Using existing Prometheus registry
2025-06-03 23:32:59.988 [main] DEBUG d.m.v.common.metrics.MetricsManager - Prometheus options configured: embedded server on port 9090, quantiles enabled
2025-06-03 23:32:59.988 [main] DEBUG d.m.v.common.metrics.MetricsManager - Micrometer metrics options configured
2025-06-03 23:32:59.988 [main] INFO  d.m.v.common.metrics.MetricsManager - Vert.x metrics configuration completed successfully
