2025-06-01 14:58:24.083 [main] INFO  d.m.v.common.metrics.MetricsManager - Creating new Vertx instance with metrics enabled (JVM metrics: true)
2025-06-01 14:58:24.085 [main] INFO  d.m.v.common.metrics.MetricsManager - Configuring Vert.x metrics with Micrometer and Prometheus
2025-06-01 14:58:24.085 [main] DEBUG d.m.v.common.metrics.MetricsManager - Initial VertxOptions: VertxOptions{eventLoopPoolSize=44, workerPoolSize=20, internalBlockingPoolSize=20, blockedThreadCheckIntervalUnit=MILLISECONDS, blockedThreadCheckInterval=1000, maxEventLoopExecuteTimeUnit=NANOSECONDS, maxEventLoopExecuteTime=2000000000, maxWorkerExecuteTimeUnit=NANOSECONDS, maxWorkerExecuteTime=60000000000, clusterManager=null, haEnabled=false, preferNativeTransport=false, quorumSize=1, haGroup='__DEFAULT__', metrics=MetricsOptions{enabled=false, json=null}, tracing=null, fileSystemOptions=FileSystemOptions{classPathResolvingEnabled=true, fileCachingEnabled=true, fileCacheDir=C:\Users\mraysmit\AppData\Local\Temp\\vertx-cache}, addressResolver={"cacheMaxTimeToLive":2147483647,"cacheMinTimeToLive":0,"cacheNegativeTimeToLive":0,"maxQueries":4,"ndots":1,"optResourceEnabled":false,"queryTimeout":5000,"rdFlag":true,"rotateServers":false,"roundRobinInetAddress":false}, eventbus={"acceptBacklog":-1,"activityLogDataFormat":"HEX_DUMP","clientAuth":"NONE","clusterPingInterval":20000,"clusterPingReplyInterval":20000,"connectTimeout":60000,"crlPaths":[],"crlValues":[],"enabledCipherSuites":[],"enabledSecureTransportProtocols":["TLSv1.2","TLSv1.3"],"idleTimeout":0,"idleTimeoutUnit":"SECONDS","logActivity":false,"port":0,"readIdleTimeout":0,"receiveBufferSize":-1,"reconnectAttempts":0,"reconnectInterval":1000,"reuseAddress":true,"reusePort":false,"sendBufferSize":-1,"soLinger":-1,"ssl":false,"sslHandshakeTimeout":10,"sslHandshakeTimeoutUnit":"SECONDS","tcpCork":false,"tcpFastOpen":false,"tcpKeepAlive":false,"tcpNoDelay":true,"tcpQuickAck":false,"tcpUserTimeout":0,"trafficClass":-1,"trustAll":true,"useAlpn":false,"writeIdleTimeout":0}, warningExceptionTimeUnit=NANOSECONDS, warningExceptionTime=5000000000, disableTCCL=false, useDaemonThread=false}
2025-06-01 14:58:24.122 [main] DEBUG d.m.v.common.metrics.MetricsManager - Creating new Prometheus registry
2025-06-01 14:58:24.141 [main] INFO  d.m.v.common.metrics.MetricsManager - Enabling JVM metrics
2025-06-01 14:58:24.157 [main] DEBUG d.m.v.common.metrics.MetricsManager - ClassLoader metrics enabled
2025-06-01 14:58:24.164 [main] DEBUG d.m.v.common.metrics.MetricsManager - JVM Memory metrics enabled
2025-06-01 14:58:24.173 [main] DEBUG d.m.v.common.metrics.MetricsManager - JVM GC metrics enabled
2025-06-01 14:58:24.177 [main] DEBUG d.m.v.common.metrics.MetricsManager - JVM Thread metrics enabled
2025-06-01 14:58:24.179 [main] DEBUG d.m.v.common.metrics.MetricsManager - Processor metrics enabled
2025-06-01 14:58:24.179 [main] INFO  d.m.v.common.metrics.MetricsManager - All JVM metrics enabled successfully
2025-06-01 14:58:24.183 [main] DEBUG d.m.v.common.metrics.MetricsManager - Prometheus options configured: embedded server on port 9090, quantiles enabled
2025-06-01 14:58:24.183 [main] DEBUG d.m.v.common.metrics.MetricsManager - Micrometer metrics options configured
2025-06-01 14:58:24.183 [main] INFO  d.m.v.common.metrics.MetricsManager - Vert.x metrics configuration completed successfully
2025-06-01 14:58:24.333 [main] DEBUG d.m.v.common.metrics.MetricsManager - Vertx instance created with metrics enabled
2025-06-01 14:58:24.473 [main] INFO  d.m.v.common.metrics.MetricsManager - Configuring Vert.x metrics with Micrometer and Prometheus
2025-06-01 14:58:24.473 [main] DEBUG d.m.v.common.metrics.MetricsManager - Initial VertxOptions: VertxOptions{eventLoopPoolSize=44, workerPoolSize=20, internalBlockingPoolSize=20, blockedThreadCheckIntervalUnit=MILLISECONDS, blockedThreadCheckInterval=1000, maxEventLoopExecuteTimeUnit=NANOSECONDS, maxEventLoopExecuteTime=2000000000, maxWorkerExecuteTimeUnit=NANOSECONDS, maxWorkerExecuteTime=60000000000, clusterManager=null, haEnabled=false, preferNativeTransport=false, quorumSize=1, haGroup='__DEFAULT__', metrics=MetricsOptions{enabled=false, json=null}, tracing=null, fileSystemOptions=FileSystemOptions{classPathResolvingEnabled=true, fileCachingEnabled=true, fileCacheDir=C:\Users\mraysmit\AppData\Local\Temp\\vertx-cache}, addressResolver={"cacheMaxTimeToLive":2147483647,"cacheMinTimeToLive":0,"cacheNegativeTimeToLive":0,"maxQueries":4,"ndots":1,"optResourceEnabled":false,"queryTimeout":5000,"rdFlag":true,"rotateServers":false,"roundRobinInetAddress":false}, eventbus={"acceptBacklog":-1,"activityLogDataFormat":"HEX_DUMP","clientAuth":"NONE","clusterPingInterval":20000,"clusterPingReplyInterval":20000,"connectTimeout":60000,"crlPaths":[],"crlValues":[],"enabledCipherSuites":[],"enabledSecureTransportProtocols":["TLSv1.2","TLSv1.3"],"idleTimeout":0,"idleTimeoutUnit":"SECONDS","logActivity":false,"port":0,"readIdleTimeout":0,"receiveBufferSize":-1,"reconnectAttempts":0,"reconnectInterval":1000,"reuseAddress":true,"reusePort":false,"sendBufferSize":-1,"soLinger":-1,"ssl":false,"sslHandshakeTimeout":10,"sslHandshakeTimeoutUnit":"SECONDS","tcpCork":false,"tcpFastOpen":false,"tcpKeepAlive":false,"tcpNoDelay":true,"tcpQuickAck":false,"tcpUserTimeout":0,"trafficClass":-1,"trustAll":true,"useAlpn":false,"writeIdleTimeout":0}, warningExceptionTimeUnit=NANOSECONDS, warningExceptionTime=5000000000, disableTCCL=false, useDaemonThread=false}
2025-06-01 14:58:24.474 [main] DEBUG d.m.v.common.metrics.MetricsManager - Using existing Prometheus registry
2025-06-01 14:58:24.474 [main] DEBUG d.m.v.common.metrics.MetricsManager - Prometheus options configured: embedded server on port 9090, quantiles enabled
2025-06-01 14:58:24.474 [main] DEBUG d.m.v.common.metrics.MetricsManager - Micrometer metrics options configured
2025-06-01 14:58:24.474 [main] INFO  d.m.v.common.metrics.MetricsManager - Vert.x metrics configuration completed successfully
2025-06-01 15:34:40.149 [main] INFO  d.m.v.common.metrics.MetricsManager - Creating new Vertx instance with metrics enabled (JVM metrics: true)
2025-06-01 15:34:40.150 [main] INFO  d.m.v.common.metrics.MetricsManager - Configuring Vert.x metrics with Micrometer and Prometheus
2025-06-01 15:34:40.150 [main] DEBUG d.m.v.common.metrics.MetricsManager - Initial VertxOptions: VertxOptions{eventLoopPoolSize=44, workerPoolSize=20, internalBlockingPoolSize=20, blockedThreadCheckIntervalUnit=MILLISECONDS, blockedThreadCheckInterval=1000, maxEventLoopExecuteTimeUnit=NANOSECONDS, maxEventLoopExecuteTime=2000000000, maxWorkerExecuteTimeUnit=NANOSECONDS, maxWorkerExecuteTime=60000000000, clusterManager=null, haEnabled=false, preferNativeTransport=false, quorumSize=1, haGroup='__DEFAULT__', metrics=MetricsOptions{enabled=false, json=null}, tracing=null, fileSystemOptions=FileSystemOptions{classPathResolvingEnabled=true, fileCachingEnabled=true, fileCacheDir=C:\Users\mraysmit\AppData\Local\Temp\\vertx-cache}, addressResolver={"cacheMaxTimeToLive":2147483647,"cacheMinTimeToLive":0,"cacheNegativeTimeToLive":0,"maxQueries":4,"ndots":1,"optResourceEnabled":false,"queryTimeout":5000,"rdFlag":true,"rotateServers":false,"roundRobinInetAddress":false}, eventbus={"acceptBacklog":-1,"activityLogDataFormat":"HEX_DUMP","clientAuth":"NONE","clusterPingInterval":20000,"clusterPingReplyInterval":20000,"connectTimeout":60000,"crlPaths":[],"crlValues":[],"enabledCipherSuites":[],"enabledSecureTransportProtocols":["TLSv1.2","TLSv1.3"],"idleTimeout":0,"idleTimeoutUnit":"SECONDS","logActivity":false,"port":0,"readIdleTimeout":0,"receiveBufferSize":-1,"reconnectAttempts":0,"reconnectInterval":1000,"reuseAddress":true,"reusePort":false,"sendBufferSize":-1,"soLinger":-1,"ssl":false,"sslHandshakeTimeout":10,"sslHandshakeTimeoutUnit":"SECONDS","tcpCork":false,"tcpFastOpen":false,"tcpKeepAlive":false,"tcpNoDelay":true,"tcpQuickAck":false,"tcpUserTimeout":0,"trafficClass":-1,"trustAll":true,"useAlpn":false,"writeIdleTimeout":0}, warningExceptionTimeUnit=NANOSECONDS, warningExceptionTime=5000000000, disableTCCL=false, useDaemonThread=false}
2025-06-01 15:34:40.172 [main] DEBUG d.m.v.common.metrics.MetricsManager - Creating new Prometheus registry
2025-06-01 15:34:40.188 [main] INFO  d.m.v.common.metrics.MetricsManager - Enabling JVM metrics
2025-06-01 15:34:40.207 [main] DEBUG d.m.v.common.metrics.MetricsManager - ClassLoader metrics enabled
2025-06-01 15:34:40.217 [main] DEBUG d.m.v.common.metrics.MetricsManager - JVM Memory metrics enabled
2025-06-01 15:34:40.227 [main] DEBUG d.m.v.common.metrics.MetricsManager - JVM GC metrics enabled
2025-06-01 15:34:40.232 [main] DEBUG d.m.v.common.metrics.MetricsManager - JVM Thread metrics enabled
2025-06-01 15:34:40.235 [main] DEBUG d.m.v.common.metrics.MetricsManager - Processor metrics enabled
2025-06-01 15:34:40.235 [main] INFO  d.m.v.common.metrics.MetricsManager - All JVM metrics enabled successfully
2025-06-01 15:34:40.238 [main] DEBUG d.m.v.common.metrics.MetricsManager - Prometheus options configured: embedded server on port 9090, quantiles enabled
2025-06-01 15:34:40.238 [main] DEBUG d.m.v.common.metrics.MetricsManager - Micrometer metrics options configured
2025-06-01 15:34:40.238 [main] INFO  d.m.v.common.metrics.MetricsManager - Vert.x metrics configuration completed successfully
2025-06-01 15:34:40.384 [main] DEBUG d.m.v.common.metrics.MetricsManager - Vertx instance created with metrics enabled
2025-06-01 15:34:40.484 [main] INFO  d.m.v.common.metrics.MetricsManager - Configuring Vert.x metrics with Micrometer and Prometheus
2025-06-01 15:34:40.484 [main] DEBUG d.m.v.common.metrics.MetricsManager - Initial VertxOptions: VertxOptions{eventLoopPoolSize=44, workerPoolSize=20, internalBlockingPoolSize=20, blockedThreadCheckIntervalUnit=MILLISECONDS, blockedThreadCheckInterval=1000, maxEventLoopExecuteTimeUnit=NANOSECONDS, maxEventLoopExecuteTime=2000000000, maxWorkerExecuteTimeUnit=NANOSECONDS, maxWorkerExecuteTime=60000000000, clusterManager=null, haEnabled=false, preferNativeTransport=false, quorumSize=1, haGroup='__DEFAULT__', metrics=MetricsOptions{enabled=false, json=null}, tracing=null, fileSystemOptions=FileSystemOptions{classPathResolvingEnabled=true, fileCachingEnabled=true, fileCacheDir=C:\Users\mraysmit\AppData\Local\Temp\\vertx-cache}, addressResolver={"cacheMaxTimeToLive":2147483647,"cacheMinTimeToLive":0,"cacheNegativeTimeToLive":0,"maxQueries":4,"ndots":1,"optResourceEnabled":false,"queryTimeout":5000,"rdFlag":true,"rotateServers":false,"roundRobinInetAddress":false}, eventbus={"acceptBacklog":-1,"activityLogDataFormat":"HEX_DUMP","clientAuth":"NONE","clusterPingInterval":20000,"clusterPingReplyInterval":20000,"connectTimeout":60000,"crlPaths":[],"crlValues":[],"enabledCipherSuites":[],"enabledSecureTransportProtocols":["TLSv1.2","TLSv1.3"],"idleTimeout":0,"idleTimeoutUnit":"SECONDS","logActivity":false,"port":0,"readIdleTimeout":0,"receiveBufferSize":-1,"reconnectAttempts":0,"reconnectInterval":1000,"reuseAddress":true,"reusePort":false,"sendBufferSize":-1,"soLinger":-1,"ssl":false,"sslHandshakeTimeout":10,"sslHandshakeTimeoutUnit":"SECONDS","tcpCork":false,"tcpFastOpen":false,"tcpKeepAlive":false,"tcpNoDelay":true,"tcpQuickAck":false,"tcpUserTimeout":0,"trafficClass":-1,"trustAll":true,"useAlpn":false,"writeIdleTimeout":0}, warningExceptionTimeUnit=NANOSECONDS, warningExceptionTime=5000000000, disableTCCL=false, useDaemonThread=false}
2025-06-01 15:34:40.484 [main] DEBUG d.m.v.common.metrics.MetricsManager - Using existing Prometheus registry
2025-06-01 15:34:40.484 [main] DEBUG d.m.v.common.metrics.MetricsManager - Prometheus options configured: embedded server on port 9090, quantiles enabled
2025-06-01 15:34:40.484 [main] DEBUG d.m.v.common.metrics.MetricsManager - Micrometer metrics options configured
2025-06-01 15:34:40.484 [main] INFO  d.m.v.common.metrics.MetricsManager - Vert.x metrics configuration completed successfully
2025-06-01 15:35:47.269 [main] INFO  d.m.v.common.metrics.MetricsManager - Creating new Vertx instance with metrics enabled (JVM metrics: true)
2025-06-01 15:35:47.270 [main] INFO  d.m.v.common.metrics.MetricsManager - Configuring Vert.x metrics with Micrometer and Prometheus
2025-06-01 15:35:47.271 [main] DEBUG d.m.v.common.metrics.MetricsManager - Initial VertxOptions: VertxOptions{eventLoopPoolSize=44, workerPoolSize=20, internalBlockingPoolSize=20, blockedThreadCheckIntervalUnit=MILLISECONDS, blockedThreadCheckInterval=1000, maxEventLoopExecuteTimeUnit=NANOSECONDS, maxEventLoopExecuteTime=2000000000, maxWorkerExecuteTimeUnit=NANOSECONDS, maxWorkerExecuteTime=60000000000, clusterManager=null, haEnabled=false, preferNativeTransport=false, quorumSize=1, haGroup='__DEFAULT__', metrics=MetricsOptions{enabled=false, json=null}, tracing=null, fileSystemOptions=FileSystemOptions{classPathResolvingEnabled=true, fileCachingEnabled=true, fileCacheDir=C:\Users\mraysmit\AppData\Local\Temp\\vertx-cache}, addressResolver={"cacheMaxTimeToLive":2147483647,"cacheMinTimeToLive":0,"cacheNegativeTimeToLive":0,"maxQueries":4,"ndots":1,"optResourceEnabled":false,"queryTimeout":5000,"rdFlag":true,"rotateServers":false,"roundRobinInetAddress":false}, eventbus={"acceptBacklog":-1,"activityLogDataFormat":"HEX_DUMP","clientAuth":"NONE","clusterPingInterval":20000,"clusterPingReplyInterval":20000,"connectTimeout":60000,"crlPaths":[],"crlValues":[],"enabledCipherSuites":[],"enabledSecureTransportProtocols":["TLSv1.2","TLSv1.3"],"idleTimeout":0,"idleTimeoutUnit":"SECONDS","logActivity":false,"port":0,"readIdleTimeout":0,"receiveBufferSize":-1,"reconnectAttempts":0,"reconnectInterval":1000,"reuseAddress":true,"reusePort":false,"sendBufferSize":-1,"soLinger":-1,"ssl":false,"sslHandshakeTimeout":10,"sslHandshakeTimeoutUnit":"SECONDS","tcpCork":false,"tcpFastOpen":false,"tcpKeepAlive":false,"tcpNoDelay":true,"tcpQuickAck":false,"tcpUserTimeout":0,"trafficClass":-1,"trustAll":true,"useAlpn":false,"writeIdleTimeout":0}, warningExceptionTimeUnit=NANOSECONDS, warningExceptionTime=5000000000, disableTCCL=false, useDaemonThread=false}
2025-06-01 15:35:47.301 [main] DEBUG d.m.v.common.metrics.MetricsManager - Creating new Prometheus registry
2025-06-01 15:35:47.319 [main] INFO  d.m.v.common.metrics.MetricsManager - Enabling JVM metrics
2025-06-01 15:35:47.333 [main] DEBUG d.m.v.common.metrics.MetricsManager - ClassLoader metrics enabled
2025-06-01 15:35:47.340 [main] DEBUG d.m.v.common.metrics.MetricsManager - JVM Memory metrics enabled
2025-06-01 15:35:47.351 [main] DEBUG d.m.v.common.metrics.MetricsManager - JVM GC metrics enabled
2025-06-01 15:35:47.355 [main] DEBUG d.m.v.common.metrics.MetricsManager - JVM Thread metrics enabled
2025-06-01 15:35:47.358 [main] DEBUG d.m.v.common.metrics.MetricsManager - Processor metrics enabled
2025-06-01 15:35:47.358 [main] INFO  d.m.v.common.metrics.MetricsManager - All JVM metrics enabled successfully
2025-06-01 15:35:47.362 [main] DEBUG d.m.v.common.metrics.MetricsManager - Prometheus options configured: embedded server on port 9090, quantiles enabled
2025-06-01 15:35:47.362 [main] DEBUG d.m.v.common.metrics.MetricsManager - Micrometer metrics options configured
2025-06-01 15:35:47.362 [main] INFO  d.m.v.common.metrics.MetricsManager - Vert.x metrics configuration completed successfully
2025-06-01 15:35:47.520 [main] DEBUG d.m.v.common.metrics.MetricsManager - Vertx instance created with metrics enabled
2025-06-01 15:35:47.665 [main] INFO  d.m.v.common.metrics.MetricsManager - Configuring Vert.x metrics with Micrometer and Prometheus
2025-06-01 15:35:47.665 [main] DEBUG d.m.v.common.metrics.MetricsManager - Initial VertxOptions: VertxOptions{eventLoopPoolSize=44, workerPoolSize=20, internalBlockingPoolSize=20, blockedThreadCheckIntervalUnit=MILLISECONDS, blockedThreadCheckInterval=1000, maxEventLoopExecuteTimeUnit=NANOSECONDS, maxEventLoopExecuteTime=2000000000, maxWorkerExecuteTimeUnit=NANOSECONDS, maxWorkerExecuteTime=60000000000, clusterManager=null, haEnabled=false, preferNativeTransport=false, quorumSize=1, haGroup='__DEFAULT__', metrics=MetricsOptions{enabled=false, json=null}, tracing=null, fileSystemOptions=FileSystemOptions{classPathResolvingEnabled=true, fileCachingEnabled=true, fileCacheDir=C:\Users\mraysmit\AppData\Local\Temp\\vertx-cache}, addressResolver={"cacheMaxTimeToLive":2147483647,"cacheMinTimeToLive":0,"cacheNegativeTimeToLive":0,"maxQueries":4,"ndots":1,"optResourceEnabled":false,"queryTimeout":5000,"rdFlag":true,"rotateServers":false,"roundRobinInetAddress":false}, eventbus={"acceptBacklog":-1,"activityLogDataFormat":"HEX_DUMP","clientAuth":"NONE","clusterPingInterval":20000,"clusterPingReplyInterval":20000,"connectTimeout":60000,"crlPaths":[],"crlValues":[],"enabledCipherSuites":[],"enabledSecureTransportProtocols":["TLSv1.2","TLSv1.3"],"idleTimeout":0,"idleTimeoutUnit":"SECONDS","logActivity":false,"port":0,"readIdleTimeout":0,"receiveBufferSize":-1,"reconnectAttempts":0,"reconnectInterval":1000,"reuseAddress":true,"reusePort":false,"sendBufferSize":-1,"soLinger":-1,"ssl":false,"sslHandshakeTimeout":10,"sslHandshakeTimeoutUnit":"SECONDS","tcpCork":false,"tcpFastOpen":false,"tcpKeepAlive":false,"tcpNoDelay":true,"tcpQuickAck":false,"tcpUserTimeout":0,"trafficClass":-1,"trustAll":true,"useAlpn":false,"writeIdleTimeout":0}, warningExceptionTimeUnit=NANOSECONDS, warningExceptionTime=5000000000, disableTCCL=false, useDaemonThread=false}
2025-06-01 15:35:47.665 [main] DEBUG d.m.v.common.metrics.MetricsManager - Using existing Prometheus registry
2025-06-01 15:35:47.665 [main] DEBUG d.m.v.common.metrics.MetricsManager - Prometheus options configured: embedded server on port 9090, quantiles enabled
2025-06-01 15:35:47.665 [main] DEBUG d.m.v.common.metrics.MetricsManager - Micrometer metrics options configured
2025-06-01 15:35:47.665 [main] INFO  d.m.v.common.metrics.MetricsManager - Vert.x metrics configuration completed successfully
2025-06-01 15:37:01.113 [main] INFO  d.m.v.common.metrics.MetricsManager - Creating new Vertx instance with metrics enabled (JVM metrics: true)
2025-06-01 15:37:01.114 [main] INFO  d.m.v.common.metrics.MetricsManager - Configuring Vert.x metrics with Micrometer and Prometheus
2025-06-01 15:37:01.114 [main] DEBUG d.m.v.common.metrics.MetricsManager - Initial VertxOptions: VertxOptions{eventLoopPoolSize=44, workerPoolSize=20, internalBlockingPoolSize=20, blockedThreadCheckIntervalUnit=MILLISECONDS, blockedThreadCheckInterval=1000, maxEventLoopExecuteTimeUnit=NANOSECONDS, maxEventLoopExecuteTime=2000000000, maxWorkerExecuteTimeUnit=NANOSECONDS, maxWorkerExecuteTime=60000000000, clusterManager=null, haEnabled=false, preferNativeTransport=false, quorumSize=1, haGroup='__DEFAULT__', metrics=MetricsOptions{enabled=false, json=null}, tracing=null, fileSystemOptions=FileSystemOptions{classPathResolvingEnabled=true, fileCachingEnabled=true, fileCacheDir=C:\Users\mraysmit\AppData\Local\Temp\\vertx-cache}, addressResolver={"cacheMaxTimeToLive":2147483647,"cacheMinTimeToLive":0,"cacheNegativeTimeToLive":0,"maxQueries":4,"ndots":1,"optResourceEnabled":false,"queryTimeout":5000,"rdFlag":true,"rotateServers":false,"roundRobinInetAddress":false}, eventbus={"acceptBacklog":-1,"activityLogDataFormat":"HEX_DUMP","clientAuth":"NONE","clusterPingInterval":20000,"clusterPingReplyInterval":20000,"connectTimeout":60000,"crlPaths":[],"crlValues":[],"enabledCipherSuites":[],"enabledSecureTransportProtocols":["TLSv1.2","TLSv1.3"],"idleTimeout":0,"idleTimeoutUnit":"SECONDS","logActivity":false,"port":0,"readIdleTimeout":0,"receiveBufferSize":-1,"reconnectAttempts":0,"reconnectInterval":1000,"reuseAddress":true,"reusePort":false,"sendBufferSize":-1,"soLinger":-1,"ssl":false,"sslHandshakeTimeout":10,"sslHandshakeTimeoutUnit":"SECONDS","tcpCork":false,"tcpFastOpen":false,"tcpKeepAlive":false,"tcpNoDelay":true,"tcpQuickAck":false,"tcpUserTimeout":0,"trafficClass":-1,"trustAll":true,"useAlpn":false,"writeIdleTimeout":0}, warningExceptionTimeUnit=NANOSECONDS, warningExceptionTime=5000000000, disableTCCL=false, useDaemonThread=false}
2025-06-01 15:37:01.135 [main] DEBUG d.m.v.common.metrics.MetricsManager - Creating new Prometheus registry
2025-06-01 15:37:01.147 [main] INFO  d.m.v.common.metrics.MetricsManager - Enabling JVM metrics
2025-06-01 15:37:01.155 [main] DEBUG d.m.v.common.metrics.MetricsManager - ClassLoader metrics enabled
2025-06-01 15:37:01.161 [main] DEBUG d.m.v.common.metrics.MetricsManager - JVM Memory metrics enabled
2025-06-01 15:37:01.169 [main] DEBUG d.m.v.common.metrics.MetricsManager - JVM GC metrics enabled
2025-06-01 15:37:01.173 [main] DEBUG d.m.v.common.metrics.MetricsManager - JVM Thread metrics enabled
2025-06-01 15:37:01.174 [main] DEBUG d.m.v.common.metrics.MetricsManager - Processor metrics enabled
2025-06-01 15:37:01.174 [main] INFO  d.m.v.common.metrics.MetricsManager - All JVM metrics enabled successfully
2025-06-01 15:37:01.177 [main] DEBUG d.m.v.common.metrics.MetricsManager - Prometheus options configured: embedded server on port 9090, quantiles enabled
2025-06-01 15:37:01.177 [main] DEBUG d.m.v.common.metrics.MetricsManager - Micrometer metrics options configured
2025-06-01 15:37:01.177 [main] INFO  d.m.v.common.metrics.MetricsManager - Vert.x metrics configuration completed successfully
2025-06-01 15:37:01.311 [main] DEBUG d.m.v.common.metrics.MetricsManager - Vertx instance created with metrics enabled
2025-06-01 15:37:01.398 [main] INFO  d.m.v.common.metrics.MetricsManager - Configuring Vert.x metrics with Micrometer and Prometheus
2025-06-01 15:37:01.398 [main] DEBUG d.m.v.common.metrics.MetricsManager - Initial VertxOptions: VertxOptions{eventLoopPoolSize=44, workerPoolSize=20, internalBlockingPoolSize=20, blockedThreadCheckIntervalUnit=MILLISECONDS, blockedThreadCheckInterval=1000, maxEventLoopExecuteTimeUnit=NANOSECONDS, maxEventLoopExecuteTime=2000000000, maxWorkerExecuteTimeUnit=NANOSECONDS, maxWorkerExecuteTime=60000000000, clusterManager=null, haEnabled=false, preferNativeTransport=false, quorumSize=1, haGroup='__DEFAULT__', metrics=MetricsOptions{enabled=false, json=null}, tracing=null, fileSystemOptions=FileSystemOptions{classPathResolvingEnabled=true, fileCachingEnabled=true, fileCacheDir=C:\Users\mraysmit\AppData\Local\Temp\\vertx-cache}, addressResolver={"cacheMaxTimeToLive":2147483647,"cacheMinTimeToLive":0,"cacheNegativeTimeToLive":0,"maxQueries":4,"ndots":1,"optResourceEnabled":false,"queryTimeout":5000,"rdFlag":true,"rotateServers":false,"roundRobinInetAddress":false}, eventbus={"acceptBacklog":-1,"activityLogDataFormat":"HEX_DUMP","clientAuth":"NONE","clusterPingInterval":20000,"clusterPingReplyInterval":20000,"connectTimeout":60000,"crlPaths":[],"crlValues":[],"enabledCipherSuites":[],"enabledSecureTransportProtocols":["TLSv1.2","TLSv1.3"],"idleTimeout":0,"idleTimeoutUnit":"SECONDS","logActivity":false,"port":0,"readIdleTimeout":0,"receiveBufferSize":-1,"reconnectAttempts":0,"reconnectInterval":1000,"reuseAddress":true,"reusePort":false,"sendBufferSize":-1,"soLinger":-1,"ssl":false,"sslHandshakeTimeout":10,"sslHandshakeTimeoutUnit":"SECONDS","tcpCork":false,"tcpFastOpen":false,"tcpKeepAlive":false,"tcpNoDelay":true,"tcpQuickAck":false,"tcpUserTimeout":0,"trafficClass":-1,"trustAll":true,"useAlpn":false,"writeIdleTimeout":0}, warningExceptionTimeUnit=NANOSECONDS, warningExceptionTime=5000000000, disableTCCL=false, useDaemonThread=false}
2025-06-01 15:37:01.399 [main] DEBUG d.m.v.common.metrics.MetricsManager - Using existing Prometheus registry
2025-06-01 15:37:01.399 [main] DEBUG d.m.v.common.metrics.MetricsManager - Prometheus options configured: embedded server on port 9090, quantiles enabled
2025-06-01 15:37:01.399 [main] DEBUG d.m.v.common.metrics.MetricsManager - Micrometer metrics options configured
2025-06-01 15:37:01.399 [main] INFO  d.m.v.common.metrics.MetricsManager - Vert.x metrics configuration completed successfully
2025-06-01 15:49:25.922 [main] INFO  d.m.v.common.metrics.MetricsManager - Creating new Vertx instance with metrics enabled (JVM metrics: true)
2025-06-01 15:49:25.923 [main] INFO  d.m.v.common.metrics.MetricsManager - Configuring Vert.x metrics with Micrometer and Prometheus
2025-06-01 15:49:25.924 [main] DEBUG d.m.v.common.metrics.MetricsManager - Initial VertxOptions: VertxOptions{eventLoopPoolSize=44, workerPoolSize=20, internalBlockingPoolSize=20, blockedThreadCheckIntervalUnit=MILLISECONDS, blockedThreadCheckInterval=1000, maxEventLoopExecuteTimeUnit=NANOSECONDS, maxEventLoopExecuteTime=2000000000, maxWorkerExecuteTimeUnit=NANOSECONDS, maxWorkerExecuteTime=60000000000, clusterManager=null, haEnabled=false, preferNativeTransport=false, quorumSize=1, haGroup='__DEFAULT__', metrics=MetricsOptions{enabled=false, json=null}, tracing=null, fileSystemOptions=FileSystemOptions{classPathResolvingEnabled=true, fileCachingEnabled=true, fileCacheDir=C:\Users\mraysmit\AppData\Local\Temp\\vertx-cache}, addressResolver={"cacheMaxTimeToLive":2147483647,"cacheMinTimeToLive":0,"cacheNegativeTimeToLive":0,"maxQueries":4,"ndots":1,"optResourceEnabled":false,"queryTimeout":5000,"rdFlag":true,"rotateServers":false,"roundRobinInetAddress":false}, eventbus={"acceptBacklog":-1,"activityLogDataFormat":"HEX_DUMP","clientAuth":"NONE","clusterPingInterval":20000,"clusterPingReplyInterval":20000,"connectTimeout":60000,"crlPaths":[],"crlValues":[],"enabledCipherSuites":[],"enabledSecureTransportProtocols":["TLSv1.2","TLSv1.3"],"idleTimeout":0,"idleTimeoutUnit":"SECONDS","logActivity":false,"port":0,"readIdleTimeout":0,"receiveBufferSize":-1,"reconnectAttempts":0,"reconnectInterval":1000,"reuseAddress":true,"reusePort":false,"sendBufferSize":-1,"soLinger":-1,"ssl":false,"sslHandshakeTimeout":10,"sslHandshakeTimeoutUnit":"SECONDS","tcpCork":false,"tcpFastOpen":false,"tcpKeepAlive":false,"tcpNoDelay":true,"tcpQuickAck":false,"tcpUserTimeout":0,"trafficClass":-1,"trustAll":true,"useAlpn":false,"writeIdleTimeout":0}, warningExceptionTimeUnit=NANOSECONDS, warningExceptionTime=5000000000, disableTCCL=false, useDaemonThread=false}
2025-06-01 15:49:25.944 [main] DEBUG d.m.v.common.metrics.MetricsManager - Creating new Prometheus registry
2025-06-01 15:49:25.956 [main] INFO  d.m.v.common.metrics.MetricsManager - Enabling JVM metrics
2025-06-01 15:49:25.964 [main] DEBUG d.m.v.common.metrics.MetricsManager - ClassLoader metrics enabled
2025-06-01 15:49:25.971 [main] DEBUG d.m.v.common.metrics.MetricsManager - JVM Memory metrics enabled
2025-06-01 15:49:25.979 [main] DEBUG d.m.v.common.metrics.MetricsManager - JVM GC metrics enabled
2025-06-01 15:49:25.983 [main] DEBUG d.m.v.common.metrics.MetricsManager - JVM Thread metrics enabled
2025-06-01 15:49:25.984 [main] DEBUG d.m.v.common.metrics.MetricsManager - Processor metrics enabled
2025-06-01 15:49:25.984 [main] INFO  d.m.v.common.metrics.MetricsManager - All JVM metrics enabled successfully
2025-06-01 15:49:25.987 [main] DEBUG d.m.v.common.metrics.MetricsManager - Prometheus options configured: embedded server on port 9090, quantiles enabled
2025-06-01 15:49:25.987 [main] DEBUG d.m.v.common.metrics.MetricsManager - Micrometer metrics options configured
2025-06-01 15:49:25.987 [main] INFO  d.m.v.common.metrics.MetricsManager - Vert.x metrics configuration completed successfully
2025-06-01 15:49:26.123 [main] DEBUG d.m.v.common.metrics.MetricsManager - Vertx instance created with metrics enabled
2025-06-01 15:49:26.212 [main] INFO  d.m.v.common.metrics.MetricsManager - Configuring Vert.x metrics with Micrometer and Prometheus
2025-06-01 15:49:26.212 [main] DEBUG d.m.v.common.metrics.MetricsManager - Initial VertxOptions: VertxOptions{eventLoopPoolSize=44, workerPoolSize=20, internalBlockingPoolSize=20, blockedThreadCheckIntervalUnit=MILLISECONDS, blockedThreadCheckInterval=1000, maxEventLoopExecuteTimeUnit=NANOSECONDS, maxEventLoopExecuteTime=2000000000, maxWorkerExecuteTimeUnit=NANOSECONDS, maxWorkerExecuteTime=60000000000, clusterManager=null, haEnabled=false, preferNativeTransport=false, quorumSize=1, haGroup='__DEFAULT__', metrics=MetricsOptions{enabled=false, json=null}, tracing=null, fileSystemOptions=FileSystemOptions{classPathResolvingEnabled=true, fileCachingEnabled=true, fileCacheDir=C:\Users\mraysmit\AppData\Local\Temp\\vertx-cache}, addressResolver={"cacheMaxTimeToLive":2147483647,"cacheMinTimeToLive":0,"cacheNegativeTimeToLive":0,"maxQueries":4,"ndots":1,"optResourceEnabled":false,"queryTimeout":5000,"rdFlag":true,"rotateServers":false,"roundRobinInetAddress":false}, eventbus={"acceptBacklog":-1,"activityLogDataFormat":"HEX_DUMP","clientAuth":"NONE","clusterPingInterval":20000,"clusterPingReplyInterval":20000,"connectTimeout":60000,"crlPaths":[],"crlValues":[],"enabledCipherSuites":[],"enabledSecureTransportProtocols":["TLSv1.2","TLSv1.3"],"idleTimeout":0,"idleTimeoutUnit":"SECONDS","logActivity":false,"port":0,"readIdleTimeout":0,"receiveBufferSize":-1,"reconnectAttempts":0,"reconnectInterval":1000,"reuseAddress":true,"reusePort":false,"sendBufferSize":-1,"soLinger":-1,"ssl":false,"sslHandshakeTimeout":10,"sslHandshakeTimeoutUnit":"SECONDS","tcpCork":false,"tcpFastOpen":false,"tcpKeepAlive":false,"tcpNoDelay":true,"tcpQuickAck":false,"tcpUserTimeout":0,"trafficClass":-1,"trustAll":true,"useAlpn":false,"writeIdleTimeout":0}, warningExceptionTimeUnit=NANOSECONDS, warningExceptionTime=5000000000, disableTCCL=false, useDaemonThread=false}
2025-06-01 15:49:26.212 [main] DEBUG d.m.v.common.metrics.MetricsManager - Using existing Prometheus registry
2025-06-01 15:49:26.212 [main] DEBUG d.m.v.common.metrics.MetricsManager - Prometheus options configured: embedded server on port 9090, quantiles enabled
2025-06-01 15:49:26.212 [main] DEBUG d.m.v.common.metrics.MetricsManager - Micrometer metrics options configured
2025-06-01 15:49:26.212 [main] INFO  d.m.v.common.metrics.MetricsManager - Vert.x metrics configuration completed successfully
2025-06-01 19:02:17.039 [main] INFO  d.m.v.common.metrics.MetricsManager - Creating new Vertx instance with metrics enabled (JVM metrics: true)
2025-06-01 19:02:17.041 [main] INFO  d.m.v.common.metrics.MetricsManager - Configuring Vert.x metrics with Micrometer and Prometheus
2025-06-01 19:02:17.041 [main] DEBUG d.m.v.common.metrics.MetricsManager - Initial VertxOptions: VertxOptions{eventLoopPoolSize=44, workerPoolSize=20, internalBlockingPoolSize=20, blockedThreadCheckIntervalUnit=MILLISECONDS, blockedThreadCheckInterval=1000, maxEventLoopExecuteTimeUnit=NANOSECONDS, maxEventLoopExecuteTime=2000000000, maxWorkerExecuteTimeUnit=NANOSECONDS, maxWorkerExecuteTime=60000000000, clusterManager=null, haEnabled=false, preferNativeTransport=false, quorumSize=1, haGroup='__DEFAULT__', metrics=MetricsOptions{enabled=false, json=null}, tracing=null, fileSystemOptions=FileSystemOptions{classPathResolvingEnabled=true, fileCachingEnabled=true, fileCacheDir=C:\Users\mraysmit\AppData\Local\Temp\\vertx-cache}, addressResolver={"cacheMaxTimeToLive":2147483647,"cacheMinTimeToLive":0,"cacheNegativeTimeToLive":0,"maxQueries":4,"ndots":1,"optResourceEnabled":false,"queryTimeout":5000,"rdFlag":true,"rotateServers":false,"roundRobinInetAddress":false}, eventbus={"acceptBacklog":-1,"activityLogDataFormat":"HEX_DUMP","clientAuth":"NONE","clusterPingInterval":20000,"clusterPingReplyInterval":20000,"connectTimeout":60000,"crlPaths":[],"crlValues":[],"enabledCipherSuites":[],"enabledSecureTransportProtocols":["TLSv1.2","TLSv1.3"],"idleTimeout":0,"idleTimeoutUnit":"SECONDS","logActivity":false,"port":0,"readIdleTimeout":0,"receiveBufferSize":-1,"reconnectAttempts":0,"reconnectInterval":1000,"reuseAddress":true,"reusePort":false,"sendBufferSize":-1,"soLinger":-1,"ssl":false,"sslHandshakeTimeout":10,"sslHandshakeTimeoutUnit":"SECONDS","tcpCork":false,"tcpFastOpen":false,"tcpKeepAlive":false,"tcpNoDelay":true,"tcpQuickAck":false,"tcpUserTimeout":0,"trafficClass":-1,"trustAll":true,"useAlpn":false,"writeIdleTimeout":0}, warningExceptionTimeUnit=NANOSECONDS, warningExceptionTime=5000000000, disableTCCL=false, useDaemonThread=false}
2025-06-01 19:02:17.060 [main] DEBUG d.m.v.common.metrics.MetricsManager - Creating new Prometheus registry
2025-06-01 19:02:17.073 [main] INFO  d.m.v.common.metrics.MetricsManager - Enabling JVM metrics
2025-06-01 19:02:17.081 [main] DEBUG d.m.v.common.metrics.MetricsManager - ClassLoader metrics enabled
2025-06-01 19:02:17.088 [main] DEBUG d.m.v.common.metrics.MetricsManager - JVM Memory metrics enabled
2025-06-01 19:02:17.095 [main] DEBUG d.m.v.common.metrics.MetricsManager - JVM GC metrics enabled
2025-06-01 19:02:17.099 [main] DEBUG d.m.v.common.metrics.MetricsManager - JVM Thread metrics enabled
2025-06-01 19:02:17.101 [main] DEBUG d.m.v.common.metrics.MetricsManager - Processor metrics enabled
2025-06-01 19:02:17.101 [main] INFO  d.m.v.common.metrics.MetricsManager - All JVM metrics enabled successfully
2025-06-01 19:02:17.104 [main] DEBUG d.m.v.common.metrics.MetricsManager - Prometheus options configured: embedded server on port 9090, quantiles enabled
2025-06-01 19:02:17.104 [main] DEBUG d.m.v.common.metrics.MetricsManager - Micrometer metrics options configured
2025-06-01 19:02:17.104 [main] INFO  d.m.v.common.metrics.MetricsManager - Vert.x metrics configuration completed successfully
2025-06-01 19:02:17.242 [main] DEBUG d.m.v.common.metrics.MetricsManager - Vertx instance created with metrics enabled
2025-06-01 19:02:17.333 [main] INFO  d.m.v.common.metrics.MetricsManager - Configuring Vert.x metrics with Micrometer and Prometheus
2025-06-01 19:02:17.333 [main] DEBUG d.m.v.common.metrics.MetricsManager - Initial VertxOptions: VertxOptions{eventLoopPoolSize=44, workerPoolSize=20, internalBlockingPoolSize=20, blockedThreadCheckIntervalUnit=MILLISECONDS, blockedThreadCheckInterval=1000, maxEventLoopExecuteTimeUnit=NANOSECONDS, maxEventLoopExecuteTime=2000000000, maxWorkerExecuteTimeUnit=NANOSECONDS, maxWorkerExecuteTime=60000000000, clusterManager=null, haEnabled=false, preferNativeTransport=false, quorumSize=1, haGroup='__DEFAULT__', metrics=MetricsOptions{enabled=false, json=null}, tracing=null, fileSystemOptions=FileSystemOptions{classPathResolvingEnabled=true, fileCachingEnabled=true, fileCacheDir=C:\Users\mraysmit\AppData\Local\Temp\\vertx-cache}, addressResolver={"cacheMaxTimeToLive":2147483647,"cacheMinTimeToLive":0,"cacheNegativeTimeToLive":0,"maxQueries":4,"ndots":1,"optResourceEnabled":false,"queryTimeout":5000,"rdFlag":true,"rotateServers":false,"roundRobinInetAddress":false}, eventbus={"acceptBacklog":-1,"activityLogDataFormat":"HEX_DUMP","clientAuth":"NONE","clusterPingInterval":20000,"clusterPingReplyInterval":20000,"connectTimeout":60000,"crlPaths":[],"crlValues":[],"enabledCipherSuites":[],"enabledSecureTransportProtocols":["TLSv1.2","TLSv1.3"],"idleTimeout":0,"idleTimeoutUnit":"SECONDS","logActivity":false,"port":0,"readIdleTimeout":0,"receiveBufferSize":-1,"reconnectAttempts":0,"reconnectInterval":1000,"reuseAddress":true,"reusePort":false,"sendBufferSize":-1,"soLinger":-1,"ssl":false,"sslHandshakeTimeout":10,"sslHandshakeTimeoutUnit":"SECONDS","tcpCork":false,"tcpFastOpen":false,"tcpKeepAlive":false,"tcpNoDelay":true,"tcpQuickAck":false,"tcpUserTimeout":0,"trafficClass":-1,"trustAll":true,"useAlpn":false,"writeIdleTimeout":0}, warningExceptionTimeUnit=NANOSECONDS, warningExceptionTime=5000000000, disableTCCL=false, useDaemonThread=false}
2025-06-01 19:02:17.334 [main] DEBUG d.m.v.common.metrics.MetricsManager - Using existing Prometheus registry
2025-06-01 19:02:17.334 [main] DEBUG d.m.v.common.metrics.MetricsManager - Prometheus options configured: embedded server on port 9090, quantiles enabled
2025-06-01 19:02:17.334 [main] DEBUG d.m.v.common.metrics.MetricsManager - Micrometer metrics options configured
2025-06-01 19:02:17.334 [main] INFO  d.m.v.common.metrics.MetricsManager - Vert.x metrics configuration completed successfully
