2025-06-01 22:00:01.543 [main] INFO  d.m.v.b.VertxReferenceBootstrap - Starting Vertx-Reference Bootstrap
2025-06-01 22:00:01.845 [main] INFO  d.m.v.b.VertxReferenceBootstrap - Deploying Service One
2025-06-01 22:00:01.855 [main] INFO  d.m.v.b.VertxReferenceBootstrap - Deploying API Gateway
2025-06-01 22:00:01.858 [vert.x-eventloop-thread-2] INFO  d.m.v.service.one.ServiceOneVerticle - Starting Service One Verticle
2025-06-01 22:00:01.858 [vert.x-eventloop-thread-2] INFO  d.m.v.service.one.ServiceOneVerticle - Initializing components
2025-06-01 22:00:01.858 [vert.x-eventloop-thread-3] INFO  d.m.vertx.gateway.ApiGatewayVerticle - Starting API Gateway Verticle
2025-06-01 22:00:01.860 [vert.x-eventloop-thread-3] INFO  d.m.v.g.s.MicroserviceClientFactory - Created MicroserviceClientFactory
2025-06-01 22:00:01.860 [vert.x-eventloop-thread-3] INFO  d.m.v.gateway.router.RouterFactory - Created RouterFactory
2025-06-01 22:00:01.861 [vert.x-eventloop-thread-2] INFO  d.m.v.c.eventbus.EventBusService - EventBusService initialized
2025-06-01 22:00:01.861 [vert.x-eventloop-thread-2] INFO  d.m.v.s.one.service.ItemService - Initializing item service
2025-06-01 22:00:01.861 [vert.x-eventloop-thread-2] INFO  d.m.v.s.o.r.InMemoryItemRepository - Initializing repository with sample data
2025-06-01 22:00:01.861 [vert.x-eventloop-thread-2] INFO  d.m.v.s.o.r.InMemoryItemRepository - Sample data initialized with 5 items
2025-06-01 22:00:01.862 [vert.x-eventloop-thread-3] INFO  d.m.v.g.s.MicroserviceClientFactory - Creating client for service: service-one
2025-06-01 22:00:01.863 [vert.x-eventloop-thread-3] INFO  d.m.v.g.s.MicroserviceClientFactory - Creating circuit breaker for service service-one with options: maxFailures=5, timeout=10000, resetTimeout=30000
2025-06-01 22:00:01.863 [vert.x-eventloop-thread-2] INFO  d.m.v.service.one.ServiceOneVerticle - Registering event bus consumer
2025-06-01 22:00:01.863 [vert.x-eventloop-thread-3] INFO  d.m.v.c.r.CircuitBreakerFactory - Creating circuit breaker: service-one (maxFailures=5, timeout=10000ms, resetTimeout=30000ms)
2025-06-01 22:00:01.864 [vert.x-eventloop-thread-2] INFO  d.m.v.c.eventbus.EventBusService - Registering consumer for address: service.one
2025-06-01 22:00:01.868 [vert.x-eventloop-thread-2] INFO  d.m.v.service.one.ServiceOneVerticle - Service One Verticle started successfully
2025-06-01 22:00:01.870 [vert.x-eventloop-thread-1] INFO  d.m.v.b.VertxReferenceBootstrap - Service One deployed successfully: b09cfc34-8c23-49da-9723-5be6687c8583
2025-06-01 22:00:01.879 [vert.x-eventloop-thread-3] INFO  d.m.v.c.r.CircuitBreakerFactory - Circuit breaker service-one created successfully
2025-06-01 22:00:01.879 [vert.x-eventloop-thread-3] INFO  d.m.v.c.eventbus.EventBusService - EventBusService initialized
2025-06-01 22:00:01.879 [vert.x-eventloop-thread-3] INFO  d.m.v.g.service.MicroserviceClient - Created microservice client for address: service.service-one
2025-06-01 22:00:01.879 [vert.x-eventloop-thread-3] INFO  d.m.v.g.s.MicroserviceClientFactory - Creating client for service: service-two
2025-06-01 22:00:01.879 [vert.x-eventloop-thread-3] INFO  d.m.v.g.s.MicroserviceClientFactory - Creating circuit breaker for service service-two with options: maxFailures=5, timeout=10000, resetTimeout=30000
2025-06-01 22:00:01.879 [vert.x-eventloop-thread-3] INFO  d.m.v.c.r.CircuitBreakerFactory - Creating circuit breaker: service-two (maxFailures=5, timeout=10000ms, resetTimeout=30000ms)
2025-06-01 22:00:01.880 [vert.x-eventloop-thread-3] INFO  d.m.v.c.r.CircuitBreakerFactory - Circuit breaker service-two created successfully
2025-06-01 22:00:01.880 [vert.x-eventloop-thread-3] INFO  d.m.v.c.eventbus.EventBusService - EventBusService initialized
2025-06-01 22:00:01.880 [vert.x-eventloop-thread-3] INFO  d.m.v.g.service.MicroserviceClient - Created microservice client for address: service.service-two
2025-06-01 22:00:01.880 [vert.x-eventloop-thread-3] INFO  d.m.v.gateway.router.RouterFactory - Creating router using OpenAPI specification
2025-06-01 22:00:01.880 [vert.x-eventloop-thread-3] INFO  d.m.v.gateway.router.RouterFactory - Creating router without OpenAPI specification
2025-06-01 22:00:01.889 [vert.x-eventloop-thread-3] INFO  d.m.v.gateway.router.RouterFactory - CORS configured with origin: *, 6 headers, 5 methods
2025-06-01 22:00:01.908 [vert.x-eventloop-thread-3] INFO  d.m.v.gateway.router.RouterFactory - Swagger UI configured successfully
2025-06-01 22:00:01.908 [vert.x-eventloop-thread-3] INFO  d.m.v.gateway.router.RouterFactory - Router created successfully without OpenAPI specification
2025-06-01 22:00:01.994 [vert.x-eventloop-thread-3] INFO  d.m.vertx.gateway.ApiGatewayVerticle - HTTP server started on port 8080
2025-06-01 22:00:01.994 [vert.x-eventloop-thread-1] INFO  d.m.v.b.VertxReferenceBootstrap - API Gateway deployed successfully: 5dff18b3-81ae-4290-92d2-2a6853fc1ef2
2025-06-01 22:00:03.995 [main] INFO  d.m.v.b.VertxReferenceBootstrap - All services deployed successfully
2025-06-01 22:00:03.995 [main] INFO  d.m.v.b.VertxReferenceBootstrap - Running demonstration
2025-06-01 22:00:03.995 [main] INFO  d.m.v.b.VertxReferenceBootstrap - Checking health endpoint
2025-06-01 22:00:04.028 [main] INFO  d.m.v.b.VertxReferenceBootstrap - Creating item in Service One: {"name":"Test Item","description":"This is a test item created by the bootstrap"}
2025-06-01 22:00:04.167 [vert.x-eventloop-thread-3] INFO  i.v.e.w.h.impl.LoggerHandlerImpl - 127.0.0.1 - - [Sun, 1 Jun 2025 14:00:04 GMT] "GET /health HTTP/1.1" 200 41 "-" "Vert.x-WebClient/4.4.6"
2025-06-01 22:00:04.188 [vert.x-eventloop-thread-1] INFO  d.m.v.b.VertxReferenceBootstrap - Health check response: {"status":"UP","timestamp":1748786404163}
2025-06-01 22:00:04.192 [vert.x-eventloop-thread-3] ERROR d.m.v.c.eventbus.EventBusService - Error sending message to service.service-one: No handlers for address service.service-one
2025-06-01 22:00:04.192 [vert.x-eventloop-thread-3] ERROR d.m.v.g.service.MicroserviceClient - Service service.service-one request failed
io.vertx.core.eventbus.ReplyException: No handlers for address service.service-one
	at io.vertx.core.eventbus.impl.EventBusImpl.deliverMessageLocally(EventBusImpl.java:384)
	at io.vertx.core.eventbus.impl.EventBusImpl.sendLocally(EventBusImpl.java:341)
	at io.vertx.core.eventbus.impl.EventBusImpl.sendOrPub(EventBusImpl.java:329)
	at io.vertx.core.eventbus.impl.OutboundDeliveryContext.execute(OutboundDeliveryContext.java:109)
	at io.vertx.core.eventbus.impl.DeliveryContextBase.next(DeliveryContextBase.java:80)
	at io.vertx.core.eventbus.impl.OutboundDeliveryContext.next(OutboundDeliveryContext.java:28)
	at io.vertx.core.eventbus.impl.EventBusImpl.sendOrPubInternal(EventBusImpl.java:422)
	at io.vertx.core.eventbus.impl.EventBusImpl.sendOrPubInternal(EventBusImpl.java:428)
	at io.vertx.core.eventbus.impl.EventBusImpl.request(EventBusImpl.java:127)
	at io.vertx.core.eventbus.EventBus.request(EventBus.java:106)
	at dev.mars.vertx.common.eventbus.EventBusService.lambda$send$0(EventBusService.java:65)
	at io.vertx.core.Future.future(Future.java:194)
	at dev.mars.vertx.common.eventbus.EventBusService.send(EventBusService.java:64)
	at dev.mars.vertx.common.eventbus.EventBusService.send(EventBusService.java:46)
	at dev.mars.vertx.gateway.service.MicroserviceClient.lambda$sendRequest$0(MicroserviceClient.java:47)
	at io.vertx.circuitbreaker.impl.CircuitBreakerImpl.executeOperation(CircuitBreakerImpl.java:410)
	at io.vertx.circuitbreaker.impl.CircuitBreakerImpl.executeAndReportWithFallback(CircuitBreakerImpl.java:255)
	at io.vertx.circuitbreaker.impl.CircuitBreakerImpl.executeWithFallback(CircuitBreakerImpl.java:426)
	at io.vertx.circuitbreaker.impl.CircuitBreakerImpl.execute(CircuitBreakerImpl.java:431)
	at dev.mars.vertx.gateway.service.MicroserviceClient.sendRequest(MicroserviceClient.java:46)
	at dev.mars.vertx.gateway.handler.ServiceRequestHandler.handleRequest(ServiceRequestHandler.java:35)
	at dev.mars.vertx.gateway.handler.ServiceOneHandler.handleRequest(ServiceOneHandler.java:28)
	at dev.mars.vertx.gateway.handler.AbstractRequestHandler.handle(AbstractRequestHandler.java:18)
	at io.vertx.ext.web.impl.RouteState.handleContext(RouteState.java:1286)
	at io.vertx.ext.web.impl.RoutingContextImplBase.iterateNext(RoutingContextImplBase.java:177)
	at io.vertx.ext.web.impl.RoutingContextImpl.next(RoutingContextImpl.java:144)
	at io.vertx.ext.web.handler.impl.BodyHandlerImpl$BHandler.doEnd(BodyHandlerImpl.java:359)
	at io.vertx.ext.web.handler.impl.BodyHandlerImpl$BHandler.end(BodyHandlerImpl.java:336)
	at io.vertx.core.impl.ContextInternal.dispatch(ContextInternal.java:277)
	at io.vertx.core.impl.ContextInternal.dispatch(ContextInternal.java:259)
	at io.vertx.core.http.impl.HttpEventHandler.handleEnd(HttpEventHandler.java:76)
	at io.vertx.core.http.impl.Http1xServerRequest.onEnd(Http1xServerRequest.java:595)
	at io.vertx.core.http.impl.Http1xServerRequest.lambda$pendingQueue$1(Http1xServerRequest.java:133)
	at io.vertx.core.streams.impl.InboundBuffer.handleEvent(InboundBuffer.java:255)
	at io.vertx.core.streams.impl.InboundBuffer.write(InboundBuffer.java:134)
	at io.vertx.core.http.impl.Http1xServerRequest.handleEnd(Http1xServerRequest.java:576)
	at io.vertx.core.impl.EventLoopContext.execute(EventLoopContext.java:76)
	at io.vertx.core.impl.DuplicatedContext.execute(DuplicatedContext.java:174)
	at io.vertx.core.http.impl.Http1xServerConnection.onEnd(Http1xServerConnection.java:221)
	at io.vertx.core.http.impl.Http1xServerConnection.onContent(Http1xServerConnection.java:209)
	at io.vertx.core.http.impl.Http1xServerConnection.handleOther(Http1xServerConnection.java:189)
	at io.vertx.core.http.impl.Http1xServerConnection.handleMessage(Http1xServerConnection.java:176)
	at io.vertx.core.net.impl.ConnectionBase.read(ConnectionBase.java:159)
	at io.vertx.core.net.impl.VertxHandler.channelRead(VertxHandler.java:153)
	at io.netty.channel.AbstractChannelHandlerContext.invokeChannelRead(AbstractChannelHandlerContext.java:442)
	at io.netty.channel.AbstractChannelHandlerContext.invokeChannelRead(AbstractChannelHandlerContext.java:420)
	at io.netty.channel.AbstractChannelHandlerContext.fireChannelRead(AbstractChannelHandlerContext.java:412)
	at io.netty.channel.ChannelInboundHandlerAdapter.channelRead(ChannelInboundHandlerAdapter.java:93)
	at io.netty.handler.codec.http.websocketx.extensions.WebSocketServerExtensionHandler.channelRead(WebSocketServerExtensionHandler.java:88)
	at io.netty.channel.AbstractChannelHandlerContext.invokeChannelRead(AbstractChannelHandlerContext.java:442)
	at io.netty.channel.AbstractChannelHandlerContext.invokeChannelRead(AbstractChannelHandlerContext.java:420)
	at io.netty.channel.AbstractChannelHandlerContext.fireChannelRead(AbstractChannelHandlerContext.java:412)
	at io.netty.handler.codec.ByteToMessageDecoder.fireChannelRead(ByteToMessageDecoder.java:346)
	at io.netty.handler.codec.ByteToMessageDecoder.channelRead(ByteToMessageDecoder.java:318)
	at io.netty.channel.AbstractChannelHandlerContext.invokeChannelRead(AbstractChannelHandlerContext.java:444)
	at io.netty.channel.AbstractChannelHandlerContext.invokeChannelRead(AbstractChannelHandlerContext.java:420)
	at io.netty.channel.AbstractChannelHandlerContext.fireChannelRead(AbstractChannelHandlerContext.java:412)
	at io.vertx.core.http.impl.Http1xOrH2CHandler.end(Http1xOrH2CHandler.java:61)
	at io.vertx.core.http.impl.Http1xOrH2CHandler.channelRead(Http1xOrH2CHandler.java:38)
	at io.netty.channel.AbstractChannelHandlerContext.invokeChannelRead(AbstractChannelHandlerContext.java:444)
	at io.netty.channel.AbstractChannelHandlerContext.invokeChannelRead(AbstractChannelHandlerContext.java:420)
	at io.netty.channel.AbstractChannelHandlerContext.fireChannelRead(AbstractChannelHandlerContext.java:412)
	at io.netty.channel.DefaultChannelPipeline$HeadContext.channelRead(DefaultChannelPipeline.java:1410)
	at io.netty.channel.AbstractChannelHandlerContext.invokeChannelRead(AbstractChannelHandlerContext.java:440)
	at io.netty.channel.AbstractChannelHandlerContext.invokeChannelRead(AbstractChannelHandlerContext.java:420)
	at io.netty.channel.DefaultChannelPipeline.fireChannelRead(DefaultChannelPipeline.java:919)
	at io.netty.channel.nio.AbstractNioByteChannel$NioByteUnsafe.read(AbstractNioByteChannel.java:166)
	at io.netty.channel.nio.NioEventLoop.processSelectedKey(NioEventLoop.java:788)
	at io.netty.channel.nio.NioEventLoop.processSelectedKeysOptimized(NioEventLoop.java:724)
	at io.netty.channel.nio.NioEventLoop.processSelectedKeys(NioEventLoop.java:650)
	at io.netty.channel.nio.NioEventLoop.run(NioEventLoop.java:562)
	at io.netty.util.concurrent.SingleThreadEventExecutor$4.run(SingleThreadEventExecutor.java:997)
	at io.netty.util.internal.ThreadExecutorMap$2.run(ThreadExecutorMap.java:74)
	at io.netty.util.concurrent.FastThreadLocalRunnable.run(FastThreadLocalRunnable.java:30)
	at java.base/java.lang.Thread.run(Thread.java:1447)
2025-06-01 22:00:04.195 [vert.x-eventloop-thread-3] ERROR d.m.v.g.handler.ServiceOneHandler - Error calling service-one service
io.vertx.core.eventbus.ReplyException: No handlers for address service.service-one
	at io.vertx.core.eventbus.impl.EventBusImpl.deliverMessageLocally(EventBusImpl.java:384)
	at io.vertx.core.eventbus.impl.EventBusImpl.sendLocally(EventBusImpl.java:341)
	at io.vertx.core.eventbus.impl.EventBusImpl.sendOrPub(EventBusImpl.java:329)
	at io.vertx.core.eventbus.impl.OutboundDeliveryContext.execute(OutboundDeliveryContext.java:109)
	at io.vertx.core.eventbus.impl.DeliveryContextBase.next(DeliveryContextBase.java:80)
	at io.vertx.core.eventbus.impl.OutboundDeliveryContext.next(OutboundDeliveryContext.java:28)
	at io.vertx.core.eventbus.impl.EventBusImpl.sendOrPubInternal(EventBusImpl.java:422)
	at io.vertx.core.eventbus.impl.EventBusImpl.sendOrPubInternal(EventBusImpl.java:428)
	at io.vertx.core.eventbus.impl.EventBusImpl.request(EventBusImpl.java:127)
	at io.vertx.core.eventbus.EventBus.request(EventBus.java:106)
	at dev.mars.vertx.common.eventbus.EventBusService.lambda$send$0(EventBusService.java:65)
	at io.vertx.core.Future.future(Future.java:194)
	at dev.mars.vertx.common.eventbus.EventBusService.send(EventBusService.java:64)
	at dev.mars.vertx.common.eventbus.EventBusService.send(EventBusService.java:46)
	at dev.mars.vertx.gateway.service.MicroserviceClient.lambda$sendRequest$0(MicroserviceClient.java:47)
	at io.vertx.circuitbreaker.impl.CircuitBreakerImpl.executeOperation(CircuitBreakerImpl.java:410)
	at io.vertx.circuitbreaker.impl.CircuitBreakerImpl.executeAndReportWithFallback(CircuitBreakerImpl.java:255)
	at io.vertx.circuitbreaker.impl.CircuitBreakerImpl.executeWithFallback(CircuitBreakerImpl.java:426)
	at io.vertx.circuitbreaker.impl.CircuitBreakerImpl.execute(CircuitBreakerImpl.java:431)
	at dev.mars.vertx.gateway.service.MicroserviceClient.sendRequest(MicroserviceClient.java:46)
	at dev.mars.vertx.gateway.handler.ServiceRequestHandler.handleRequest(ServiceRequestHandler.java:35)
	at dev.mars.vertx.gateway.handler.ServiceOneHandler.handleRequest(ServiceOneHandler.java:28)
	at dev.mars.vertx.gateway.handler.AbstractRequestHandler.handle(AbstractRequestHandler.java:18)
	at io.vertx.ext.web.impl.RouteState.handleContext(RouteState.java:1286)
	at io.vertx.ext.web.impl.RoutingContextImplBase.iterateNext(RoutingContextImplBase.java:177)
	at io.vertx.ext.web.impl.RoutingContextImpl.next(RoutingContextImpl.java:144)
	at io.vertx.ext.web.handler.impl.BodyHandlerImpl$BHandler.doEnd(BodyHandlerImpl.java:359)
	at io.vertx.ext.web.handler.impl.BodyHandlerImpl$BHandler.end(BodyHandlerImpl.java:336)
	at io.vertx.core.impl.ContextInternal.dispatch(ContextInternal.java:277)
	at io.vertx.core.impl.ContextInternal.dispatch(ContextInternal.java:259)
	at io.vertx.core.http.impl.HttpEventHandler.handleEnd(HttpEventHandler.java:76)
	at io.vertx.core.http.impl.Http1xServerRequest.onEnd(Http1xServerRequest.java:595)
	at io.vertx.core.http.impl.Http1xServerRequest.lambda$pendingQueue$1(Http1xServerRequest.java:133)
	at io.vertx.core.streams.impl.InboundBuffer.handleEvent(InboundBuffer.java:255)
	at io.vertx.core.streams.impl.InboundBuffer.write(InboundBuffer.java:134)
	at io.vertx.core.http.impl.Http1xServerRequest.handleEnd(Http1xServerRequest.java:576)
	at io.vertx.core.impl.EventLoopContext.execute(EventLoopContext.java:76)
	at io.vertx.core.impl.DuplicatedContext.execute(DuplicatedContext.java:174)
	at io.vertx.core.http.impl.Http1xServerConnection.onEnd(Http1xServerConnection.java:221)
	at io.vertx.core.http.impl.Http1xServerConnection.onContent(Http1xServerConnection.java:209)
	at io.vertx.core.http.impl.Http1xServerConnection.handleOther(Http1xServerConnection.java:189)
	at io.vertx.core.http.impl.Http1xServerConnection.handleMessage(Http1xServerConnection.java:176)
	at io.vertx.core.net.impl.ConnectionBase.read(ConnectionBase.java:159)
	at io.vertx.core.net.impl.VertxHandler.channelRead(VertxHandler.java:153)
	at io.netty.channel.AbstractChannelHandlerContext.invokeChannelRead(AbstractChannelHandlerContext.java:442)
	at io.netty.channel.AbstractChannelHandlerContext.invokeChannelRead(AbstractChannelHandlerContext.java:420)
	at io.netty.channel.AbstractChannelHandlerContext.fireChannelRead(AbstractChannelHandlerContext.java:412)
	at io.netty.channel.ChannelInboundHandlerAdapter.channelRead(ChannelInboundHandlerAdapter.java:93)
	at io.netty.handler.codec.http.websocketx.extensions.WebSocketServerExtensionHandler.channelRead(WebSocketServerExtensionHandler.java:88)
	at io.netty.channel.AbstractChannelHandlerContext.invokeChannelRead(AbstractChannelHandlerContext.java:442)
	at io.netty.channel.AbstractChannelHandlerContext.invokeChannelRead(AbstractChannelHandlerContext.java:420)
	at io.netty.channel.AbstractChannelHandlerContext.fireChannelRead(AbstractChannelHandlerContext.java:412)
	at io.netty.handler.codec.ByteToMessageDecoder.fireChannelRead(ByteToMessageDecoder.java:346)
	at io.netty.handler.codec.ByteToMessageDecoder.channelRead(ByteToMessageDecoder.java:318)
	at io.netty.channel.AbstractChannelHandlerContext.invokeChannelRead(AbstractChannelHandlerContext.java:444)
	at io.netty.channel.AbstractChannelHandlerContext.invokeChannelRead(AbstractChannelHandlerContext.java:420)
	at io.netty.channel.AbstractChannelHandlerContext.fireChannelRead(AbstractChannelHandlerContext.java:412)
	at io.vertx.core.http.impl.Http1xOrH2CHandler.end(Http1xOrH2CHandler.java:61)
	at io.vertx.core.http.impl.Http1xOrH2CHandler.channelRead(Http1xOrH2CHandler.java:38)
	at io.netty.channel.AbstractChannelHandlerContext.invokeChannelRead(AbstractChannelHandlerContext.java:444)
	at io.netty.channel.AbstractChannelHandlerContext.invokeChannelRead(AbstractChannelHandlerContext.java:420)
	at io.netty.channel.AbstractChannelHandlerContext.fireChannelRead(AbstractChannelHandlerContext.java:412)
	at io.netty.channel.DefaultChannelPipeline$HeadContext.channelRead(DefaultChannelPipeline.java:1410)
	at io.netty.channel.AbstractChannelHandlerContext.invokeChannelRead(AbstractChannelHandlerContext.java:440)
	at io.netty.channel.AbstractChannelHandlerContext.invokeChannelRead(AbstractChannelHandlerContext.java:420)
	at io.netty.channel.DefaultChannelPipeline.fireChannelRead(DefaultChannelPipeline.java:919)
	at io.netty.channel.nio.AbstractNioByteChannel$NioByteUnsafe.read(AbstractNioByteChannel.java:166)
	at io.netty.channel.nio.NioEventLoop.processSelectedKey(NioEventLoop.java:788)
	at io.netty.channel.nio.NioEventLoop.processSelectedKeysOptimized(NioEventLoop.java:724)
	at io.netty.channel.nio.NioEventLoop.processSelectedKeys(NioEventLoop.java:650)
	at io.netty.channel.nio.NioEventLoop.run(NioEventLoop.java:562)
	at io.netty.util.concurrent.SingleThreadEventExecutor$4.run(SingleThreadEventExecutor.java:997)
	at io.netty.util.internal.ThreadExecutorMap$2.run(ThreadExecutorMap.java:74)
	at io.netty.util.concurrent.FastThreadLocalRunnable.run(FastThreadLocalRunnable.java:30)
	at java.base/java.lang.Thread.run(Thread.java:1447)
2025-06-01 22:00:04.196 [vert.x-eventloop-thread-3] ERROR d.m.v.g.handler.ServiceOneHandler - Error handling request: Service unavailable: No handlers for address service.service-one
java.lang.RuntimeException: Service unavailable: No handlers for address service.service-one
	at dev.mars.vertx.gateway.handler.ServiceRequestHandler.lambda$handleRequest$1(ServiceRequestHandler.java:42)
	at io.vertx.core.impl.future.FutureImpl$2.onFailure(FutureImpl.java:117)
	at io.vertx.core.impl.future.FutureImpl$ListenerArray.onFailure(FutureImpl.java:268)
	at io.vertx.core.impl.future.FutureBase.emitFailure(FutureBase.java:75)
	at io.vertx.core.impl.future.FutureImpl.tryFail(FutureImpl.java:230)
	at io.vertx.core.impl.future.PromiseImpl.tryFail(PromiseImpl.java:23)
	at io.vertx.core.Promise.fail(Promise.java:89)
	at io.vertx.circuitbreaker.impl.CircuitBreakerImpl.invokeFallback(CircuitBreakerImpl.java:356)
	at io.vertx.circuitbreaker.impl.CircuitBreakerImpl.lambda$null$4(CircuitBreakerImpl.java:237)
	at io.vertx.core.impl.ContextInternal.dispatch(ContextInternal.java:277)
	at io.vertx.core.impl.ContextInternal.dispatch(ContextInternal.java:259)
	at io.vertx.core.impl.EventLoopContext.lambda$runOnContext$0(EventLoopContext.java:43)
	at io.netty.util.concurrent.AbstractEventExecutor.runTask(AbstractEventExecutor.java:173)
	at io.netty.util.concurrent.AbstractEventExecutor.safeExecute(AbstractEventExecutor.java:166)
	at io.netty.util.concurrent.SingleThreadEventExecutor.runAllTasks(SingleThreadEventExecutor.java:470)
	at io.netty.channel.nio.NioEventLoop.run(NioEventLoop.java:566)
	at io.netty.util.concurrent.SingleThreadEventExecutor$4.run(SingleThreadEventExecutor.java:997)
	at io.netty.util.internal.ThreadExecutorMap$2.run(ThreadExecutorMap.java:74)
	at io.netty.util.concurrent.FastThreadLocalRunnable.run(FastThreadLocalRunnable.java:30)
	at java.base/java.lang.Thread.run(Thread.java:1447)
2025-06-01 22:00:04.197 [vert.x-eventloop-thread-3] ERROR i.v.e.w.h.impl.LoggerHandlerImpl - 127.0.0.1 - - [Sun, 1 Jun 2025 14:00:04 GMT] "POST /api/service-one HTTP/1.1" 500 136 "-" "Vert.x-WebClient/4.4.6"
2025-06-01 22:00:04.198 [vert.x-eventloop-thread-1] INFO  d.m.v.b.VertxReferenceBootstrap - Create item response: {"error":"Internal Server Error","message":"Service unavailable: No handlers for address service.service-one","path":"/api/service-one"}
2025-06-01 22:00:04.198 [vert.x-eventloop-thread-1] INFO  d.m.v.b.VertxReferenceBootstrap - Created item with ID: null
2025-06-01 22:00:04.198 [vert.x-eventloop-thread-1] INFO  d.m.v.b.VertxReferenceBootstrap - Getting item from Service One: null
2025-06-01 22:00:04.199 [vert.x-eventloop-thread-1] INFO  d.m.v.b.VertxReferenceBootstrap - Updating item in Service One: null
2025-06-01 22:00:04.200 [vert.x-eventloop-thread-3] ERROR d.m.v.c.eventbus.EventBusService - Error sending message to service.service-one: No handlers for address service.service-one
2025-06-01 22:00:04.200 [vert.x-eventloop-thread-3] ERROR d.m.v.g.service.MicroserviceClient - Service service.service-one request failed
io.vertx.core.eventbus.ReplyException: No handlers for address service.service-one
	at io.vertx.core.eventbus.impl.EventBusImpl.deliverMessageLocally(EventBusImpl.java:384)
	at io.vertx.core.eventbus.impl.EventBusImpl.sendLocally(EventBusImpl.java:341)
	at io.vertx.core.eventbus.impl.EventBusImpl.sendOrPub(EventBusImpl.java:329)
	at io.vertx.core.eventbus.impl.OutboundDeliveryContext.execute(OutboundDeliveryContext.java:109)
	at io.vertx.core.eventbus.impl.DeliveryContextBase.next(DeliveryContextBase.java:80)
	at io.vertx.core.eventbus.impl.OutboundDeliveryContext.next(OutboundDeliveryContext.java:28)
	at io.vertx.core.eventbus.impl.EventBusImpl.sendOrPubInternal(EventBusImpl.java:422)
	at io.vertx.core.eventbus.impl.EventBusImpl.sendOrPubInternal(EventBusImpl.java:428)
	at io.vertx.core.eventbus.impl.EventBusImpl.request(EventBusImpl.java:127)
	at io.vertx.core.eventbus.EventBus.request(EventBus.java:106)
	at dev.mars.vertx.common.eventbus.EventBusService.lambda$send$0(EventBusService.java:65)
	at io.vertx.core.Future.future(Future.java:194)
	at dev.mars.vertx.common.eventbus.EventBusService.send(EventBusService.java:64)
	at dev.mars.vertx.common.eventbus.EventBusService.send(EventBusService.java:46)
	at dev.mars.vertx.gateway.service.MicroserviceClient.lambda$sendRequest$0(MicroserviceClient.java:47)
	at io.vertx.circuitbreaker.impl.CircuitBreakerImpl.executeOperation(CircuitBreakerImpl.java:410)
	at io.vertx.circuitbreaker.impl.CircuitBreakerImpl.executeAndReportWithFallback(CircuitBreakerImpl.java:255)
	at io.vertx.circuitbreaker.impl.CircuitBreakerImpl.executeWithFallback(CircuitBreakerImpl.java:426)
	at io.vertx.circuitbreaker.impl.CircuitBreakerImpl.execute(CircuitBreakerImpl.java:431)
	at dev.mars.vertx.gateway.service.MicroserviceClient.sendRequest(MicroserviceClient.java:46)
	at dev.mars.vertx.gateway.handler.ServiceRequestHandler.handleRequest(ServiceRequestHandler.java:35)
	at dev.mars.vertx.gateway.handler.ServiceOneHandler.handleRequest(ServiceOneHandler.java:28)
	at dev.mars.vertx.gateway.handler.AbstractRequestHandler.handle(AbstractRequestHandler.java:18)
	at io.vertx.ext.web.impl.RouteState.handleContext(RouteState.java:1286)
	at io.vertx.ext.web.impl.RoutingContextImplBase.iterateNext(RoutingContextImplBase.java:177)
	at io.vertx.ext.web.impl.RoutingContextImpl.next(RoutingContextImpl.java:144)
	at io.vertx.ext.web.handler.impl.BodyHandlerImpl.handle(BodyHandlerImpl.java:95)
	at io.vertx.ext.web.handler.impl.BodyHandlerImpl.handle(BodyHandlerImpl.java:45)
	at io.vertx.ext.web.impl.RouteState.handleContext(RouteState.java:1286)
	at io.vertx.ext.web.impl.RoutingContextImplBase.iterateNext(RoutingContextImplBase.java:177)
	at io.vertx.ext.web.impl.RoutingContextImpl.next(RoutingContextImpl.java:144)
	at io.vertx.ext.web.handler.impl.ResponseTimeHandlerImpl.handle(ResponseTimeHandlerImpl.java:39)
	at io.vertx.ext.web.handler.impl.ResponseTimeHandlerImpl.handle(ResponseTimeHandlerImpl.java:28)
	at io.vertx.ext.web.impl.RouteState.handleContext(RouteState.java:1286)
	at io.vertx.ext.web.impl.RoutingContextImplBase.iterateNext(RoutingContextImplBase.java:177)
	at io.vertx.ext.web.impl.RoutingContextImpl.next(RoutingContextImpl.java:144)
	at io.vertx.ext.web.handler.impl.LoggerHandlerImpl.handle(LoggerHandlerImpl.java:189)
	at io.vertx.ext.web.handler.impl.LoggerHandlerImpl.handle(LoggerHandlerImpl.java:48)
	at io.vertx.ext.web.impl.RouteState.handleContext(RouteState.java:1286)
	at io.vertx.ext.web.impl.RoutingContextImplBase.iterateNext(RoutingContextImplBase.java:177)
	at io.vertx.ext.web.impl.RoutingContextImpl.next(RoutingContextImpl.java:144)
	at io.vertx.ext.web.handler.impl.CorsHandlerImpl.handle(CorsHandlerImpl.java:204)
	at io.vertx.ext.web.handler.impl.CorsHandlerImpl.handle(CorsHandlerImpl.java:41)
	at io.vertx.ext.web.impl.RouteState.handleContext(RouteState.java:1286)
	at io.vertx.ext.web.impl.RoutingContextImplBase.iterateNext(RoutingContextImplBase.java:177)
	at io.vertx.ext.web.impl.RoutingContextImpl.next(RoutingContextImpl.java:144)
	at io.vertx.ext.web.impl.RouterImpl.handle(RouterImpl.java:68)
	at io.vertx.ext.web.impl.RouterImpl.handle(RouterImpl.java:37)
	at io.vertx.core.http.impl.Http1xServerRequestHandler.handle(Http1xServerRequestHandler.java:67)
	at io.vertx.core.http.impl.Http1xServerRequestHandler.handle(Http1xServerRequestHandler.java:30)
	at io.vertx.core.impl.EventLoopContext.emit(EventLoopContext.java:55)
	at io.vertx.core.impl.DuplicatedContext.emit(DuplicatedContext.java:179)
	at io.vertx.core.http.impl.Http1xServerConnection.handleMessage(Http1xServerConnection.java:174)
	at io.vertx.core.net.impl.ConnectionBase.read(ConnectionBase.java:159)
	at io.vertx.core.net.impl.VertxHandler.channelRead(VertxHandler.java:153)
	at io.netty.channel.AbstractChannelHandlerContext.invokeChannelRead(AbstractChannelHandlerContext.java:442)
	at io.netty.channel.AbstractChannelHandlerContext.invokeChannelRead(AbstractChannelHandlerContext.java:420)
	at io.netty.channel.AbstractChannelHandlerContext.fireChannelRead(AbstractChannelHandlerContext.java:412)
	at io.netty.channel.ChannelInboundHandlerAdapter.channelRead(ChannelInboundHandlerAdapter.java:93)
	at io.netty.handler.codec.http.websocketx.extensions.WebSocketServerExtensionHandler.onHttpRequestChannelRead(WebSocketServerExtensionHandler.java:160)
	at io.netty.handler.codec.http.websocketx.extensions.WebSocketServerExtensionHandler.channelRead(WebSocketServerExtensionHandler.java:83)
	at io.netty.channel.AbstractChannelHandlerContext.invokeChannelRead(AbstractChannelHandlerContext.java:442)
	at io.netty.channel.AbstractChannelHandlerContext.invokeChannelRead(AbstractChannelHandlerContext.java:420)
	at io.netty.channel.AbstractChannelHandlerContext.fireChannelRead(AbstractChannelHandlerContext.java:412)
	at io.netty.handler.codec.ByteToMessageDecoder.fireChannelRead(ByteToMessageDecoder.java:346)
	at io.netty.handler.codec.ByteToMessageDecoder.channelRead(ByteToMessageDecoder.java:318)
	at io.netty.channel.AbstractChannelHandlerContext.invokeChannelRead(AbstractChannelHandlerContext.java:444)
	at io.netty.channel.AbstractChannelHandlerContext.invokeChannelRead(AbstractChannelHandlerContext.java:420)
	at io.netty.channel.AbstractChannelHandlerContext.fireChannelRead(AbstractChannelHandlerContext.java:412)
	at io.netty.channel.DefaultChannelPipeline$HeadContext.channelRead(DefaultChannelPipeline.java:1410)
	at io.netty.channel.AbstractChannelHandlerContext.invokeChannelRead(AbstractChannelHandlerContext.java:440)
	at io.netty.channel.AbstractChannelHandlerContext.invokeChannelRead(AbstractChannelHandlerContext.java:420)
	at io.netty.channel.DefaultChannelPipeline.fireChannelRead(DefaultChannelPipeline.java:919)
	at io.netty.channel.nio.AbstractNioByteChannel$NioByteUnsafe.read(AbstractNioByteChannel.java:166)
	at io.netty.channel.nio.NioEventLoop.processSelectedKey(NioEventLoop.java:788)
	at io.netty.channel.nio.NioEventLoop.processSelectedKeysOptimized(NioEventLoop.java:724)
	at io.netty.channel.nio.NioEventLoop.processSelectedKeys(NioEventLoop.java:650)
	at io.netty.channel.nio.NioEventLoop.run(NioEventLoop.java:562)
	at io.netty.util.concurrent.SingleThreadEventExecutor$4.run(SingleThreadEventExecutor.java:997)
	at io.netty.util.internal.ThreadExecutorMap$2.run(ThreadExecutorMap.java:74)
	at io.netty.util.concurrent.FastThreadLocalRunnable.run(FastThreadLocalRunnable.java:30)
	at java.base/java.lang.Thread.run(Thread.java:1447)
2025-06-01 22:00:04.201 [vert.x-eventloop-thread-3] ERROR d.m.v.g.handler.ServiceOneHandler - Error calling service-one service
io.vertx.core.eventbus.ReplyException: No handlers for address service.service-one
	at io.vertx.core.eventbus.impl.EventBusImpl.deliverMessageLocally(EventBusImpl.java:384)
	at io.vertx.core.eventbus.impl.EventBusImpl.sendLocally(EventBusImpl.java:341)
	at io.vertx.core.eventbus.impl.EventBusImpl.sendOrPub(EventBusImpl.java:329)
	at io.vertx.core.eventbus.impl.OutboundDeliveryContext.execute(OutboundDeliveryContext.java:109)
	at io.vertx.core.eventbus.impl.DeliveryContextBase.next(DeliveryContextBase.java:80)
	at io.vertx.core.eventbus.impl.OutboundDeliveryContext.next(OutboundDeliveryContext.java:28)
	at io.vertx.core.eventbus.impl.EventBusImpl.sendOrPubInternal(EventBusImpl.java:422)
	at io.vertx.core.eventbus.impl.EventBusImpl.sendOrPubInternal(EventBusImpl.java:428)
	at io.vertx.core.eventbus.impl.EventBusImpl.request(EventBusImpl.java:127)
	at io.vertx.core.eventbus.EventBus.request(EventBus.java:106)
	at dev.mars.vertx.common.eventbus.EventBusService.lambda$send$0(EventBusService.java:65)
	at io.vertx.core.Future.future(Future.java:194)
	at dev.mars.vertx.common.eventbus.EventBusService.send(EventBusService.java:64)
	at dev.mars.vertx.common.eventbus.EventBusService.send(EventBusService.java:46)
	at dev.mars.vertx.gateway.service.MicroserviceClient.lambda$sendRequest$0(MicroserviceClient.java:47)
	at io.vertx.circuitbreaker.impl.CircuitBreakerImpl.executeOperation(CircuitBreakerImpl.java:410)
	at io.vertx.circuitbreaker.impl.CircuitBreakerImpl.executeAndReportWithFallback(CircuitBreakerImpl.java:255)
	at io.vertx.circuitbreaker.impl.CircuitBreakerImpl.executeWithFallback(CircuitBreakerImpl.java:426)
	at io.vertx.circuitbreaker.impl.CircuitBreakerImpl.execute(CircuitBreakerImpl.java:431)
	at dev.mars.vertx.gateway.service.MicroserviceClient.sendRequest(MicroserviceClient.java:46)
	at dev.mars.vertx.gateway.handler.ServiceRequestHandler.handleRequest(ServiceRequestHandler.java:35)
	at dev.mars.vertx.gateway.handler.ServiceOneHandler.handleRequest(ServiceOneHandler.java:28)
	at dev.mars.vertx.gateway.handler.AbstractRequestHandler.handle(AbstractRequestHandler.java:18)
	at io.vertx.ext.web.impl.RouteState.handleContext(RouteState.java:1286)
	at io.vertx.ext.web.impl.RoutingContextImplBase.iterateNext(RoutingContextImplBase.java:177)
	at io.vertx.ext.web.impl.RoutingContextImpl.next(RoutingContextImpl.java:144)
	at io.vertx.ext.web.handler.impl.BodyHandlerImpl.handle(BodyHandlerImpl.java:95)
	at io.vertx.ext.web.handler.impl.BodyHandlerImpl.handle(BodyHandlerImpl.java:45)
	at io.vertx.ext.web.impl.RouteState.handleContext(RouteState.java:1286)
	at io.vertx.ext.web.impl.RoutingContextImplBase.iterateNext(RoutingContextImplBase.java:177)
	at io.vertx.ext.web.impl.RoutingContextImpl.next(RoutingContextImpl.java:144)
	at io.vertx.ext.web.handler.impl.ResponseTimeHandlerImpl.handle(ResponseTimeHandlerImpl.java:39)
	at io.vertx.ext.web.handler.impl.ResponseTimeHandlerImpl.handle(ResponseTimeHandlerImpl.java:28)
	at io.vertx.ext.web.impl.RouteState.handleContext(RouteState.java:1286)
	at io.vertx.ext.web.impl.RoutingContextImplBase.iterateNext(RoutingContextImplBase.java:177)
	at io.vertx.ext.web.impl.RoutingContextImpl.next(RoutingContextImpl.java:144)
	at io.vertx.ext.web.handler.impl.LoggerHandlerImpl.handle(LoggerHandlerImpl.java:189)
	at io.vertx.ext.web.handler.impl.LoggerHandlerImpl.handle(LoggerHandlerImpl.java:48)
	at io.vertx.ext.web.impl.RouteState.handleContext(RouteState.java:1286)
	at io.vertx.ext.web.impl.RoutingContextImplBase.iterateNext(RoutingContextImplBase.java:177)
	at io.vertx.ext.web.impl.RoutingContextImpl.next(RoutingContextImpl.java:144)
	at io.vertx.ext.web.handler.impl.CorsHandlerImpl.handle(CorsHandlerImpl.java:204)
	at io.vertx.ext.web.handler.impl.CorsHandlerImpl.handle(CorsHandlerImpl.java:41)
	at io.vertx.ext.web.impl.RouteState.handleContext(RouteState.java:1286)
	at io.vertx.ext.web.impl.RoutingContextImplBase.iterateNext(RoutingContextImplBase.java:177)
	at io.vertx.ext.web.impl.RoutingContextImpl.next(RoutingContextImpl.java:144)
	at io.vertx.ext.web.impl.RouterImpl.handle(RouterImpl.java:68)
	at io.vertx.ext.web.impl.RouterImpl.handle(RouterImpl.java:37)
	at io.vertx.core.http.impl.Http1xServerRequestHandler.handle(Http1xServerRequestHandler.java:67)
	at io.vertx.core.http.impl.Http1xServerRequestHandler.handle(Http1xServerRequestHandler.java:30)
	at io.vertx.core.impl.EventLoopContext.emit(EventLoopContext.java:55)
	at io.vertx.core.impl.DuplicatedContext.emit(DuplicatedContext.java:179)
	at io.vertx.core.http.impl.Http1xServerConnection.handleMessage(Http1xServerConnection.java:174)
	at io.vertx.core.net.impl.ConnectionBase.read(ConnectionBase.java:159)
	at io.vertx.core.net.impl.VertxHandler.channelRead(VertxHandler.java:153)
	at io.netty.channel.AbstractChannelHandlerContext.invokeChannelRead(AbstractChannelHandlerContext.java:442)
	at io.netty.channel.AbstractChannelHandlerContext.invokeChannelRead(AbstractChannelHandlerContext.java:420)
	at io.netty.channel.AbstractChannelHandlerContext.fireChannelRead(AbstractChannelHandlerContext.java:412)
	at io.netty.channel.ChannelInboundHandlerAdapter.channelRead(ChannelInboundHandlerAdapter.java:93)
	at io.netty.handler.codec.http.websocketx.extensions.WebSocketServerExtensionHandler.onHttpRequestChannelRead(WebSocketServerExtensionHandler.java:160)
	at io.netty.handler.codec.http.websocketx.extensions.WebSocketServerExtensionHandler.channelRead(WebSocketServerExtensionHandler.java:83)
	at io.netty.channel.AbstractChannelHandlerContext.invokeChannelRead(AbstractChannelHandlerContext.java:442)
	at io.netty.channel.AbstractChannelHandlerContext.invokeChannelRead(AbstractChannelHandlerContext.java:420)
	at io.netty.channel.AbstractChannelHandlerContext.fireChannelRead(AbstractChannelHandlerContext.java:412)
	at io.netty.handler.codec.ByteToMessageDecoder.fireChannelRead(ByteToMessageDecoder.java:346)
	at io.netty.handler.codec.ByteToMessageDecoder.channelRead(ByteToMessageDecoder.java:318)
	at io.netty.channel.AbstractChannelHandlerContext.invokeChannelRead(AbstractChannelHandlerContext.java:444)
	at io.netty.channel.AbstractChannelHandlerContext.invokeChannelRead(AbstractChannelHandlerContext.java:420)
	at io.netty.channel.AbstractChannelHandlerContext.fireChannelRead(AbstractChannelHandlerContext.java:412)
	at io.netty.channel.DefaultChannelPipeline$HeadContext.channelRead(DefaultChannelPipeline.java:1410)
	at io.netty.channel.AbstractChannelHandlerContext.invokeChannelRead(AbstractChannelHandlerContext.java:440)
	at io.netty.channel.AbstractChannelHandlerContext.invokeChannelRead(AbstractChannelHandlerContext.java:420)
	at io.netty.channel.DefaultChannelPipeline.fireChannelRead(DefaultChannelPipeline.java:919)
	at io.netty.channel.nio.AbstractNioByteChannel$NioByteUnsafe.read(AbstractNioByteChannel.java:166)
	at io.netty.channel.nio.NioEventLoop.processSelectedKey(NioEventLoop.java:788)
	at io.netty.channel.nio.NioEventLoop.processSelectedKeysOptimized(NioEventLoop.java:724)
	at io.netty.channel.nio.NioEventLoop.processSelectedKeys(NioEventLoop.java:650)
	at io.netty.channel.nio.NioEventLoop.run(NioEventLoop.java:562)
	at io.netty.util.concurrent.SingleThreadEventExecutor$4.run(SingleThreadEventExecutor.java:997)
	at io.netty.util.internal.ThreadExecutorMap$2.run(ThreadExecutorMap.java:74)
	at io.netty.util.concurrent.FastThreadLocalRunnable.run(FastThreadLocalRunnable.java:30)
	at java.base/java.lang.Thread.run(Thread.java:1447)
2025-06-01 22:00:04.202 [vert.x-eventloop-thread-3] ERROR d.m.v.g.handler.ServiceOneHandler - Error handling request: Service unavailable: No handlers for address service.service-one
java.lang.RuntimeException: Service unavailable: No handlers for address service.service-one
	at dev.mars.vertx.gateway.handler.ServiceRequestHandler.lambda$handleRequest$1(ServiceRequestHandler.java:42)
	at io.vertx.core.impl.future.FutureImpl$2.onFailure(FutureImpl.java:117)
	at io.vertx.core.impl.future.FutureImpl$ListenerArray.onFailure(FutureImpl.java:268)
	at io.vertx.core.impl.future.FutureBase.emitFailure(FutureBase.java:75)
	at io.vertx.core.impl.future.FutureImpl.tryFail(FutureImpl.java:230)
	at io.vertx.core.impl.future.PromiseImpl.tryFail(PromiseImpl.java:23)
	at io.vertx.core.Promise.fail(Promise.java:89)
	at io.vertx.circuitbreaker.impl.CircuitBreakerImpl.invokeFallback(CircuitBreakerImpl.java:356)
	at io.vertx.circuitbreaker.impl.CircuitBreakerImpl.lambda$null$4(CircuitBreakerImpl.java:237)
	at io.vertx.core.impl.ContextInternal.dispatch(ContextInternal.java:277)
	at io.vertx.core.impl.ContextInternal.dispatch(ContextInternal.java:259)
	at io.vertx.core.impl.EventLoopContext.lambda$runOnContext$0(EventLoopContext.java:43)
	at io.netty.util.concurrent.AbstractEventExecutor.runTask(AbstractEventExecutor.java:173)
	at io.netty.util.concurrent.AbstractEventExecutor.safeExecute(AbstractEventExecutor.java:166)
	at io.netty.util.concurrent.SingleThreadEventExecutor.runAllTasks(SingleThreadEventExecutor.java:470)
	at io.netty.channel.nio.NioEventLoop.run(NioEventLoop.java:566)
	at io.netty.util.concurrent.SingleThreadEventExecutor$4.run(SingleThreadEventExecutor.java:997)
	at io.netty.util.internal.ThreadExecutorMap$2.run(ThreadExecutorMap.java:74)
	at io.netty.util.concurrent.FastThreadLocalRunnable.run(FastThreadLocalRunnable.java:30)
	at java.base/java.lang.Thread.run(Thread.java:1447)
2025-06-01 22:00:04.202 [vert.x-eventloop-thread-1] INFO  d.m.v.b.VertxReferenceBootstrap - Listing all items from Service One
2025-06-01 22:00:04.202 [vert.x-eventloop-thread-3] ERROR i.v.e.w.h.impl.LoggerHandlerImpl - 127.0.0.1 - - [Sun, 1 Jun 2025 14:00:04 GMT] "GET /api/service-one/null HTTP/1.1" 500 141 "-" "Vert.x-WebClient/4.4.6"
2025-06-01 22:00:04.203 [vert.x-eventloop-thread-1] INFO  d.m.v.b.VertxReferenceBootstrap - Deleting item from Service One: null
2025-06-01 22:00:04.204 [vert.x-eventloop-thread-3] ERROR d.m.v.c.eventbus.EventBusService - Error sending message to service.service-one: No handlers for address service.service-one
2025-06-01 22:00:04.204 [vert.x-eventloop-thread-3] ERROR d.m.v.g.service.MicroserviceClient - Service service.service-one request failed
io.vertx.core.eventbus.ReplyException: No handlers for address service.service-one
	at io.vertx.core.eventbus.impl.EventBusImpl.deliverMessageLocally(EventBusImpl.java:384)
	at io.vertx.core.eventbus.impl.EventBusImpl.sendLocally(EventBusImpl.java:341)
	at io.vertx.core.eventbus.impl.EventBusImpl.sendOrPub(EventBusImpl.java:329)
	at io.vertx.core.eventbus.impl.OutboundDeliveryContext.execute(OutboundDeliveryContext.java:109)
	at io.vertx.core.eventbus.impl.DeliveryContextBase.next(DeliveryContextBase.java:80)
	at io.vertx.core.eventbus.impl.OutboundDeliveryContext.next(OutboundDeliveryContext.java:28)
	at io.vertx.core.eventbus.impl.EventBusImpl.sendOrPubInternal(EventBusImpl.java:422)
	at io.vertx.core.eventbus.impl.EventBusImpl.sendOrPubInternal(EventBusImpl.java:428)
	at io.vertx.core.eventbus.impl.EventBusImpl.request(EventBusImpl.java:127)
	at io.vertx.core.eventbus.EventBus.request(EventBus.java:106)
	at dev.mars.vertx.common.eventbus.EventBusService.lambda$send$0(EventBusService.java:65)
	at io.vertx.core.Future.future(Future.java:194)
	at dev.mars.vertx.common.eventbus.EventBusService.send(EventBusService.java:64)
	at dev.mars.vertx.common.eventbus.EventBusService.send(EventBusService.java:46)
	at dev.mars.vertx.gateway.service.MicroserviceClient.lambda$sendRequest$0(MicroserviceClient.java:47)
	at io.vertx.circuitbreaker.impl.CircuitBreakerImpl.executeOperation(CircuitBreakerImpl.java:410)
	at io.vertx.circuitbreaker.impl.CircuitBreakerImpl.executeAndReportWithFallback(CircuitBreakerImpl.java:255)
	at io.vertx.circuitbreaker.impl.CircuitBreakerImpl.executeWithFallback(CircuitBreakerImpl.java:426)
	at io.vertx.circuitbreaker.impl.CircuitBreakerImpl.execute(CircuitBreakerImpl.java:431)
	at dev.mars.vertx.gateway.service.MicroserviceClient.sendRequest(MicroserviceClient.java:46)
	at dev.mars.vertx.gateway.handler.ServiceRequestHandler.handleRequest(ServiceRequestHandler.java:35)
	at dev.mars.vertx.gateway.handler.ServiceOneHandler.handleRequest(ServiceOneHandler.java:28)
	at dev.mars.vertx.gateway.handler.AbstractRequestHandler.handle(AbstractRequestHandler.java:18)
	at io.vertx.ext.web.impl.RouteState.handleContext(RouteState.java:1286)
	at io.vertx.ext.web.impl.RoutingContextImplBase.iterateNext(RoutingContextImplBase.java:177)
	at io.vertx.ext.web.impl.RoutingContextImpl.next(RoutingContextImpl.java:144)
	at io.vertx.ext.web.handler.impl.BodyHandlerImpl$BHandler.doEnd(BodyHandlerImpl.java:359)
	at io.vertx.ext.web.handler.impl.BodyHandlerImpl$BHandler.end(BodyHandlerImpl.java:336)
	at io.vertx.core.impl.ContextInternal.dispatch(ContextInternal.java:277)
	at io.vertx.core.impl.ContextInternal.dispatch(ContextInternal.java:259)
	at io.vertx.core.http.impl.HttpEventHandler.handleEnd(HttpEventHandler.java:76)
	at io.vertx.core.http.impl.Http1xServerRequest.onEnd(Http1xServerRequest.java:595)
	at io.vertx.core.http.impl.Http1xServerRequest.lambda$pendingQueue$1(Http1xServerRequest.java:133)
	at io.vertx.core.streams.impl.InboundBuffer.handleEvent(InboundBuffer.java:255)
	at io.vertx.core.streams.impl.InboundBuffer.write(InboundBuffer.java:134)
	at io.vertx.core.http.impl.Http1xServerRequest.handleEnd(Http1xServerRequest.java:576)
	at io.vertx.core.impl.EventLoopContext.execute(EventLoopContext.java:76)
	at io.vertx.core.impl.DuplicatedContext.execute(DuplicatedContext.java:174)
	at io.vertx.core.http.impl.Http1xServerConnection.onEnd(Http1xServerConnection.java:221)
	at io.vertx.core.http.impl.Http1xServerConnection.onContent(Http1xServerConnection.java:209)
	at io.vertx.core.http.impl.Http1xServerConnection.handleOther(Http1xServerConnection.java:189)
	at io.vertx.core.http.impl.Http1xServerConnection.handleMessage(Http1xServerConnection.java:176)
	at io.vertx.core.net.impl.ConnectionBase.read(ConnectionBase.java:159)
	at io.vertx.core.net.impl.VertxHandler.channelRead(VertxHandler.java:153)
	at io.netty.channel.AbstractChannelHandlerContext.invokeChannelRead(AbstractChannelHandlerContext.java:442)
	at io.netty.channel.AbstractChannelHandlerContext.invokeChannelRead(AbstractChannelHandlerContext.java:420)
	at io.netty.channel.AbstractChannelHandlerContext.fireChannelRead(AbstractChannelHandlerContext.java:412)
	at io.netty.channel.ChannelInboundHandlerAdapter.channelRead(ChannelInboundHandlerAdapter.java:93)
	at io.netty.handler.codec.http.websocketx.extensions.WebSocketServerExtensionHandler.channelRead(WebSocketServerExtensionHandler.java:88)
	at io.netty.channel.AbstractChannelHandlerContext.invokeChannelRead(AbstractChannelHandlerContext.java:442)
	at io.netty.channel.AbstractChannelHandlerContext.invokeChannelRead(AbstractChannelHandlerContext.java:420)
	at io.netty.channel.AbstractChannelHandlerContext.fireChannelRead(AbstractChannelHandlerContext.java:412)
	at io.netty.handler.codec.ByteToMessageDecoder.fireChannelRead(ByteToMessageDecoder.java:346)
	at io.netty.handler.codec.ByteToMessageDecoder.channelRead(ByteToMessageDecoder.java:318)
	at io.netty.channel.AbstractChannelHandlerContext.invokeChannelRead(AbstractChannelHandlerContext.java:444)
	at io.netty.channel.AbstractChannelHandlerContext.invokeChannelRead(AbstractChannelHandlerContext.java:420)
	at io.netty.channel.AbstractChannelHandlerContext.fireChannelRead(AbstractChannelHandlerContext.java:412)
	at io.netty.channel.DefaultChannelPipeline$HeadContext.channelRead(DefaultChannelPipeline.java:1410)
	at io.netty.channel.AbstractChannelHandlerContext.invokeChannelRead(AbstractChannelHandlerContext.java:440)
	at io.netty.channel.AbstractChannelHandlerContext.invokeChannelRead(AbstractChannelHandlerContext.java:420)
	at io.netty.channel.DefaultChannelPipeline.fireChannelRead(DefaultChannelPipeline.java:919)
	at io.netty.channel.nio.AbstractNioByteChannel$NioByteUnsafe.read(AbstractNioByteChannel.java:166)
	at io.netty.channel.nio.NioEventLoop.processSelectedKey(NioEventLoop.java:788)
	at io.netty.channel.nio.NioEventLoop.processSelectedKeysOptimized(NioEventLoop.java:724)
	at io.netty.channel.nio.NioEventLoop.processSelectedKeys(NioEventLoop.java:650)
	at io.netty.channel.nio.NioEventLoop.run(NioEventLoop.java:562)
	at io.netty.util.concurrent.SingleThreadEventExecutor$4.run(SingleThreadEventExecutor.java:997)
	at io.netty.util.internal.ThreadExecutorMap$2.run(ThreadExecutorMap.java:74)
	at io.netty.util.concurrent.FastThreadLocalRunnable.run(FastThreadLocalRunnable.java:30)
	at java.base/java.lang.Thread.run(Thread.java:1447)
2025-06-01 22:00:04.204 [vert.x-eventloop-thread-3] ERROR d.m.v.g.handler.ServiceOneHandler - Error calling service-one service
io.vertx.core.eventbus.ReplyException: No handlers for address service.service-one
	at io.vertx.core.eventbus.impl.EventBusImpl.deliverMessageLocally(EventBusImpl.java:384)
	at io.vertx.core.eventbus.impl.EventBusImpl.sendLocally(EventBusImpl.java:341)
	at io.vertx.core.eventbus.impl.EventBusImpl.sendOrPub(EventBusImpl.java:329)
	at io.vertx.core.eventbus.impl.OutboundDeliveryContext.execute(OutboundDeliveryContext.java:109)
	at io.vertx.core.eventbus.impl.DeliveryContextBase.next(DeliveryContextBase.java:80)
	at io.vertx.core.eventbus.impl.OutboundDeliveryContext.next(OutboundDeliveryContext.java:28)
	at io.vertx.core.eventbus.impl.EventBusImpl.sendOrPubInternal(EventBusImpl.java:422)
	at io.vertx.core.eventbus.impl.EventBusImpl.sendOrPubInternal(EventBusImpl.java:428)
	at io.vertx.core.eventbus.impl.EventBusImpl.request(EventBusImpl.java:127)
	at io.vertx.core.eventbus.EventBus.request(EventBus.java:106)
	at dev.mars.vertx.common.eventbus.EventBusService.lambda$send$0(EventBusService.java:65)
	at io.vertx.core.Future.future(Future.java:194)
	at dev.mars.vertx.common.eventbus.EventBusService.send(EventBusService.java:64)
	at dev.mars.vertx.common.eventbus.EventBusService.send(EventBusService.java:46)
	at dev.mars.vertx.gateway.service.MicroserviceClient.lambda$sendRequest$0(MicroserviceClient.java:47)
	at io.vertx.circuitbreaker.impl.CircuitBreakerImpl.executeOperation(CircuitBreakerImpl.java:410)
	at io.vertx.circuitbreaker.impl.CircuitBreakerImpl.executeAndReportWithFallback(CircuitBreakerImpl.java:255)
	at io.vertx.circuitbreaker.impl.CircuitBreakerImpl.executeWithFallback(CircuitBreakerImpl.java:426)
	at io.vertx.circuitbreaker.impl.CircuitBreakerImpl.execute(CircuitBreakerImpl.java:431)
	at dev.mars.vertx.gateway.service.MicroserviceClient.sendRequest(MicroserviceClient.java:46)
	at dev.mars.vertx.gateway.handler.ServiceRequestHandler.handleRequest(ServiceRequestHandler.java:35)
	at dev.mars.vertx.gateway.handler.ServiceOneHandler.handleRequest(ServiceOneHandler.java:28)
	at dev.mars.vertx.gateway.handler.AbstractRequestHandler.handle(AbstractRequestHandler.java:18)
	at io.vertx.ext.web.impl.RouteState.handleContext(RouteState.java:1286)
	at io.vertx.ext.web.impl.RoutingContextImplBase.iterateNext(RoutingContextImplBase.java:177)
	at io.vertx.ext.web.impl.RoutingContextImpl.next(RoutingContextImpl.java:144)
	at io.vertx.ext.web.handler.impl.BodyHandlerImpl$BHandler.doEnd(BodyHandlerImpl.java:359)
	at io.vertx.ext.web.handler.impl.BodyHandlerImpl$BHandler.end(BodyHandlerImpl.java:336)
	at io.vertx.core.impl.ContextInternal.dispatch(ContextInternal.java:277)
	at io.vertx.core.impl.ContextInternal.dispatch(ContextInternal.java:259)
	at io.vertx.core.http.impl.HttpEventHandler.handleEnd(HttpEventHandler.java:76)
	at io.vertx.core.http.impl.Http1xServerRequest.onEnd(Http1xServerRequest.java:595)
	at io.vertx.core.http.impl.Http1xServerRequest.lambda$pendingQueue$1(Http1xServerRequest.java:133)
	at io.vertx.core.streams.impl.InboundBuffer.handleEvent(InboundBuffer.java:255)
	at io.vertx.core.streams.impl.InboundBuffer.write(InboundBuffer.java:134)
	at io.vertx.core.http.impl.Http1xServerRequest.handleEnd(Http1xServerRequest.java:576)
	at io.vertx.core.impl.EventLoopContext.execute(EventLoopContext.java:76)
	at io.vertx.core.impl.DuplicatedContext.execute(DuplicatedContext.java:174)
	at io.vertx.core.http.impl.Http1xServerConnection.onEnd(Http1xServerConnection.java:221)
	at io.vertx.core.http.impl.Http1xServerConnection.onContent(Http1xServerConnection.java:209)
	at io.vertx.core.http.impl.Http1xServerConnection.handleOther(Http1xServerConnection.java:189)
	at io.vertx.core.http.impl.Http1xServerConnection.handleMessage(Http1xServerConnection.java:176)
	at io.vertx.core.net.impl.ConnectionBase.read(ConnectionBase.java:159)
	at io.vertx.core.net.impl.VertxHandler.channelRead(VertxHandler.java:153)
	at io.netty.channel.AbstractChannelHandlerContext.invokeChannelRead(AbstractChannelHandlerContext.java:442)
	at io.netty.channel.AbstractChannelHandlerContext.invokeChannelRead(AbstractChannelHandlerContext.java:420)
	at io.netty.channel.AbstractChannelHandlerContext.fireChannelRead(AbstractChannelHandlerContext.java:412)
	at io.netty.channel.ChannelInboundHandlerAdapter.channelRead(ChannelInboundHandlerAdapter.java:93)
	at io.netty.handler.codec.http.websocketx.extensions.WebSocketServerExtensionHandler.channelRead(WebSocketServerExtensionHandler.java:88)
	at io.netty.channel.AbstractChannelHandlerContext.invokeChannelRead(AbstractChannelHandlerContext.java:442)
	at io.netty.channel.AbstractChannelHandlerContext.invokeChannelRead(AbstractChannelHandlerContext.java:420)
	at io.netty.channel.AbstractChannelHandlerContext.fireChannelRead(AbstractChannelHandlerContext.java:412)
	at io.netty.handler.codec.ByteToMessageDecoder.fireChannelRead(ByteToMessageDecoder.java:346)
	at io.netty.handler.codec.ByteToMessageDecoder.channelRead(ByteToMessageDecoder.java:318)
	at io.netty.channel.AbstractChannelHandlerContext.invokeChannelRead(AbstractChannelHandlerContext.java:444)
	at io.netty.channel.AbstractChannelHandlerContext.invokeChannelRead(AbstractChannelHandlerContext.java:420)
	at io.netty.channel.AbstractChannelHandlerContext.fireChannelRead(AbstractChannelHandlerContext.java:412)
	at io.netty.channel.DefaultChannelPipeline$HeadContext.channelRead(DefaultChannelPipeline.java:1410)
	at io.netty.channel.AbstractChannelHandlerContext.invokeChannelRead(AbstractChannelHandlerContext.java:440)
	at io.netty.channel.AbstractChannelHandlerContext.invokeChannelRead(AbstractChannelHandlerContext.java:420)
	at io.netty.channel.DefaultChannelPipeline.fireChannelRead(DefaultChannelPipeline.java:919)
	at io.netty.channel.nio.AbstractNioByteChannel$NioByteUnsafe.read(AbstractNioByteChannel.java:166)
	at io.netty.channel.nio.NioEventLoop.processSelectedKey(NioEventLoop.java:788)
	at io.netty.channel.nio.NioEventLoop.processSelectedKeysOptimized(NioEventLoop.java:724)
	at io.netty.channel.nio.NioEventLoop.processSelectedKeys(NioEventLoop.java:650)
	at io.netty.channel.nio.NioEventLoop.run(NioEventLoop.java:562)
	at io.netty.util.concurrent.SingleThreadEventExecutor$4.run(SingleThreadEventExecutor.java:997)
	at io.netty.util.internal.ThreadExecutorMap$2.run(ThreadExecutorMap.java:74)
	at io.netty.util.concurrent.FastThreadLocalRunnable.run(FastThreadLocalRunnable.java:30)
	at java.base/java.lang.Thread.run(Thread.java:1447)
2025-06-01 22:00:04.204 [vert.x-eventloop-thread-3] ERROR d.m.v.g.handler.ServiceOneHandler - Error handling request: Service unavailable: No handlers for address service.service-one
java.lang.RuntimeException: Service unavailable: No handlers for address service.service-one
	at dev.mars.vertx.gateway.handler.ServiceRequestHandler.lambda$handleRequest$1(ServiceRequestHandler.java:42)
	at io.vertx.core.impl.future.FutureImpl$2.onFailure(FutureImpl.java:117)
	at io.vertx.core.impl.future.FutureImpl$ListenerArray.onFailure(FutureImpl.java:268)
	at io.vertx.core.impl.future.FutureBase.emitFailure(FutureBase.java:75)
	at io.vertx.core.impl.future.FutureImpl.tryFail(FutureImpl.java:230)
	at io.vertx.core.impl.future.PromiseImpl.tryFail(PromiseImpl.java:23)
	at io.vertx.core.Promise.fail(Promise.java:89)
	at io.vertx.circuitbreaker.impl.CircuitBreakerImpl.invokeFallback(CircuitBreakerImpl.java:356)
	at io.vertx.circuitbreaker.impl.CircuitBreakerImpl.lambda$null$4(CircuitBreakerImpl.java:237)
	at io.vertx.core.impl.ContextInternal.dispatch(ContextInternal.java:277)
	at io.vertx.core.impl.ContextInternal.dispatch(ContextInternal.java:259)
	at io.vertx.core.impl.EventLoopContext.lambda$runOnContext$0(EventLoopContext.java:43)
	at io.netty.util.concurrent.AbstractEventExecutor.runTask(AbstractEventExecutor.java:173)
	at io.netty.util.concurrent.AbstractEventExecutor.safeExecute(AbstractEventExecutor.java:166)
	at io.netty.util.concurrent.SingleThreadEventExecutor.runAllTasks(SingleThreadEventExecutor.java:470)
	at io.netty.channel.nio.NioEventLoop.run(NioEventLoop.java:566)
	at io.netty.util.concurrent.SingleThreadEventExecutor$4.run(SingleThreadEventExecutor.java:997)
	at io.netty.util.internal.ThreadExecutorMap$2.run(ThreadExecutorMap.java:74)
	at io.netty.util.concurrent.FastThreadLocalRunnable.run(FastThreadLocalRunnable.java:30)
	at java.base/java.lang.Thread.run(Thread.java:1447)
2025-06-01 22:00:04.205 [vert.x-eventloop-thread-3] ERROR i.v.e.w.h.impl.LoggerHandlerImpl - 127.0.0.1 - - [Sun, 1 Jun 2025 14:00:04 GMT] "PUT /api/service-one/null HTTP/1.1" 500 141 "-" "Vert.x-WebClient/4.4.6"
2025-06-01 22:00:04.207 [vert.x-eventloop-thread-3] ERROR d.m.v.c.eventbus.EventBusService - Error sending message to service.service-one: No handlers for address service.service-one
2025-06-01 22:00:04.207 [vert.x-eventloop-thread-1] INFO  d.m.v.b.VertxReferenceBootstrap - Update item response: {"error":"Internal Server Error","message":"Service unavailable: No handlers for address service.service-one","path":"/api/service-one/null"}
2025-06-01 22:00:04.207 [vert.x-eventloop-thread-1] INFO  d.m.v.b.VertxReferenceBootstrap - Get item response: {"error":"Internal Server Error","message":"Service unavailable: No handlers for address service.service-one","path":"/api/service-one/null"}
2025-06-01 22:00:04.207 [vert.x-eventloop-thread-3] ERROR d.m.v.g.service.MicroserviceClient - Service service.service-one request failed
io.vertx.core.eventbus.ReplyException: No handlers for address service.service-one
	at io.vertx.core.eventbus.impl.EventBusImpl.deliverMessageLocally(EventBusImpl.java:384)
	at io.vertx.core.eventbus.impl.EventBusImpl.sendLocally(EventBusImpl.java:341)
	at io.vertx.core.eventbus.impl.EventBusImpl.sendOrPub(EventBusImpl.java:329)
	at io.vertx.core.eventbus.impl.OutboundDeliveryContext.execute(OutboundDeliveryContext.java:109)
	at io.vertx.core.eventbus.impl.DeliveryContextBase.next(DeliveryContextBase.java:80)
	at io.vertx.core.eventbus.impl.OutboundDeliveryContext.next(OutboundDeliveryContext.java:28)
	at io.vertx.core.eventbus.impl.EventBusImpl.sendOrPubInternal(EventBusImpl.java:422)
	at io.vertx.core.eventbus.impl.EventBusImpl.sendOrPubInternal(EventBusImpl.java:428)
	at io.vertx.core.eventbus.impl.EventBusImpl.request(EventBusImpl.java:127)
	at io.vertx.core.eventbus.EventBus.request(EventBus.java:106)
	at dev.mars.vertx.common.eventbus.EventBusService.lambda$send$0(EventBusService.java:65)
	at io.vertx.core.Future.future(Future.java:194)
	at dev.mars.vertx.common.eventbus.EventBusService.send(EventBusService.java:64)
	at dev.mars.vertx.common.eventbus.EventBusService.send(EventBusService.java:46)
	at dev.mars.vertx.gateway.service.MicroserviceClient.lambda$sendRequest$0(MicroserviceClient.java:47)
	at io.vertx.circuitbreaker.impl.CircuitBreakerImpl.executeOperation(CircuitBreakerImpl.java:410)
	at io.vertx.circuitbreaker.impl.CircuitBreakerImpl.executeAndReportWithFallback(CircuitBreakerImpl.java:255)
	at io.vertx.circuitbreaker.impl.CircuitBreakerImpl.executeWithFallback(CircuitBreakerImpl.java:426)
	at io.vertx.circuitbreaker.impl.CircuitBreakerImpl.execute(CircuitBreakerImpl.java:431)
	at dev.mars.vertx.gateway.service.MicroserviceClient.sendRequest(MicroserviceClient.java:46)
	at dev.mars.vertx.gateway.handler.ServiceRequestHandler.handleRequest(ServiceRequestHandler.java:35)
	at dev.mars.vertx.gateway.handler.ServiceOneHandler.handleRequest(ServiceOneHandler.java:28)
	at dev.mars.vertx.gateway.handler.AbstractRequestHandler.handle(AbstractRequestHandler.java:18)
	at io.vertx.ext.web.impl.RouteState.handleContext(RouteState.java:1286)
	at io.vertx.ext.web.impl.RoutingContextImplBase.iterateNext(RoutingContextImplBase.java:177)
	at io.vertx.ext.web.impl.RoutingContextImpl.next(RoutingContextImpl.java:144)
	at io.vertx.ext.web.handler.impl.BodyHandlerImpl.handle(BodyHandlerImpl.java:95)
	at io.vertx.ext.web.handler.impl.BodyHandlerImpl.handle(BodyHandlerImpl.java:45)
	at io.vertx.ext.web.impl.RouteState.handleContext(RouteState.java:1286)
	at io.vertx.ext.web.impl.RoutingContextImplBase.iterateNext(RoutingContextImplBase.java:177)
	at io.vertx.ext.web.impl.RoutingContextImpl.next(RoutingContextImpl.java:144)
	at io.vertx.ext.web.handler.impl.ResponseTimeHandlerImpl.handle(ResponseTimeHandlerImpl.java:39)
	at io.vertx.ext.web.handler.impl.ResponseTimeHandlerImpl.handle(ResponseTimeHandlerImpl.java:28)
	at io.vertx.ext.web.impl.RouteState.handleContext(RouteState.java:1286)
	at io.vertx.ext.web.impl.RoutingContextImplBase.iterateNext(RoutingContextImplBase.java:177)
	at io.vertx.ext.web.impl.RoutingContextImpl.next(RoutingContextImpl.java:144)
	at io.vertx.ext.web.handler.impl.LoggerHandlerImpl.handle(LoggerHandlerImpl.java:189)
	at io.vertx.ext.web.handler.impl.LoggerHandlerImpl.handle(LoggerHandlerImpl.java:48)
	at io.vertx.ext.web.impl.RouteState.handleContext(RouteState.java:1286)
	at io.vertx.ext.web.impl.RoutingContextImplBase.iterateNext(RoutingContextImplBase.java:177)
	at io.vertx.ext.web.impl.RoutingContextImpl.next(RoutingContextImpl.java:144)
	at io.vertx.ext.web.handler.impl.CorsHandlerImpl.handle(CorsHandlerImpl.java:204)
	at io.vertx.ext.web.handler.impl.CorsHandlerImpl.handle(CorsHandlerImpl.java:41)
	at io.vertx.ext.web.impl.RouteState.handleContext(RouteState.java:1286)
	at io.vertx.ext.web.impl.RoutingContextImplBase.iterateNext(RoutingContextImplBase.java:177)
	at io.vertx.ext.web.impl.RoutingContextImpl.next(RoutingContextImpl.java:144)
	at io.vertx.ext.web.impl.RouterImpl.handle(RouterImpl.java:68)
	at io.vertx.ext.web.impl.RouterImpl.handle(RouterImpl.java:37)
	at io.vertx.core.http.impl.Http1xServerRequestHandler.handle(Http1xServerRequestHandler.java:67)
	at io.vertx.core.http.impl.Http1xServerRequestHandler.handle(Http1xServerRequestHandler.java:30)
	at io.vertx.core.impl.EventLoopContext.emit(EventLoopContext.java:55)
	at io.vertx.core.impl.DuplicatedContext.emit(DuplicatedContext.java:179)
	at io.vertx.core.http.impl.Http1xServerConnection.handleMessage(Http1xServerConnection.java:174)
	at io.vertx.core.net.impl.ConnectionBase.read(ConnectionBase.java:159)
	at io.vertx.core.net.impl.VertxHandler.channelRead(VertxHandler.java:153)
	at io.netty.channel.AbstractChannelHandlerContext.invokeChannelRead(AbstractChannelHandlerContext.java:442)
	at io.netty.channel.AbstractChannelHandlerContext.invokeChannelRead(AbstractChannelHandlerContext.java:420)
	at io.netty.channel.AbstractChannelHandlerContext.fireChannelRead(AbstractChannelHandlerContext.java:412)
	at io.netty.channel.ChannelInboundHandlerAdapter.channelRead(ChannelInboundHandlerAdapter.java:93)
	at io.netty.handler.codec.http.websocketx.extensions.WebSocketServerExtensionHandler.onHttpRequestChannelRead(WebSocketServerExtensionHandler.java:160)
	at io.netty.handler.codec.http.websocketx.extensions.WebSocketServerExtensionHandler.channelRead(WebSocketServerExtensionHandler.java:83)
	at io.netty.channel.AbstractChannelHandlerContext.invokeChannelRead(AbstractChannelHandlerContext.java:442)
	at io.netty.channel.AbstractChannelHandlerContext.invokeChannelRead(AbstractChannelHandlerContext.java:420)
	at io.netty.channel.AbstractChannelHandlerContext.fireChannelRead(AbstractChannelHandlerContext.java:412)
	at io.vertx.core.http.impl.Http1xUpgradeToH2CHandler.channelRead(Http1xUpgradeToH2CHandler.java:124)
	at io.netty.channel.AbstractChannelHandlerContext.invokeChannelRead(AbstractChannelHandlerContext.java:444)
	at io.netty.channel.AbstractChannelHandlerContext.invokeChannelRead(AbstractChannelHandlerContext.java:420)
	at io.netty.channel.AbstractChannelHandlerContext.fireChannelRead(AbstractChannelHandlerContext.java:412)
	at io.netty.handler.codec.ByteToMessageDecoder.fireChannelRead(ByteToMessageDecoder.java:346)
	at io.netty.handler.codec.ByteToMessageDecoder.channelRead(ByteToMessageDecoder.java:318)
	at io.netty.channel.AbstractChannelHandlerContext.invokeChannelRead(AbstractChannelHandlerContext.java:444)
	at io.netty.channel.AbstractChannelHandlerContext.invokeChannelRead(AbstractChannelHandlerContext.java:420)
	at io.netty.channel.AbstractChannelHandlerContext.fireChannelRead(AbstractChannelHandlerContext.java:412)
	at io.vertx.core.http.impl.Http1xOrH2CHandler.end(Http1xOrH2CHandler.java:61)
	at io.vertx.core.http.impl.Http1xOrH2CHandler.channelRead(Http1xOrH2CHandler.java:38)
	at io.netty.channel.AbstractChannelHandlerContext.invokeChannelRead(AbstractChannelHandlerContext.java:444)
	at io.netty.channel.AbstractChannelHandlerContext.invokeChannelRead(AbstractChannelHandlerContext.java:420)
	at io.netty.channel.AbstractChannelHandlerContext.fireChannelRead(AbstractChannelHandlerContext.java:412)
	at io.netty.channel.DefaultChannelPipeline$HeadContext.channelRead(DefaultChannelPipeline.java:1410)
	at io.netty.channel.AbstractChannelHandlerContext.invokeChannelRead(AbstractChannelHandlerContext.java:440)
	at io.netty.channel.AbstractChannelHandlerContext.invokeChannelRead(AbstractChannelHandlerContext.java:420)
	at io.netty.channel.DefaultChannelPipeline.fireChannelRead(DefaultChannelPipeline.java:919)
	at io.netty.channel.nio.AbstractNioByteChannel$NioByteUnsafe.read(AbstractNioByteChannel.java:166)
	at io.netty.channel.nio.NioEventLoop.processSelectedKey(NioEventLoop.java:788)
	at io.netty.channel.nio.NioEventLoop.processSelectedKeysOptimized(NioEventLoop.java:724)
	at io.netty.channel.nio.NioEventLoop.processSelectedKeys(NioEventLoop.java:650)
	at io.netty.channel.nio.NioEventLoop.run(NioEventLoop.java:562)
	at io.netty.util.concurrent.SingleThreadEventExecutor$4.run(SingleThreadEventExecutor.java:997)
	at io.netty.util.internal.ThreadExecutorMap$2.run(ThreadExecutorMap.java:74)
	at io.netty.util.concurrent.FastThreadLocalRunnable.run(FastThreadLocalRunnable.java:30)
	at java.base/java.lang.Thread.run(Thread.java:1447)
2025-06-01 22:00:04.208 [vert.x-eventloop-thread-3] ERROR d.m.v.g.handler.ServiceOneHandler - Error calling service-one service
io.vertx.core.eventbus.ReplyException: No handlers for address service.service-one
	at io.vertx.core.eventbus.impl.EventBusImpl.deliverMessageLocally(EventBusImpl.java:384)
	at io.vertx.core.eventbus.impl.EventBusImpl.sendLocally(EventBusImpl.java:341)
	at io.vertx.core.eventbus.impl.EventBusImpl.sendOrPub(EventBusImpl.java:329)
	at io.vertx.core.eventbus.impl.OutboundDeliveryContext.execute(OutboundDeliveryContext.java:109)
	at io.vertx.core.eventbus.impl.DeliveryContextBase.next(DeliveryContextBase.java:80)
	at io.vertx.core.eventbus.impl.OutboundDeliveryContext.next(OutboundDeliveryContext.java:28)
	at io.vertx.core.eventbus.impl.EventBusImpl.sendOrPubInternal(EventBusImpl.java:422)
	at io.vertx.core.eventbus.impl.EventBusImpl.sendOrPubInternal(EventBusImpl.java:428)
	at io.vertx.core.eventbus.impl.EventBusImpl.request(EventBusImpl.java:127)
	at io.vertx.core.eventbus.EventBus.request(EventBus.java:106)
	at dev.mars.vertx.common.eventbus.EventBusService.lambda$send$0(EventBusService.java:65)
	at io.vertx.core.Future.future(Future.java:194)
	at dev.mars.vertx.common.eventbus.EventBusService.send(EventBusService.java:64)
	at dev.mars.vertx.common.eventbus.EventBusService.send(EventBusService.java:46)
	at dev.mars.vertx.gateway.service.MicroserviceClient.lambda$sendRequest$0(MicroserviceClient.java:47)
	at io.vertx.circuitbreaker.impl.CircuitBreakerImpl.executeOperation(CircuitBreakerImpl.java:410)
	at io.vertx.circuitbreaker.impl.CircuitBreakerImpl.executeAndReportWithFallback(CircuitBreakerImpl.java:255)
	at io.vertx.circuitbreaker.impl.CircuitBreakerImpl.executeWithFallback(CircuitBreakerImpl.java:426)
	at io.vertx.circuitbreaker.impl.CircuitBreakerImpl.execute(CircuitBreakerImpl.java:431)
	at dev.mars.vertx.gateway.service.MicroserviceClient.sendRequest(MicroserviceClient.java:46)
	at dev.mars.vertx.gateway.handler.ServiceRequestHandler.handleRequest(ServiceRequestHandler.java:35)
	at dev.mars.vertx.gateway.handler.ServiceOneHandler.handleRequest(ServiceOneHandler.java:28)
	at dev.mars.vertx.gateway.handler.AbstractRequestHandler.handle(AbstractRequestHandler.java:18)
	at io.vertx.ext.web.impl.RouteState.handleContext(RouteState.java:1286)
	at io.vertx.ext.web.impl.RoutingContextImplBase.iterateNext(RoutingContextImplBase.java:177)
	at io.vertx.ext.web.impl.RoutingContextImpl.next(RoutingContextImpl.java:144)
	at io.vertx.ext.web.handler.impl.BodyHandlerImpl.handle(BodyHandlerImpl.java:95)
	at io.vertx.ext.web.handler.impl.BodyHandlerImpl.handle(BodyHandlerImpl.java:45)
	at io.vertx.ext.web.impl.RouteState.handleContext(RouteState.java:1286)
	at io.vertx.ext.web.impl.RoutingContextImplBase.iterateNext(RoutingContextImplBase.java:177)
	at io.vertx.ext.web.impl.RoutingContextImpl.next(RoutingContextImpl.java:144)
	at io.vertx.ext.web.handler.impl.ResponseTimeHandlerImpl.handle(ResponseTimeHandlerImpl.java:39)
	at io.vertx.ext.web.handler.impl.ResponseTimeHandlerImpl.handle(ResponseTimeHandlerImpl.java:28)
	at io.vertx.ext.web.impl.RouteState.handleContext(RouteState.java:1286)
	at io.vertx.ext.web.impl.RoutingContextImplBase.iterateNext(RoutingContextImplBase.java:177)
	at io.vertx.ext.web.impl.RoutingContextImpl.next(RoutingContextImpl.java:144)
	at io.vertx.ext.web.handler.impl.LoggerHandlerImpl.handle(LoggerHandlerImpl.java:189)
	at io.vertx.ext.web.handler.impl.LoggerHandlerImpl.handle(LoggerHandlerImpl.java:48)
	at io.vertx.ext.web.impl.RouteState.handleContext(RouteState.java:1286)
	at io.vertx.ext.web.impl.RoutingContextImplBase.iterateNext(RoutingContextImplBase.java:177)
	at io.vertx.ext.web.impl.RoutingContextImpl.next(RoutingContextImpl.java:144)
	at io.vertx.ext.web.handler.impl.CorsHandlerImpl.handle(CorsHandlerImpl.java:204)
	at io.vertx.ext.web.handler.impl.CorsHandlerImpl.handle(CorsHandlerImpl.java:41)
	at io.vertx.ext.web.impl.RouteState.handleContext(RouteState.java:1286)
	at io.vertx.ext.web.impl.RoutingContextImplBase.iterateNext(RoutingContextImplBase.java:177)
	at io.vertx.ext.web.impl.RoutingContextImpl.next(RoutingContextImpl.java:144)
	at io.vertx.ext.web.impl.RouterImpl.handle(RouterImpl.java:68)
	at io.vertx.ext.web.impl.RouterImpl.handle(RouterImpl.java:37)
	at io.vertx.core.http.impl.Http1xServerRequestHandler.handle(Http1xServerRequestHandler.java:67)
	at io.vertx.core.http.impl.Http1xServerRequestHandler.handle(Http1xServerRequestHandler.java:30)
	at io.vertx.core.impl.EventLoopContext.emit(EventLoopContext.java:55)
	at io.vertx.core.impl.DuplicatedContext.emit(DuplicatedContext.java:179)
	at io.vertx.core.http.impl.Http1xServerConnection.handleMessage(Http1xServerConnection.java:174)
	at io.vertx.core.net.impl.ConnectionBase.read(ConnectionBase.java:159)
	at io.vertx.core.net.impl.VertxHandler.channelRead(VertxHandler.java:153)
	at io.netty.channel.AbstractChannelHandlerContext.invokeChannelRead(AbstractChannelHandlerContext.java:442)
	at io.netty.channel.AbstractChannelHandlerContext.invokeChannelRead(AbstractChannelHandlerContext.java:420)
	at io.netty.channel.AbstractChannelHandlerContext.fireChannelRead(AbstractChannelHandlerContext.java:412)
	at io.netty.channel.ChannelInboundHandlerAdapter.channelRead(ChannelInboundHandlerAdapter.java:93)
	at io.netty.handler.codec.http.websocketx.extensions.WebSocketServerExtensionHandler.onHttpRequestChannelRead(WebSocketServerExtensionHandler.java:160)
	at io.netty.handler.codec.http.websocketx.extensions.WebSocketServerExtensionHandler.channelRead(WebSocketServerExtensionHandler.java:83)
	at io.netty.channel.AbstractChannelHandlerContext.invokeChannelRead(AbstractChannelHandlerContext.java:442)
	at io.netty.channel.AbstractChannelHandlerContext.invokeChannelRead(AbstractChannelHandlerContext.java:420)
	at io.netty.channel.AbstractChannelHandlerContext.fireChannelRead(AbstractChannelHandlerContext.java:412)
	at io.vertx.core.http.impl.Http1xUpgradeToH2CHandler.channelRead(Http1xUpgradeToH2CHandler.java:124)
	at io.netty.channel.AbstractChannelHandlerContext.invokeChannelRead(AbstractChannelHandlerContext.java:444)
	at io.netty.channel.AbstractChannelHandlerContext.invokeChannelRead(AbstractChannelHandlerContext.java:420)
	at io.netty.channel.AbstractChannelHandlerContext.fireChannelRead(AbstractChannelHandlerContext.java:412)
	at io.netty.handler.codec.ByteToMessageDecoder.fireChannelRead(ByteToMessageDecoder.java:346)
	at io.netty.handler.codec.ByteToMessageDecoder.channelRead(ByteToMessageDecoder.java:318)
	at io.netty.channel.AbstractChannelHandlerContext.invokeChannelRead(AbstractChannelHandlerContext.java:444)
	at io.netty.channel.AbstractChannelHandlerContext.invokeChannelRead(AbstractChannelHandlerContext.java:420)
	at io.netty.channel.AbstractChannelHandlerContext.fireChannelRead(AbstractChannelHandlerContext.java:412)
	at io.vertx.core.http.impl.Http1xOrH2CHandler.end(Http1xOrH2CHandler.java:61)
	at io.vertx.core.http.impl.Http1xOrH2CHandler.channelRead(Http1xOrH2CHandler.java:38)
	at io.netty.channel.AbstractChannelHandlerContext.invokeChannelRead(AbstractChannelHandlerContext.java:444)
	at io.netty.channel.AbstractChannelHandlerContext.invokeChannelRead(AbstractChannelHandlerContext.java:420)
	at io.netty.channel.AbstractChannelHandlerContext.fireChannelRead(AbstractChannelHandlerContext.java:412)
	at io.netty.channel.DefaultChannelPipeline$HeadContext.channelRead(DefaultChannelPipeline.java:1410)
	at io.netty.channel.AbstractChannelHandlerContext.invokeChannelRead(AbstractChannelHandlerContext.java:440)
	at io.netty.channel.AbstractChannelHandlerContext.invokeChannelRead(AbstractChannelHandlerContext.java:420)
	at io.netty.channel.DefaultChannelPipeline.fireChannelRead(DefaultChannelPipeline.java:919)
	at io.netty.channel.nio.AbstractNioByteChannel$NioByteUnsafe.read(AbstractNioByteChannel.java:166)
	at io.netty.channel.nio.NioEventLoop.processSelectedKey(NioEventLoop.java:788)
	at io.netty.channel.nio.NioEventLoop.processSelectedKeysOptimized(NioEventLoop.java:724)
	at io.netty.channel.nio.NioEventLoop.processSelectedKeys(NioEventLoop.java:650)
	at io.netty.channel.nio.NioEventLoop.run(NioEventLoop.java:562)
	at io.netty.util.concurrent.SingleThreadEventExecutor$4.run(SingleThreadEventExecutor.java:997)
	at io.netty.util.internal.ThreadExecutorMap$2.run(ThreadExecutorMap.java:74)
	at io.netty.util.concurrent.FastThreadLocalRunnable.run(FastThreadLocalRunnable.java:30)
	at java.base/java.lang.Thread.run(Thread.java:1447)
2025-06-01 22:00:04.208 [vert.x-eventloop-thread-3] ERROR d.m.v.g.handler.ServiceOneHandler - Error handling request: Service unavailable: No handlers for address service.service-one
java.lang.RuntimeException: Service unavailable: No handlers for address service.service-one
	at dev.mars.vertx.gateway.handler.ServiceRequestHandler.lambda$handleRequest$1(ServiceRequestHandler.java:42)
	at io.vertx.core.impl.future.FutureImpl$2.onFailure(FutureImpl.java:117)
	at io.vertx.core.impl.future.FutureImpl$ListenerArray.onFailure(FutureImpl.java:268)
	at io.vertx.core.impl.future.FutureBase.emitFailure(FutureBase.java:75)
	at io.vertx.core.impl.future.FutureImpl.tryFail(FutureImpl.java:230)
	at io.vertx.core.impl.future.PromiseImpl.tryFail(PromiseImpl.java:23)
	at io.vertx.core.Promise.fail(Promise.java:89)
	at io.vertx.circuitbreaker.impl.CircuitBreakerImpl.invokeFallback(CircuitBreakerImpl.java:356)
	at io.vertx.circuitbreaker.impl.CircuitBreakerImpl.lambda$null$4(CircuitBreakerImpl.java:237)
	at io.vertx.core.impl.ContextInternal.dispatch(ContextInternal.java:277)
	at io.vertx.core.impl.ContextInternal.dispatch(ContextInternal.java:259)
	at io.vertx.core.impl.EventLoopContext.lambda$runOnContext$0(EventLoopContext.java:43)
	at io.netty.util.concurrent.AbstractEventExecutor.runTask(AbstractEventExecutor.java:173)
	at io.netty.util.concurrent.AbstractEventExecutor.safeExecute(AbstractEventExecutor.java:166)
	at io.netty.util.concurrent.SingleThreadEventExecutor.runAllTasks(SingleThreadEventExecutor.java:470)
	at io.netty.channel.nio.NioEventLoop.run(NioEventLoop.java:566)
	at io.netty.util.concurrent.SingleThreadEventExecutor$4.run(SingleThreadEventExecutor.java:997)
	at io.netty.util.internal.ThreadExecutorMap$2.run(ThreadExecutorMap.java:74)
	at io.netty.util.concurrent.FastThreadLocalRunnable.run(FastThreadLocalRunnable.java:30)
	at java.base/java.lang.Thread.run(Thread.java:1447)
2025-06-01 22:00:04.208 [vert.x-eventloop-thread-3] ERROR i.v.e.w.h.impl.LoggerHandlerImpl - 127.0.0.1 - - [Sun, 1 Jun 2025 14:00:04 GMT] "GET /api/service-one HTTP/1.1" 500 136 "-" "Vert.x-WebClient/4.4.6"
2025-06-01 22:00:04.209 [vert.x-eventloop-thread-1] INFO  d.m.v.b.VertxReferenceBootstrap - List items response: {"error":"Internal Server Error","message":"Service unavailable: No handlers for address service.service-one","path":"/api/service-one"}
2025-06-01 22:00:04.209 [vert.x-eventloop-thread-3] ERROR d.m.v.c.eventbus.EventBusService - Error sending message to service.service-one: No handlers for address service.service-one
2025-06-01 22:00:04.209 [vert.x-eventloop-thread-3] ERROR d.m.v.g.service.MicroserviceClient - Service service.service-one request failed
io.vertx.core.eventbus.ReplyException: No handlers for address service.service-one
	at io.vertx.core.eventbus.impl.EventBusImpl.deliverMessageLocally(EventBusImpl.java:384)
	at io.vertx.core.eventbus.impl.EventBusImpl.sendLocally(EventBusImpl.java:341)
	at io.vertx.core.eventbus.impl.EventBusImpl.sendOrPub(EventBusImpl.java:329)
	at io.vertx.core.eventbus.impl.OutboundDeliveryContext.execute(OutboundDeliveryContext.java:109)
	at io.vertx.core.eventbus.impl.DeliveryContextBase.next(DeliveryContextBase.java:80)
	at io.vertx.core.eventbus.impl.OutboundDeliveryContext.next(OutboundDeliveryContext.java:28)
	at io.vertx.core.eventbus.impl.EventBusImpl.sendOrPubInternal(EventBusImpl.java:422)
	at io.vertx.core.eventbus.impl.EventBusImpl.sendOrPubInternal(EventBusImpl.java:428)
	at io.vertx.core.eventbus.impl.EventBusImpl.request(EventBusImpl.java:127)
	at io.vertx.core.eventbus.EventBus.request(EventBus.java:106)
	at dev.mars.vertx.common.eventbus.EventBusService.lambda$send$0(EventBusService.java:65)
	at io.vertx.core.Future.future(Future.java:194)
	at dev.mars.vertx.common.eventbus.EventBusService.send(EventBusService.java:64)
	at dev.mars.vertx.common.eventbus.EventBusService.send(EventBusService.java:46)
	at dev.mars.vertx.gateway.service.MicroserviceClient.lambda$sendRequest$0(MicroserviceClient.java:47)
	at io.vertx.circuitbreaker.impl.CircuitBreakerImpl.executeOperation(CircuitBreakerImpl.java:410)
	at io.vertx.circuitbreaker.impl.CircuitBreakerImpl.executeAndReportWithFallback(CircuitBreakerImpl.java:255)
	at io.vertx.circuitbreaker.impl.CircuitBreakerImpl.executeWithFallback(CircuitBreakerImpl.java:426)
	at io.vertx.circuitbreaker.impl.CircuitBreakerImpl.execute(CircuitBreakerImpl.java:431)
	at dev.mars.vertx.gateway.service.MicroserviceClient.sendRequest(MicroserviceClient.java:46)
	at dev.mars.vertx.gateway.handler.ServiceRequestHandler.handleRequest(ServiceRequestHandler.java:35)
	at dev.mars.vertx.gateway.handler.ServiceOneHandler.handleRequest(ServiceOneHandler.java:28)
	at dev.mars.vertx.gateway.handler.AbstractRequestHandler.handle(AbstractRequestHandler.java:18)
	at io.vertx.ext.web.impl.RouteState.handleContext(RouteState.java:1286)
	at io.vertx.ext.web.impl.RoutingContextImplBase.iterateNext(RoutingContextImplBase.java:177)
	at io.vertx.ext.web.impl.RoutingContextImpl.next(RoutingContextImpl.java:144)
	at io.vertx.ext.web.handler.impl.BodyHandlerImpl.handle(BodyHandlerImpl.java:95)
	at io.vertx.ext.web.handler.impl.BodyHandlerImpl.handle(BodyHandlerImpl.java:45)
	at io.vertx.ext.web.impl.RouteState.handleContext(RouteState.java:1286)
	at io.vertx.ext.web.impl.RoutingContextImplBase.iterateNext(RoutingContextImplBase.java:177)
	at io.vertx.ext.web.impl.RoutingContextImpl.next(RoutingContextImpl.java:144)
	at io.vertx.ext.web.handler.impl.ResponseTimeHandlerImpl.handle(ResponseTimeHandlerImpl.java:39)
	at io.vertx.ext.web.handler.impl.ResponseTimeHandlerImpl.handle(ResponseTimeHandlerImpl.java:28)
	at io.vertx.ext.web.impl.RouteState.handleContext(RouteState.java:1286)
	at io.vertx.ext.web.impl.RoutingContextImplBase.iterateNext(RoutingContextImplBase.java:177)
	at io.vertx.ext.web.impl.RoutingContextImpl.next(RoutingContextImpl.java:144)
	at io.vertx.ext.web.handler.impl.LoggerHandlerImpl.handle(LoggerHandlerImpl.java:189)
	at io.vertx.ext.web.handler.impl.LoggerHandlerImpl.handle(LoggerHandlerImpl.java:48)
	at io.vertx.ext.web.impl.RouteState.handleContext(RouteState.java:1286)
	at io.vertx.ext.web.impl.RoutingContextImplBase.iterateNext(RoutingContextImplBase.java:177)
	at io.vertx.ext.web.impl.RoutingContextImpl.next(RoutingContextImpl.java:144)
	at io.vertx.ext.web.handler.impl.CorsHandlerImpl.handle(CorsHandlerImpl.java:204)
	at io.vertx.ext.web.handler.impl.CorsHandlerImpl.handle(CorsHandlerImpl.java:41)
	at io.vertx.ext.web.impl.RouteState.handleContext(RouteState.java:1286)
	at io.vertx.ext.web.impl.RoutingContextImplBase.iterateNext(RoutingContextImplBase.java:177)
	at io.vertx.ext.web.impl.RoutingContextImpl.next(RoutingContextImpl.java:144)
	at io.vertx.ext.web.impl.RouterImpl.handle(RouterImpl.java:68)
	at io.vertx.ext.web.impl.RouterImpl.handle(RouterImpl.java:37)
	at io.vertx.core.http.impl.Http1xServerRequestHandler.handle(Http1xServerRequestHandler.java:67)
	at io.vertx.core.http.impl.Http1xServerRequestHandler.handle(Http1xServerRequestHandler.java:30)
	at io.vertx.core.impl.EventLoopContext.emit(EventLoopContext.java:55)
	at io.vertx.core.impl.DuplicatedContext.emit(DuplicatedContext.java:179)
	at io.vertx.core.http.impl.Http1xServerConnection.handleMessage(Http1xServerConnection.java:174)
	at io.vertx.core.net.impl.ConnectionBase.read(ConnectionBase.java:159)
	at io.vertx.core.net.impl.VertxHandler.channelRead(VertxHandler.java:153)
	at io.netty.channel.AbstractChannelHandlerContext.invokeChannelRead(AbstractChannelHandlerContext.java:442)
	at io.netty.channel.AbstractChannelHandlerContext.invokeChannelRead(AbstractChannelHandlerContext.java:420)
	at io.netty.channel.AbstractChannelHandlerContext.fireChannelRead(AbstractChannelHandlerContext.java:412)
	at io.netty.channel.ChannelInboundHandlerAdapter.channelRead(ChannelInboundHandlerAdapter.java:93)
	at io.netty.handler.codec.http.websocketx.extensions.WebSocketServerExtensionHandler.onHttpRequestChannelRead(WebSocketServerExtensionHandler.java:160)
	at io.netty.handler.codec.http.websocketx.extensions.WebSocketServerExtensionHandler.channelRead(WebSocketServerExtensionHandler.java:83)
	at io.netty.channel.AbstractChannelHandlerContext.invokeChannelRead(AbstractChannelHandlerContext.java:442)
	at io.netty.channel.AbstractChannelHandlerContext.invokeChannelRead(AbstractChannelHandlerContext.java:420)
	at io.netty.channel.AbstractChannelHandlerContext.fireChannelRead(AbstractChannelHandlerContext.java:412)
	at io.vertx.core.http.impl.Http1xUpgradeToH2CHandler.channelRead(Http1xUpgradeToH2CHandler.java:124)
	at io.netty.channel.AbstractChannelHandlerContext.invokeChannelRead(AbstractChannelHandlerContext.java:444)
	at io.netty.channel.AbstractChannelHandlerContext.invokeChannelRead(AbstractChannelHandlerContext.java:420)
	at io.netty.channel.AbstractChannelHandlerContext.fireChannelRead(AbstractChannelHandlerContext.java:412)
	at io.netty.handler.codec.ByteToMessageDecoder.fireChannelRead(ByteToMessageDecoder.java:346)
	at io.netty.handler.codec.ByteToMessageDecoder.channelRead(ByteToMessageDecoder.java:318)
	at io.netty.channel.AbstractChannelHandlerContext.invokeChannelRead(AbstractChannelHandlerContext.java:444)
	at io.netty.channel.AbstractChannelHandlerContext.invokeChannelRead(AbstractChannelHandlerContext.java:420)
	at io.netty.channel.AbstractChannelHandlerContext.fireChannelRead(AbstractChannelHandlerContext.java:412)
	at io.vertx.core.http.impl.Http1xOrH2CHandler.end(Http1xOrH2CHandler.java:61)
	at io.vertx.core.http.impl.Http1xOrH2CHandler.channelRead(Http1xOrH2CHandler.java:38)
	at io.netty.channel.AbstractChannelHandlerContext.invokeChannelRead(AbstractChannelHandlerContext.java:444)
	at io.netty.channel.AbstractChannelHandlerContext.invokeChannelRead(AbstractChannelHandlerContext.java:420)
	at io.netty.channel.AbstractChannelHandlerContext.fireChannelRead(AbstractChannelHandlerContext.java:412)
	at io.netty.channel.DefaultChannelPipeline$HeadContext.channelRead(DefaultChannelPipeline.java:1410)
	at io.netty.channel.AbstractChannelHandlerContext.invokeChannelRead(AbstractChannelHandlerContext.java:440)
	at io.netty.channel.AbstractChannelHandlerContext.invokeChannelRead(AbstractChannelHandlerContext.java:420)
	at io.netty.channel.DefaultChannelPipeline.fireChannelRead(DefaultChannelPipeline.java:919)
	at io.netty.channel.nio.AbstractNioByteChannel$NioByteUnsafe.read(AbstractNioByteChannel.java:166)
	at io.netty.channel.nio.NioEventLoop.processSelectedKey(NioEventLoop.java:788)
	at io.netty.channel.nio.NioEventLoop.processSelectedKeysOptimized(NioEventLoop.java:724)
	at io.netty.channel.nio.NioEventLoop.processSelectedKeys(NioEventLoop.java:650)
	at io.netty.channel.nio.NioEventLoop.run(NioEventLoop.java:562)
	at io.netty.util.concurrent.SingleThreadEventExecutor$4.run(SingleThreadEventExecutor.java:997)
	at io.netty.util.internal.ThreadExecutorMap$2.run(ThreadExecutorMap.java:74)
	at io.netty.util.concurrent.FastThreadLocalRunnable.run(FastThreadLocalRunnable.java:30)
	at java.base/java.lang.Thread.run(Thread.java:1447)
2025-06-01 22:00:04.209 [vert.x-eventloop-thread-3] WARN  d.m.v.c.r.CircuitBreakerFactory - Circuit breaker service-one is now OPEN - requests will fail fast
2025-06-01 22:00:04.210 [vert.x-eventloop-thread-3] ERROR d.m.v.g.handler.ServiceOneHandler - Error calling service-one service
io.vertx.core.eventbus.ReplyException: No handlers for address service.service-one
	at io.vertx.core.eventbus.impl.EventBusImpl.deliverMessageLocally(EventBusImpl.java:384)
	at io.vertx.core.eventbus.impl.EventBusImpl.sendLocally(EventBusImpl.java:341)
	at io.vertx.core.eventbus.impl.EventBusImpl.sendOrPub(EventBusImpl.java:329)
	at io.vertx.core.eventbus.impl.OutboundDeliveryContext.execute(OutboundDeliveryContext.java:109)
	at io.vertx.core.eventbus.impl.DeliveryContextBase.next(DeliveryContextBase.java:80)
	at io.vertx.core.eventbus.impl.OutboundDeliveryContext.next(OutboundDeliveryContext.java:28)
	at io.vertx.core.eventbus.impl.EventBusImpl.sendOrPubInternal(EventBusImpl.java:422)
	at io.vertx.core.eventbus.impl.EventBusImpl.sendOrPubInternal(EventBusImpl.java:428)
	at io.vertx.core.eventbus.impl.EventBusImpl.request(EventBusImpl.java:127)
	at io.vertx.core.eventbus.EventBus.request(EventBus.java:106)
	at dev.mars.vertx.common.eventbus.EventBusService.lambda$send$0(EventBusService.java:65)
	at io.vertx.core.Future.future(Future.java:194)
	at dev.mars.vertx.common.eventbus.EventBusService.send(EventBusService.java:64)
	at dev.mars.vertx.common.eventbus.EventBusService.send(EventBusService.java:46)
	at dev.mars.vertx.gateway.service.MicroserviceClient.lambda$sendRequest$0(MicroserviceClient.java:47)
	at io.vertx.circuitbreaker.impl.CircuitBreakerImpl.executeOperation(CircuitBreakerImpl.java:410)
	at io.vertx.circuitbreaker.impl.CircuitBreakerImpl.executeAndReportWithFallback(CircuitBreakerImpl.java:255)
	at io.vertx.circuitbreaker.impl.CircuitBreakerImpl.executeWithFallback(CircuitBreakerImpl.java:426)
	at io.vertx.circuitbreaker.impl.CircuitBreakerImpl.execute(CircuitBreakerImpl.java:431)
	at dev.mars.vertx.gateway.service.MicroserviceClient.sendRequest(MicroserviceClient.java:46)
	at dev.mars.vertx.gateway.handler.ServiceRequestHandler.handleRequest(ServiceRequestHandler.java:35)
	at dev.mars.vertx.gateway.handler.ServiceOneHandler.handleRequest(ServiceOneHandler.java:28)
	at dev.mars.vertx.gateway.handler.AbstractRequestHandler.handle(AbstractRequestHandler.java:18)
	at io.vertx.ext.web.impl.RouteState.handleContext(RouteState.java:1286)
	at io.vertx.ext.web.impl.RoutingContextImplBase.iterateNext(RoutingContextImplBase.java:177)
	at io.vertx.ext.web.impl.RoutingContextImpl.next(RoutingContextImpl.java:144)
	at io.vertx.ext.web.handler.impl.BodyHandlerImpl.handle(BodyHandlerImpl.java:95)
	at io.vertx.ext.web.handler.impl.BodyHandlerImpl.handle(BodyHandlerImpl.java:45)
	at io.vertx.ext.web.impl.RouteState.handleContext(RouteState.java:1286)
	at io.vertx.ext.web.impl.RoutingContextImplBase.iterateNext(RoutingContextImplBase.java:177)
	at io.vertx.ext.web.impl.RoutingContextImpl.next(RoutingContextImpl.java:144)
	at io.vertx.ext.web.handler.impl.ResponseTimeHandlerImpl.handle(ResponseTimeHandlerImpl.java:39)
	at io.vertx.ext.web.handler.impl.ResponseTimeHandlerImpl.handle(ResponseTimeHandlerImpl.java:28)
	at io.vertx.ext.web.impl.RouteState.handleContext(RouteState.java:1286)
	at io.vertx.ext.web.impl.RoutingContextImplBase.iterateNext(RoutingContextImplBase.java:177)
	at io.vertx.ext.web.impl.RoutingContextImpl.next(RoutingContextImpl.java:144)
	at io.vertx.ext.web.handler.impl.LoggerHandlerImpl.handle(LoggerHandlerImpl.java:189)
	at io.vertx.ext.web.handler.impl.LoggerHandlerImpl.handle(LoggerHandlerImpl.java:48)
	at io.vertx.ext.web.impl.RouteState.handleContext(RouteState.java:1286)
	at io.vertx.ext.web.impl.RoutingContextImplBase.iterateNext(RoutingContextImplBase.java:177)
	at io.vertx.ext.web.impl.RoutingContextImpl.next(RoutingContextImpl.java:144)
	at io.vertx.ext.web.handler.impl.CorsHandlerImpl.handle(CorsHandlerImpl.java:204)
	at io.vertx.ext.web.handler.impl.CorsHandlerImpl.handle(CorsHandlerImpl.java:41)
	at io.vertx.ext.web.impl.RouteState.handleContext(RouteState.java:1286)
	at io.vertx.ext.web.impl.RoutingContextImplBase.iterateNext(RoutingContextImplBase.java:177)
	at io.vertx.ext.web.impl.RoutingContextImpl.next(RoutingContextImpl.java:144)
	at io.vertx.ext.web.impl.RouterImpl.handle(RouterImpl.java:68)
	at io.vertx.ext.web.impl.RouterImpl.handle(RouterImpl.java:37)
	at io.vertx.core.http.impl.Http1xServerRequestHandler.handle(Http1xServerRequestHandler.java:67)
	at io.vertx.core.http.impl.Http1xServerRequestHandler.handle(Http1xServerRequestHandler.java:30)
	at io.vertx.core.impl.EventLoopContext.emit(EventLoopContext.java:55)
	at io.vertx.core.impl.DuplicatedContext.emit(DuplicatedContext.java:179)
	at io.vertx.core.http.impl.Http1xServerConnection.handleMessage(Http1xServerConnection.java:174)
	at io.vertx.core.net.impl.ConnectionBase.read(ConnectionBase.java:159)
	at io.vertx.core.net.impl.VertxHandler.channelRead(VertxHandler.java:153)
	at io.netty.channel.AbstractChannelHandlerContext.invokeChannelRead(AbstractChannelHandlerContext.java:442)
	at io.netty.channel.AbstractChannelHandlerContext.invokeChannelRead(AbstractChannelHandlerContext.java:420)
	at io.netty.channel.AbstractChannelHandlerContext.fireChannelRead(AbstractChannelHandlerContext.java:412)
	at io.netty.channel.ChannelInboundHandlerAdapter.channelRead(ChannelInboundHandlerAdapter.java:93)
	at io.netty.handler.codec.http.websocketx.extensions.WebSocketServerExtensionHandler.onHttpRequestChannelRead(WebSocketServerExtensionHandler.java:160)
	at io.netty.handler.codec.http.websocketx.extensions.WebSocketServerExtensionHandler.channelRead(WebSocketServerExtensionHandler.java:83)
	at io.netty.channel.AbstractChannelHandlerContext.invokeChannelRead(AbstractChannelHandlerContext.java:442)
	at io.netty.channel.AbstractChannelHandlerContext.invokeChannelRead(AbstractChannelHandlerContext.java:420)
	at io.netty.channel.AbstractChannelHandlerContext.fireChannelRead(AbstractChannelHandlerContext.java:412)
	at io.vertx.core.http.impl.Http1xUpgradeToH2CHandler.channelRead(Http1xUpgradeToH2CHandler.java:124)
	at io.netty.channel.AbstractChannelHandlerContext.invokeChannelRead(AbstractChannelHandlerContext.java:444)
	at io.netty.channel.AbstractChannelHandlerContext.invokeChannelRead(AbstractChannelHandlerContext.java:420)
	at io.netty.channel.AbstractChannelHandlerContext.fireChannelRead(AbstractChannelHandlerContext.java:412)
	at io.netty.handler.codec.ByteToMessageDecoder.fireChannelRead(ByteToMessageDecoder.java:346)
	at io.netty.handler.codec.ByteToMessageDecoder.channelRead(ByteToMessageDecoder.java:318)
	at io.netty.channel.AbstractChannelHandlerContext.invokeChannelRead(AbstractChannelHandlerContext.java:444)
	at io.netty.channel.AbstractChannelHandlerContext.invokeChannelRead(AbstractChannelHandlerContext.java:420)
	at io.netty.channel.AbstractChannelHandlerContext.fireChannelRead(AbstractChannelHandlerContext.java:412)
	at io.vertx.core.http.impl.Http1xOrH2CHandler.end(Http1xOrH2CHandler.java:61)
	at io.vertx.core.http.impl.Http1xOrH2CHandler.channelRead(Http1xOrH2CHandler.java:38)
	at io.netty.channel.AbstractChannelHandlerContext.invokeChannelRead(AbstractChannelHandlerContext.java:444)
	at io.netty.channel.AbstractChannelHandlerContext.invokeChannelRead(AbstractChannelHandlerContext.java:420)
	at io.netty.channel.AbstractChannelHandlerContext.fireChannelRead(AbstractChannelHandlerContext.java:412)
	at io.netty.channel.DefaultChannelPipeline$HeadContext.channelRead(DefaultChannelPipeline.java:1410)
	at io.netty.channel.AbstractChannelHandlerContext.invokeChannelRead(AbstractChannelHandlerContext.java:440)
	at io.netty.channel.AbstractChannelHandlerContext.invokeChannelRead(AbstractChannelHandlerContext.java:420)
	at io.netty.channel.DefaultChannelPipeline.fireChannelRead(DefaultChannelPipeline.java:919)
	at io.netty.channel.nio.AbstractNioByteChannel$NioByteUnsafe.read(AbstractNioByteChannel.java:166)
	at io.netty.channel.nio.NioEventLoop.processSelectedKey(NioEventLoop.java:788)
	at io.netty.channel.nio.NioEventLoop.processSelectedKeysOptimized(NioEventLoop.java:724)
	at io.netty.channel.nio.NioEventLoop.processSelectedKeys(NioEventLoop.java:650)
	at io.netty.channel.nio.NioEventLoop.run(NioEventLoop.java:562)
	at io.netty.util.concurrent.SingleThreadEventExecutor$4.run(SingleThreadEventExecutor.java:997)
	at io.netty.util.internal.ThreadExecutorMap$2.run(ThreadExecutorMap.java:74)
	at io.netty.util.concurrent.FastThreadLocalRunnable.run(FastThreadLocalRunnable.java:30)
	at java.base/java.lang.Thread.run(Thread.java:1447)
2025-06-01 22:00:04.210 [vert.x-eventloop-thread-3] ERROR d.m.v.g.handler.ServiceOneHandler - Error handling request: Service unavailable: No handlers for address service.service-one
java.lang.RuntimeException: Service unavailable: No handlers for address service.service-one
	at dev.mars.vertx.gateway.handler.ServiceRequestHandler.lambda$handleRequest$1(ServiceRequestHandler.java:42)
	at io.vertx.core.impl.future.FutureImpl$2.onFailure(FutureImpl.java:117)
	at io.vertx.core.impl.future.FutureImpl$ListenerArray.onFailure(FutureImpl.java:268)
	at io.vertx.core.impl.future.FutureBase.emitFailure(FutureBase.java:75)
	at io.vertx.core.impl.future.FutureImpl.tryFail(FutureImpl.java:230)
	at io.vertx.core.impl.future.PromiseImpl.tryFail(PromiseImpl.java:23)
	at io.vertx.core.Promise.fail(Promise.java:89)
	at io.vertx.circuitbreaker.impl.CircuitBreakerImpl.invokeFallback(CircuitBreakerImpl.java:356)
	at io.vertx.circuitbreaker.impl.CircuitBreakerImpl.lambda$null$4(CircuitBreakerImpl.java:237)
	at io.vertx.core.impl.ContextInternal.dispatch(ContextInternal.java:277)
	at io.vertx.core.impl.ContextInternal.dispatch(ContextInternal.java:259)
	at io.vertx.core.impl.EventLoopContext.lambda$runOnContext$0(EventLoopContext.java:43)
	at io.netty.util.concurrent.AbstractEventExecutor.runTask(AbstractEventExecutor.java:173)
	at io.netty.util.concurrent.AbstractEventExecutor.safeExecute(AbstractEventExecutor.java:166)
	at io.netty.util.concurrent.SingleThreadEventExecutor.runAllTasks(SingleThreadEventExecutor.java:470)
	at io.netty.channel.nio.NioEventLoop.run(NioEventLoop.java:566)
	at io.netty.util.concurrent.SingleThreadEventExecutor$4.run(SingleThreadEventExecutor.java:997)
	at io.netty.util.internal.ThreadExecutorMap$2.run(ThreadExecutorMap.java:74)
	at io.netty.util.concurrent.FastThreadLocalRunnable.run(FastThreadLocalRunnable.java:30)
	at java.base/java.lang.Thread.run(Thread.java:1447)
2025-06-01 22:00:04.210 [vert.x-eventloop-thread-3] ERROR i.v.e.w.h.impl.LoggerHandlerImpl - 127.0.0.1 - - [Sun, 1 Jun 2025 14:00:04 GMT] "DELETE /api/service-one/null HTTP/1.1" 500 141 "-" "Vert.x-WebClient/4.4.6"
2025-06-01 22:00:04.211 [vert.x-eventloop-thread-1] INFO  d.m.v.b.VertxReferenceBootstrap - Delete item response: {"error":"Internal Server Error","message":"Service unavailable: No handlers for address service.service-one","path":"/api/service-one/null"}
2025-06-01 22:00:04.211 [main] INFO  d.m.v.b.VertxReferenceBootstrap - Demonstration completed successfully
2025-06-01 22:00:04.211 [main] INFO  d.m.v.b.VertxReferenceBootstrap - Shutting down
2025-06-01 22:00:04.220 [vert.x-eventloop-thread-2] INFO  d.m.v.service.one.ServiceOneVerticle - Stopping Service One Verticle
2025-06-01 22:00:04.220 [vert.x-eventloop-thread-2] INFO  d.m.v.c.eventbus.EventBusService - Unregistering consumer for address: service.one
2025-06-01 22:00:04.220 [vert.x-eventloop-thread-2] INFO  d.m.v.service.one.ServiceOneVerticle - Event bus consumer unregistered successfully
2025-06-01 22:00:04.223 [vert.x-eventloop-thread-3] INFO  d.m.vertx.gateway.ApiGatewayVerticle - Stopping API Gateway Verticle
2025-06-01 22:00:04.224 [vert.x-eventloop-thread-3] INFO  d.m.vertx.gateway.ApiGatewayVerticle - HTTP server closed successfully
2025-06-01 22:00:04.241 [vert.x-eventloop-thread-44] INFO  d.m.v.b.VertxReferenceBootstrap - Vertx closed successfully
2025-06-01 22:00:04.242 [main] INFO  d.m.v.b.VertxReferenceBootstrap - Shutdown complete
