2025-06-01 16:18:37.693 [main] INFO  d.m.v.s.one.handler.ItemHandler - Handling request: {"id":"test-id"}
2025-06-01 16:18:37.714 [main] DEBUG d.m.v.s.one.handler.ItemHandler - Getting item with ID: test-id
2025-06-01 16:18:37.726 [main] INFO  d.m.v.s.one.handler.ItemHandler - Handling request: {"someField":"someValue"}
2025-06-01 16:18:37.729 [main] INFO  d.m.v.s.one.handler.ItemHandler - Handling request: {"action":"create","name":"New Item","description":"New Description"}
2025-06-01 16:18:37.729 [main] DEBUG d.m.v.s.one.handler.ItemHandler - Creating new item: {"action":"create","name":"New Item","description":"New Description"}
2025-06-01 16:18:37.777 [main] INFO  d.m.v.s.one.handler.ItemHandler - Handling request: {"action":"delete","id":"test-id"}
2025-06-01 16:18:37.778 [main] DEBUG d.m.v.s.one.handler.ItemHandler - Getting item with ID: test-id
2025-06-01 16:18:37.783 [main] INFO  d.m.v.s.one.handler.ItemHandler - Handling request: {"action":"delete"}
2025-06-01 16:18:37.783 [main] DEBUG d.m.v.s.one.handler.ItemHandler - Deleting item: {"action":"delete"}
2025-06-01 16:18:37.785 [main] INFO  d.m.v.s.one.handler.ItemHandler - Handling request: {"action":"list"}
2025-06-01 16:18:37.785 [main] DEBUG d.m.v.s.one.handler.ItemHandler - Listing all items
2025-06-01 16:18:37.789 [main] INFO  d.m.v.s.one.handler.ItemHandler - Handling request: {"action":"update","name":"Updated Name"}
2025-06-01 16:18:37.790 [main] DEBUG d.m.v.s.one.handler.ItemHandler - Updating item: {"action":"update","name":"Updated Name"}
2025-06-01 16:18:37.792 [main] INFO  d.m.v.s.one.handler.ItemHandler - Handling request: {"id":"non-existent-id"}
2025-06-01 16:18:37.792 [main] DEBUG d.m.v.s.one.handler.ItemHandler - Getting item with ID: non-existent-id
2025-06-01 16:18:37.794 [main] INFO  d.m.v.s.one.handler.ItemHandler - Handling request: {"action":"update","id":"test-id","name":"Updated Name","description":"Updated Description"}
2025-06-01 16:18:37.794 [main] DEBUG d.m.v.s.one.handler.ItemHandler - Getting item with ID: test-id
2025-06-01 16:18:37.798 [main] INFO  d.m.v.s.one.handler.ItemHandler - Handling request: {"action":"unknown"}
2025-06-01 16:18:38.078 [main] INFO  d.m.v.s.o.r.InMemoryItemRepository - Initializing repository with sample data
2025-06-01 16:18:38.078 [main] INFO  d.m.v.s.o.r.InMemoryItemRepository - Sample data initialized with 5 items
2025-06-01 16:18:38.079 [main] DEBUG d.m.v.s.o.r.InMemoryItemRepository - Deleting item with ID: non-existent-id
2025-06-01 16:18:38.168 [vert.x-worker-thread-0] DEBUG d.m.v.s.o.r.InMemoryItemRepository - Item not found for deletion with ID: non-existent-id
2025-06-01 16:18:38.229 [main] INFO  d.m.v.s.o.r.InMemoryItemRepository - Initializing repository with sample data
2025-06-01 16:18:38.230 [main] INFO  d.m.v.s.o.r.InMemoryItemRepository - Sample data initialized with 5 items
2025-06-01 16:18:38.230 [main] DEBUG d.m.v.s.o.r.InMemoryItemRepository - Saving item: Item{id='non-existent-id', name='Non-existent Item', description='null', createdAt=0, updatedAt=null}
2025-06-01 16:18:38.386 [vert.x-worker-thread-0] DEBUG d.m.v.s.o.r.InMemoryItemRepository - Item not found for update with ID: non-existent-id
2025-06-01 16:18:38.425 [main] INFO  d.m.v.s.o.r.InMemoryItemRepository - Initializing repository with sample data
2025-06-01 16:18:38.425 [main] INFO  d.m.v.s.o.r.InMemoryItemRepository - Sample data initialized with 5 items
2025-06-01 16:18:38.425 [main] DEBUG d.m.v.s.o.r.InMemoryItemRepository - Finding all items
2025-06-01 16:18:38.626 [vert.x-worker-thread-0] DEBUG d.m.v.s.o.r.InMemoryItemRepository - Found 5 items
2025-06-01 16:18:38.660 [main] INFO  d.m.v.s.o.r.InMemoryItemRepository - Initializing repository with sample data
2025-06-01 16:18:38.660 [main] INFO  d.m.v.s.o.r.InMemoryItemRepository - Sample data initialized with 5 items
2025-06-01 16:18:38.660 [main] DEBUG d.m.v.s.o.r.InMemoryItemRepository - Getting item count
2025-06-01 16:18:38.692 [main] INFO  d.m.v.s.o.r.InMemoryItemRepository - Initializing repository with sample data
2025-06-01 16:18:38.692 [main] INFO  d.m.v.s.o.r.InMemoryItemRepository - Sample data initialized with 5 items
2025-06-01 16:18:38.693 [main] DEBUG d.m.v.s.o.r.InMemoryItemRepository - Finding item by ID: item-2
2025-06-01 16:18:38.807 [vert.x-worker-thread-0] DEBUG d.m.v.s.o.r.InMemoryItemRepository - Found item: Item{id='item-2', name='Sample Item 2', description='This is a sample item 2', createdAt=1748765918692, updatedAt=null}
2025-06-01 16:18:38.808 [vert.x-eventloop-thread-0] DEBUG d.m.v.s.o.r.InMemoryItemRepository - Saving item: Item{id='item-2', name='Updated Item 2', description='This is an updated description', createdAt=1748765918692, updatedAt=null}
2025-06-01 16:18:38.963 [vert.x-worker-thread-1] DEBUG d.m.v.s.o.r.InMemoryItemRepository - Updated existing item with ID: item-2
2025-06-01 16:18:38.963 [vert.x-eventloop-thread-0] DEBUG d.m.v.s.o.r.InMemoryItemRepository - Finding item by ID: item-2
2025-06-01 16:18:39.071 [vert.x-worker-thread-2] DEBUG d.m.v.s.o.r.InMemoryItemRepository - Found item: Item{id='item-2', name='Updated Item 2', description='This is an updated description', createdAt=1748765918692, updatedAt=1748765918963}
2025-06-01 16:18:39.106 [main] INFO  d.m.v.s.o.r.InMemoryItemRepository - Initializing repository with sample data
2025-06-01 16:18:39.106 [main] INFO  d.m.v.s.o.r.InMemoryItemRepository - Sample data initialized with 5 items
2025-06-01 16:18:39.108 [main] DEBUG d.m.v.s.o.r.InMemoryItemRepository - Finding item by ID: item-1
2025-06-01 16:18:39.208 [vert.x-worker-thread-0] DEBUG d.m.v.s.o.r.InMemoryItemRepository - Found item: Item{id='item-1', name='Sample Item 1', description='This is a sample item 1', createdAt=1748765919106, updatedAt=null}
2025-06-01 16:18:39.251 [main] INFO  d.m.v.s.o.r.InMemoryItemRepository - Initializing repository with sample data
2025-06-01 16:18:39.251 [main] INFO  d.m.v.s.o.r.InMemoryItemRepository - Sample data initialized with 5 items
2025-06-01 16:18:39.251 [main] DEBUG d.m.v.s.o.r.InMemoryItemRepository - Finding item by ID: non-existent-id
2025-06-01 16:18:39.365 [vert.x-worker-thread-0] DEBUG d.m.v.s.o.r.InMemoryItemRepository - Item not found with ID: non-existent-id
2025-06-01 16:18:39.399 [main] INFO  d.m.v.s.o.r.InMemoryItemRepository - Initializing repository with sample data
2025-06-01 16:18:39.399 [main] INFO  d.m.v.s.o.r.InMemoryItemRepository - Sample data initialized with 5 items
2025-06-01 16:18:39.399 [main] DEBUG d.m.v.s.o.r.InMemoryItemRepository - Getting item count
2025-06-01 16:18:39.431 [main] INFO  d.m.v.s.o.r.InMemoryItemRepository - Initializing repository with sample data
2025-06-01 16:18:39.432 [main] INFO  d.m.v.s.o.r.InMemoryItemRepository - Sample data initialized with 5 items
2025-06-01 16:18:39.432 [main] DEBUG d.m.v.s.o.r.InMemoryItemRepository - Deleting item with ID: item-3
2025-06-01 16:18:39.521 [vert.x-worker-thread-0] DEBUG d.m.v.s.o.r.InMemoryItemRepository - Successfully deleted item with ID: item-3
2025-06-01 16:18:39.522 [vert.x-eventloop-thread-0] DEBUG d.m.v.s.o.r.InMemoryItemRepository - Finding item by ID: item-3
2025-06-01 16:18:39.629 [vert.x-worker-thread-1] DEBUG d.m.v.s.o.r.InMemoryItemRepository - Item not found with ID: item-3
2025-06-01 16:18:39.629 [vert.x-eventloop-thread-0] DEBUG d.m.v.s.o.r.InMemoryItemRepository - Getting item count
2025-06-01 16:18:39.665 [main] INFO  d.m.v.s.o.r.InMemoryItemRepository - Initializing repository with sample data
2025-06-01 16:18:39.666 [main] INFO  d.m.v.s.o.r.InMemoryItemRepository - Sample data initialized with 5 items
2025-06-01 16:18:39.666 [main] DEBUG d.m.v.s.o.r.InMemoryItemRepository - Saving item: Item{id='null', name='New Test Item', description='This is a new test item', createdAt=0, updatedAt=null}
2025-06-01 16:18:39.830 [vert.x-worker-thread-0] DEBUG d.m.v.s.o.r.InMemoryItemRepository - Created new item with ID: cbcb6887-cf5c-4e9d-92af-9b1d63847020
2025-06-01 16:18:39.831 [vert.x-eventloop-thread-0] DEBUG d.m.v.s.o.r.InMemoryItemRepository - Finding item by ID: cbcb6887-cf5c-4e9d-92af-9b1d63847020
2025-06-01 16:18:39.940 [vert.x-worker-thread-1] DEBUG d.m.v.s.o.r.InMemoryItemRepository - Found item: Item{id='cbcb6887-cf5c-4e9d-92af-9b1d63847020', name='New Test Item', description='This is a new test item', createdAt=1748765919830, updatedAt=null}
2025-06-01 16:18:39.955 [main] INFO  d.m.v.s.one.service.ItemService - Updating item with ID: test-id
2025-06-01 16:18:39.959 [main] INFO  d.m.v.s.one.service.ItemService - Deleting item with ID: non-existent-id
2025-06-01 16:18:39.961 [main] INFO  d.m.v.s.one.service.ItemService - Getting item with ID: non-existent-id
2025-06-01 16:18:39.963 [main] INFO  d.m.v.s.one.service.ItemService - Listing all items
2025-06-01 16:18:39.964 [main] INFO  d.m.v.s.one.service.ItemService - Updating item with ID: non-existent-id
2025-06-01 16:18:39.966 [main] INFO  d.m.v.s.one.service.ItemService - Getting item with ID: test-id
2025-06-01 16:18:39.968 [main] INFO  d.m.v.s.one.service.ItemService - Updating item with ID: test-id
2025-06-01 16:18:39.970 [main] INFO  d.m.v.s.one.service.ItemService - Initializing item service
2025-06-01 16:18:39.971 [main] INFO  d.m.v.s.one.service.ItemService - Creating new item: {"name":"New Item","description":"New Description"}
2025-06-01 16:18:39.972 [main] INFO  d.m.v.s.one.service.ItemService - Deleting item with ID: test-id
2025-06-01 16:18:39.973 [main] INFO  d.m.v.s.one.service.ItemService - Creating new item: {}
2025-06-01 16:26:57.878 [main] INFO  d.m.v.s.o.r.InMemoryItemRepository - Initializing repository with sample data
2025-06-01 16:26:57.880 [main] INFO  d.m.v.s.o.r.InMemoryItemRepository - Sample data initialized with 5 items
2025-06-01 16:26:57.885 [main] DEBUG d.m.v.s.o.r.InMemoryItemRepository - Deleting item with ID: non-existent-id
2025-06-01 16:26:57.971 [vert.x-worker-thread-0] DEBUG d.m.v.s.o.r.InMemoryItemRepository - Item not found for deletion with ID: non-existent-id
2025-06-01 16:26:58.043 [main] INFO  d.m.v.s.o.r.InMemoryItemRepository - Initializing repository with sample data
2025-06-01 16:26:58.043 [main] INFO  d.m.v.s.o.r.InMemoryItemRepository - Sample data initialized with 5 items
2025-06-01 16:26:58.043 [main] DEBUG d.m.v.s.o.r.InMemoryItemRepository - Saving item: Item{id='non-existent-id', name='Non-existent Item', description='null', createdAt=0, updatedAt=null}
2025-06-01 16:26:58.197 [vert.x-worker-thread-0] DEBUG d.m.v.s.o.r.InMemoryItemRepository - Item not found for update with ID: non-existent-id
2025-06-01 16:26:58.245 [main] INFO  d.m.v.s.o.r.InMemoryItemRepository - Initializing repository with sample data
2025-06-01 16:26:58.246 [main] INFO  d.m.v.s.o.r.InMemoryItemRepository - Sample data initialized with 5 items
2025-06-01 16:26:58.246 [main] DEBUG d.m.v.s.o.r.InMemoryItemRepository - Finding all items
2025-06-01 16:26:58.447 [vert.x-worker-thread-0] DEBUG d.m.v.s.o.r.InMemoryItemRepository - Found 5 items
2025-06-01 16:26:58.486 [main] INFO  d.m.v.s.o.r.InMemoryItemRepository - Initializing repository with sample data
2025-06-01 16:26:58.487 [main] INFO  d.m.v.s.o.r.InMemoryItemRepository - Sample data initialized with 5 items
2025-06-01 16:26:58.487 [main] DEBUG d.m.v.s.o.r.InMemoryItemRepository - Getting item count
2025-06-01 16:26:58.520 [main] INFO  d.m.v.s.o.r.InMemoryItemRepository - Initializing repository with sample data
2025-06-01 16:26:58.520 [main] INFO  d.m.v.s.o.r.InMemoryItemRepository - Sample data initialized with 5 items
2025-06-01 16:26:58.520 [main] DEBUG d.m.v.s.o.r.InMemoryItemRepository - Finding item by ID: item-2
2025-06-01 16:26:58.622 [vert.x-worker-thread-0] DEBUG d.m.v.s.o.r.InMemoryItemRepository - Found item: Item{id='item-2', name='Sample Item 2', description='This is a sample item 2', createdAt=1748766418520, updatedAt=null}
2025-06-01 16:26:58.623 [vert.x-eventloop-thread-0] DEBUG d.m.v.s.o.r.InMemoryItemRepository - Saving item: Item{id='item-2', name='Updated Item 2', description='This is an updated description', createdAt=1748766418520, updatedAt=null}
2025-06-01 16:26:58.773 [vert.x-worker-thread-1] DEBUG d.m.v.s.o.r.InMemoryItemRepository - Updated existing item with ID: item-2
2025-06-01 16:26:58.773 [vert.x-eventloop-thread-0] DEBUG d.m.v.s.o.r.InMemoryItemRepository - Finding item by ID: item-2
2025-06-01 16:26:58.875 [vert.x-worker-thread-2] DEBUG d.m.v.s.o.r.InMemoryItemRepository - Found item: Item{id='item-2', name='Updated Item 2', description='This is an updated description', createdAt=1748766418520, updatedAt=1748766418773}
2025-06-01 16:26:58.928 [main] INFO  d.m.v.s.o.r.InMemoryItemRepository - Initializing repository with sample data
2025-06-01 16:26:58.928 [main] INFO  d.m.v.s.o.r.InMemoryItemRepository - Sample data initialized with 5 items
2025-06-01 16:26:58.928 [main] DEBUG d.m.v.s.o.r.InMemoryItemRepository - Finding item by ID: item-1
2025-06-01 16:26:59.031 [vert.x-worker-thread-0] DEBUG d.m.v.s.o.r.InMemoryItemRepository - Found item: Item{id='item-1', name='Sample Item 1', description='This is a sample item 1', createdAt=1748766418928, updatedAt=null}
2025-06-01 16:26:59.076 [main] INFO  d.m.v.s.o.r.InMemoryItemRepository - Initializing repository with sample data
2025-06-01 16:26:59.076 [main] INFO  d.m.v.s.o.r.InMemoryItemRepository - Sample data initialized with 5 items
2025-06-01 16:26:59.076 [main] DEBUG d.m.v.s.o.r.InMemoryItemRepository - Finding item by ID: non-existent-id
2025-06-01 16:26:59.177 [vert.x-worker-thread-0] DEBUG d.m.v.s.o.r.InMemoryItemRepository - Item not found with ID: non-existent-id
2025-06-01 16:26:59.215 [main] INFO  d.m.v.s.o.r.InMemoryItemRepository - Initializing repository with sample data
2025-06-01 16:26:59.215 [main] INFO  d.m.v.s.o.r.InMemoryItemRepository - Sample data initialized with 5 items
2025-06-01 16:26:59.216 [main] DEBUG d.m.v.s.o.r.InMemoryItemRepository - Getting item count
2025-06-01 16:26:59.248 [main] INFO  d.m.v.s.o.r.InMemoryItemRepository - Initializing repository with sample data
2025-06-01 16:26:59.248 [main] INFO  d.m.v.s.o.r.InMemoryItemRepository - Sample data initialized with 5 items
2025-06-01 16:26:59.249 [main] DEBUG d.m.v.s.o.r.InMemoryItemRepository - Deleting item with ID: item-3
2025-06-01 16:26:59.331 [vert.x-worker-thread-0] DEBUG d.m.v.s.o.r.InMemoryItemRepository - Successfully deleted item with ID: item-3
2025-06-01 16:26:59.331 [vert.x-eventloop-thread-0] DEBUG d.m.v.s.o.r.InMemoryItemRepository - Finding item by ID: item-3
2025-06-01 16:26:59.433 [vert.x-worker-thread-1] DEBUG d.m.v.s.o.r.InMemoryItemRepository - Item not found with ID: item-3
2025-06-01 16:26:59.433 [vert.x-eventloop-thread-0] DEBUG d.m.v.s.o.r.InMemoryItemRepository - Getting item count
2025-06-01 16:26:59.465 [main] INFO  d.m.v.s.o.r.InMemoryItemRepository - Initializing repository with sample data
2025-06-01 16:26:59.465 [main] INFO  d.m.v.s.o.r.InMemoryItemRepository - Sample data initialized with 5 items
2025-06-01 16:26:59.466 [main] DEBUG d.m.v.s.o.r.InMemoryItemRepository - Saving item: Item{id='null', name='New Test Item', description='This is a new test item', createdAt=0, updatedAt=null}
2025-06-01 16:26:59.618 [vert.x-worker-thread-0] DEBUG d.m.v.s.o.r.InMemoryItemRepository - Created new item with ID: 833e05f6-aec1-4192-9810-1ebdbfd15865
2025-06-01 16:26:59.619 [vert.x-eventloop-thread-0] DEBUG d.m.v.s.o.r.InMemoryItemRepository - Finding item by ID: 833e05f6-aec1-4192-9810-1ebdbfd15865
2025-06-01 16:26:59.720 [vert.x-worker-thread-1] DEBUG d.m.v.s.o.r.InMemoryItemRepository - Found item: Item{id='833e05f6-aec1-4192-9810-1ebdbfd15865', name='New Test Item', description='This is a new test item', createdAt=1748766419618, updatedAt=null}
2025-06-01 16:27:10.082 [main] INFO  d.m.v.s.one.service.ItemService - Updating item with ID: test-id
2025-06-01 16:27:10.101 [main] INFO  d.m.v.s.one.service.ItemService - Deleting item with ID: non-existent-id
2025-06-01 16:27:10.105 [main] INFO  d.m.v.s.one.service.ItemService - Getting item with ID: non-existent-id
2025-06-01 16:27:10.107 [main] INFO  d.m.v.s.one.service.ItemService - Listing all items
2025-06-01 16:27:10.111 [main] INFO  d.m.v.s.one.service.ItemService - Updating item with ID: non-existent-id
2025-06-01 16:27:10.113 [main] INFO  d.m.v.s.one.service.ItemService - Getting item with ID: test-id
2025-06-01 16:27:10.116 [main] INFO  d.m.v.s.one.service.ItemService - Updating item with ID: test-id
2025-06-01 16:27:10.118 [main] INFO  d.m.v.s.one.service.ItemService - Initializing item service
2025-06-01 16:27:10.122 [main] INFO  d.m.v.s.one.service.ItemService - Creating new item: {"name":"New Item","description":"New Description"}
2025-06-01 16:27:10.162 [main] INFO  d.m.v.s.one.service.ItemService - Deleting item with ID: test-id
2025-06-01 16:27:10.166 [main] INFO  d.m.v.s.one.service.ItemService - Creating new item: {}
2025-06-01 16:27:20.440 [main] INFO  d.m.v.s.one.handler.ItemHandler - Handling request: {"id":"test-id"}
2025-06-01 16:27:20.468 [main] DEBUG d.m.v.s.one.handler.ItemHandler - Getting item with ID: test-id
2025-06-01 16:27:20.487 [main] INFO  d.m.v.s.one.handler.ItemHandler - Handling request: {"someField":"someValue"}
2025-06-01 16:27:20.490 [main] INFO  d.m.v.s.one.handler.ItemHandler - Handling request: {"action":"create","name":"New Item","description":"New Description"}
2025-06-01 16:27:20.490 [main] DEBUG d.m.v.s.one.handler.ItemHandler - Creating new item: {"action":"create","name":"New Item","description":"New Description"}
2025-06-01 16:27:20.496 [main] INFO  d.m.v.s.one.handler.ItemHandler - Handling request: {"action":"delete","id":"test-id"}
2025-06-01 16:27:20.496 [main] DEBUG d.m.v.s.one.handler.ItemHandler - Getting item with ID: test-id
2025-06-01 16:27:20.514 [main] INFO  d.m.v.s.one.handler.ItemHandler - Handling request: {"action":"delete"}
2025-06-01 16:27:20.514 [main] DEBUG d.m.v.s.one.handler.ItemHandler - Deleting item: {"action":"delete"}
2025-06-01 16:27:20.516 [main] INFO  d.m.v.s.one.handler.ItemHandler - Handling request: {"action":"list"}
2025-06-01 16:27:20.516 [main] DEBUG d.m.v.s.one.handler.ItemHandler - Listing all items
2025-06-01 16:27:20.520 [main] INFO  d.m.v.s.one.handler.ItemHandler - Handling request: {"action":"update","name":"Updated Name"}
2025-06-01 16:27:20.521 [main] DEBUG d.m.v.s.one.handler.ItemHandler - Updating item: {"action":"update","name":"Updated Name"}
2025-06-01 16:27:20.524 [main] INFO  d.m.v.s.one.handler.ItemHandler - Handling request: {"id":"non-existent-id"}
2025-06-01 16:27:20.524 [main] DEBUG d.m.v.s.one.handler.ItemHandler - Getting item with ID: non-existent-id
2025-06-01 16:27:20.526 [main] INFO  d.m.v.s.one.handler.ItemHandler - Handling request: {"action":"update","id":"test-id","name":"Updated Name","description":"Updated Description"}
2025-06-01 16:27:20.526 [main] DEBUG d.m.v.s.one.handler.ItemHandler - Getting item with ID: test-id
2025-06-01 16:27:20.532 [main] INFO  d.m.v.s.one.handler.ItemHandler - Handling request: {"action":"unknown"}
2025-06-01 16:30:38.441 [main] INFO  d.m.v.s.one.handler.ItemHandler - Handling request: {"id":"test-id"}
2025-06-01 16:30:38.471 [main] DEBUG d.m.v.s.one.handler.ItemHandler - Getting item with ID: test-id
2025-06-01 16:30:38.492 [main] INFO  d.m.v.s.one.handler.ItemHandler - Handling request: {"someField":"someValue"}
2025-06-01 16:30:38.495 [main] INFO  d.m.v.s.one.handler.ItemHandler - Handling request: {"action":"create","name":"New Item","description":"New Description"}
2025-06-01 16:30:38.496 [main] DEBUG d.m.v.s.one.handler.ItemHandler - Creating new item: {"action":"create","name":"New Item","description":"New Description"}
2025-06-01 16:30:38.501 [main] INFO  d.m.v.s.one.handler.ItemHandler - Handling request: {"action":"delete","id":"test-id"}
2025-06-01 16:30:38.501 [main] DEBUG d.m.v.s.one.handler.ItemHandler - Deleting item: {"action":"delete","id":"test-id"}
2025-06-01 16:30:38.503 [main] INFO  d.m.v.s.one.handler.ItemHandler - Handling request: {"action":"delete"}
2025-06-01 16:30:38.503 [main] DEBUG d.m.v.s.one.handler.ItemHandler - Deleting item: {"action":"delete"}
2025-06-01 16:30:38.505 [main] INFO  d.m.v.s.one.handler.ItemHandler - Handling request: {"action":"list"}
2025-06-01 16:30:38.505 [main] DEBUG d.m.v.s.one.handler.ItemHandler - Listing all items
2025-06-01 16:30:38.508 [main] INFO  d.m.v.s.one.handler.ItemHandler - Handling request: {"action":"update","name":"Updated Name"}
2025-06-01 16:30:38.509 [main] DEBUG d.m.v.s.one.handler.ItemHandler - Updating item: {"action":"update","name":"Updated Name"}
2025-06-01 16:30:38.511 [main] INFO  d.m.v.s.one.handler.ItemHandler - Handling request: {"id":"non-existent-id"}
2025-06-01 16:30:38.512 [main] DEBUG d.m.v.s.one.handler.ItemHandler - Getting item with ID: non-existent-id
2025-06-01 16:30:38.516 [main] INFO  d.m.v.s.one.handler.ItemHandler - Handling request: {"action":"update","id":"test-id","name":"Updated Name","description":"Updated Description"}
2025-06-01 16:30:38.516 [main] DEBUG d.m.v.s.one.handler.ItemHandler - Updating item: {"action":"update","id":"test-id","name":"Updated Name","description":"Updated Description"}
2025-06-01 16:30:38.519 [main] INFO  d.m.v.s.one.handler.ItemHandler - Handling request: {"action":"unknown"}
2025-06-01 16:35:21.882 [main] INFO  d.m.v.s.o.r.InMemoryItemRepository - Initializing repository with sample data
2025-06-01 16:35:21.884 [main] INFO  d.m.v.s.o.r.InMemoryItemRepository - Sample data initialized with 5 items
2025-06-01 16:35:21.888 [main] DEBUG d.m.v.s.o.r.InMemoryItemRepository - Deleting item with ID: non-existent-id
2025-06-01 16:35:21.889 [main] DEBUG d.m.v.s.o.r.InMemoryItemRepository - Item not found for deletion with ID: non-existent-id
2025-06-01 16:35:21.969 [main] INFO  d.m.v.s.o.r.InMemoryItemRepository - Initializing repository with sample data
2025-06-01 16:35:21.969 [main] INFO  d.m.v.s.o.r.InMemoryItemRepository - Sample data initialized with 5 items
2025-06-01 16:35:21.969 [main] DEBUG d.m.v.s.o.r.InMemoryItemRepository - Saving item: Item{id='non-existent-id', name='Non-existent Item', description='null', createdAt=0, updatedAt=null}
2025-06-01 16:35:21.971 [main] DEBUG d.m.v.s.o.r.InMemoryItemRepository - Item not found for update with ID: non-existent-id
2025-06-01 16:35:22.020 [main] INFO  d.m.v.s.o.r.InMemoryItemRepository - Initializing repository with sample data
2025-06-01 16:35:22.021 [main] INFO  d.m.v.s.o.r.InMemoryItemRepository - Sample data initialized with 5 items
2025-06-01 16:35:22.021 [main] DEBUG d.m.v.s.o.r.InMemoryItemRepository - Finding all items
2025-06-01 16:35:22.021 [main] DEBUG d.m.v.s.o.r.InMemoryItemRepository - Found 5 items
2025-06-01 16:35:22.058 [main] INFO  d.m.v.s.o.r.InMemoryItemRepository - Initializing repository with sample data
2025-06-01 16:35:22.059 [main] INFO  d.m.v.s.o.r.InMemoryItemRepository - Sample data initialized with 5 items
2025-06-01 16:35:22.059 [main] DEBUG d.m.v.s.o.r.InMemoryItemRepository - Getting item count
2025-06-01 16:35:22.096 [main] INFO  d.m.v.s.o.r.InMemoryItemRepository - Initializing repository with sample data
2025-06-01 16:35:22.096 [main] INFO  d.m.v.s.o.r.InMemoryItemRepository - Sample data initialized with 5 items
2025-06-01 16:35:22.097 [main] DEBUG d.m.v.s.o.r.InMemoryItemRepository - Finding item by ID: item-2
2025-06-01 16:35:22.097 [main] DEBUG d.m.v.s.o.r.InMemoryItemRepository - Found item: Item{id='item-2', name='Sample Item 2', description='This is a sample item 2', createdAt=1748766922096, updatedAt=null}
2025-06-01 16:35:22.098 [main] DEBUG d.m.v.s.o.r.InMemoryItemRepository - Saving item: Item{id='item-2', name='Updated Item 2', description='This is an updated description', createdAt=1748766922096, updatedAt=null}
2025-06-01 16:35:22.099 [main] DEBUG d.m.v.s.o.r.InMemoryItemRepository - Updated existing item with ID: item-2
2025-06-01 16:35:22.099 [main] DEBUG d.m.v.s.o.r.InMemoryItemRepository - Finding item by ID: item-2
2025-06-01 16:35:22.099 [main] DEBUG d.m.v.s.o.r.InMemoryItemRepository - Found item: Item{id='item-2', name='Updated Item 2', description='This is an updated description', createdAt=1748766922096, updatedAt=1748766922099}
2025-06-01 16:35:22.139 [main] INFO  d.m.v.s.o.r.InMemoryItemRepository - Initializing repository with sample data
2025-06-01 16:35:22.140 [main] INFO  d.m.v.s.o.r.InMemoryItemRepository - Sample data initialized with 5 items
2025-06-01 16:35:22.140 [main] DEBUG d.m.v.s.o.r.InMemoryItemRepository - Finding item by ID: item-1
2025-06-01 16:35:22.140 [main] DEBUG d.m.v.s.o.r.InMemoryItemRepository - Found item: Item{id='item-1', name='Sample Item 1', description='This is a sample item 1', createdAt=1748766922140, updatedAt=null}
2025-06-01 16:35:22.176 [main] INFO  d.m.v.s.o.r.InMemoryItemRepository - Initializing repository with sample data
2025-06-01 16:35:22.176 [main] INFO  d.m.v.s.o.r.InMemoryItemRepository - Sample data initialized with 5 items
2025-06-01 16:35:22.177 [main] DEBUG d.m.v.s.o.r.InMemoryItemRepository - Finding item by ID: non-existent-id
2025-06-01 16:35:22.177 [main] DEBUG d.m.v.s.o.r.InMemoryItemRepository - Item not found with ID: non-existent-id
2025-06-01 16:35:22.210 [main] INFO  d.m.v.s.o.r.InMemoryItemRepository - Initializing repository with sample data
2025-06-01 16:35:22.210 [main] INFO  d.m.v.s.o.r.InMemoryItemRepository - Sample data initialized with 5 items
2025-06-01 16:35:22.211 [main] DEBUG d.m.v.s.o.r.InMemoryItemRepository - Getting item count
2025-06-01 16:35:22.244 [main] INFO  d.m.v.s.o.r.InMemoryItemRepository - Initializing repository with sample data
2025-06-01 16:35:22.244 [main] INFO  d.m.v.s.o.r.InMemoryItemRepository - Sample data initialized with 5 items
2025-06-01 16:35:22.244 [main] DEBUG d.m.v.s.o.r.InMemoryItemRepository - Deleting item with ID: item-3
2025-06-01 16:35:22.244 [main] DEBUG d.m.v.s.o.r.InMemoryItemRepository - Successfully deleted item with ID: item-3
2025-06-01 16:35:22.245 [main] DEBUG d.m.v.s.o.r.InMemoryItemRepository - Finding item by ID: item-3
2025-06-01 16:35:22.245 [main] DEBUG d.m.v.s.o.r.InMemoryItemRepository - Item not found with ID: item-3
2025-06-01 16:35:22.245 [main] DEBUG d.m.v.s.o.r.InMemoryItemRepository - Getting item count
2025-06-01 16:35:22.279 [main] INFO  d.m.v.s.o.r.InMemoryItemRepository - Initializing repository with sample data
2025-06-01 16:35:22.279 [main] INFO  d.m.v.s.o.r.InMemoryItemRepository - Sample data initialized with 5 items
2025-06-01 16:35:22.279 [main] DEBUG d.m.v.s.o.r.InMemoryItemRepository - Saving item: Item{id='null', name='New Test Item', description='This is a new test item', createdAt=0, updatedAt=null}
2025-06-01 16:35:22.279 [main] DEBUG d.m.v.s.o.r.InMemoryItemRepository - Created new item with ID: 4dd5cad6-d3f8-4e06-838a-e987ce33aade
2025-06-01 16:35:22.280 [main] DEBUG d.m.v.s.o.r.InMemoryItemRepository - Finding item by ID: 4dd5cad6-d3f8-4e06-838a-e987ce33aade
2025-06-01 16:35:22.280 [main] DEBUG d.m.v.s.o.r.InMemoryItemRepository - Found item: Item{id='4dd5cad6-d3f8-4e06-838a-e987ce33aade', name='New Test Item', description='This is a new test item', createdAt=1748766922279, updatedAt=null}
2025-06-01 16:36:00.341 [main] INFO  d.m.v.s.o.r.InMemoryItemRepository - Initializing repository with sample data
2025-06-01 16:36:00.343 [main] INFO  d.m.v.s.o.r.InMemoryItemRepository - Sample data initialized with 5 items
2025-06-01 16:36:00.347 [main] DEBUG d.m.v.s.o.r.InMemoryItemRepository - Deleting item with ID: non-existent-id
2025-06-01 16:36:00.347 [main] DEBUG d.m.v.s.o.r.InMemoryItemRepository - Item not found for deletion with ID: non-existent-id
2025-06-01 16:36:00.422 [main] INFO  d.m.v.s.o.r.InMemoryItemRepository - Initializing repository with sample data
2025-06-01 16:36:00.422 [main] INFO  d.m.v.s.o.r.InMemoryItemRepository - Sample data initialized with 5 items
2025-06-01 16:36:00.422 [main] DEBUG d.m.v.s.o.r.InMemoryItemRepository - Saving item: Item{id='non-existent-id', name='Non-existent Item', description='null', createdAt=0, updatedAt=null}
2025-06-01 16:36:00.424 [main] DEBUG d.m.v.s.o.r.InMemoryItemRepository - Item not found for update with ID: non-existent-id
2025-06-01 16:36:00.474 [main] INFO  d.m.v.s.o.r.InMemoryItemRepository - Initializing repository with sample data
2025-06-01 16:36:00.475 [main] INFO  d.m.v.s.o.r.InMemoryItemRepository - Sample data initialized with 5 items
2025-06-01 16:36:00.475 [main] DEBUG d.m.v.s.o.r.InMemoryItemRepository - Finding all items
2025-06-01 16:36:00.475 [main] DEBUG d.m.v.s.o.r.InMemoryItemRepository - Found 5 items
2025-06-01 16:36:00.520 [main] INFO  d.m.v.s.o.r.InMemoryItemRepository - Initializing repository with sample data
2025-06-01 16:36:00.520 [main] INFO  d.m.v.s.o.r.InMemoryItemRepository - Sample data initialized with 5 items
2025-06-01 16:36:00.520 [main] DEBUG d.m.v.s.o.r.InMemoryItemRepository - Getting item count
2025-06-01 16:36:00.555 [main] INFO  d.m.v.s.o.r.InMemoryItemRepository - Initializing repository with sample data
2025-06-01 16:36:00.555 [main] INFO  d.m.v.s.o.r.InMemoryItemRepository - Sample data initialized with 5 items
2025-06-01 16:36:00.555 [main] DEBUG d.m.v.s.o.r.InMemoryItemRepository - Finding item by ID: item-2
2025-06-01 16:36:00.555 [main] DEBUG d.m.v.s.o.r.InMemoryItemRepository - Found item: Item{id='item-2', name='Sample Item 2', description='This is a sample item 2', createdAt=1748766960555, updatedAt=null}
2025-06-01 16:36:00.556 [main] DEBUG d.m.v.s.o.r.InMemoryItemRepository - Saving item: Item{id='item-2', name='Updated Item 2', description='This is an updated description', createdAt=1748766960555, updatedAt=null}
2025-06-01 16:36:00.556 [main] DEBUG d.m.v.s.o.r.InMemoryItemRepository - Updated existing item with ID: item-2
2025-06-01 16:36:00.557 [main] DEBUG d.m.v.s.o.r.InMemoryItemRepository - Finding item by ID: item-2
2025-06-01 16:36:00.557 [main] DEBUG d.m.v.s.o.r.InMemoryItemRepository - Found item: Item{id='item-2', name='Updated Item 2', description='This is an updated description', createdAt=1748766960555, updatedAt=1748766960556}
2025-06-01 16:36:00.594 [main] INFO  d.m.v.s.o.r.InMemoryItemRepository - Initializing repository with sample data
2025-06-01 16:36:00.594 [main] INFO  d.m.v.s.o.r.InMemoryItemRepository - Sample data initialized with 5 items
2025-06-01 16:36:00.594 [main] DEBUG d.m.v.s.o.r.InMemoryItemRepository - Finding item by ID: item-1
2025-06-01 16:36:00.594 [main] DEBUG d.m.v.s.o.r.InMemoryItemRepository - Found item: Item{id='item-1', name='Sample Item 1', description='This is a sample item 1', createdAt=1748766960594, updatedAt=null}
2025-06-01 16:36:00.634 [main] INFO  d.m.v.s.o.r.InMemoryItemRepository - Initializing repository with sample data
2025-06-01 16:36:00.634 [main] INFO  d.m.v.s.o.r.InMemoryItemRepository - Sample data initialized with 5 items
2025-06-01 16:36:00.634 [main] DEBUG d.m.v.s.o.r.InMemoryItemRepository - Finding item by ID: non-existent-id
2025-06-01 16:36:00.634 [main] DEBUG d.m.v.s.o.r.InMemoryItemRepository - Item not found with ID: non-existent-id
2025-06-01 16:36:00.667 [main] INFO  d.m.v.s.o.r.InMemoryItemRepository - Initializing repository with sample data
2025-06-01 16:36:00.668 [main] INFO  d.m.v.s.o.r.InMemoryItemRepository - Sample data initialized with 5 items
2025-06-01 16:36:00.668 [main] DEBUG d.m.v.s.o.r.InMemoryItemRepository - Getting item count
2025-06-01 16:36:00.700 [main] INFO  d.m.v.s.o.r.InMemoryItemRepository - Initializing repository with sample data
2025-06-01 16:36:00.701 [main] INFO  d.m.v.s.o.r.InMemoryItemRepository - Sample data initialized with 5 items
2025-06-01 16:36:00.701 [main] DEBUG d.m.v.s.o.r.InMemoryItemRepository - Deleting item with ID: item-3
2025-06-01 16:36:00.701 [main] DEBUG d.m.v.s.o.r.InMemoryItemRepository - Successfully deleted item with ID: item-3
2025-06-01 16:36:00.701 [main] DEBUG d.m.v.s.o.r.InMemoryItemRepository - Finding item by ID: item-3
2025-06-01 16:36:00.702 [main] DEBUG d.m.v.s.o.r.InMemoryItemRepository - Item not found with ID: item-3
2025-06-01 16:36:00.702 [main] DEBUG d.m.v.s.o.r.InMemoryItemRepository - Getting item count
2025-06-01 16:36:00.736 [main] INFO  d.m.v.s.o.r.InMemoryItemRepository - Initializing repository with sample data
2025-06-01 16:36:00.736 [main] INFO  d.m.v.s.o.r.InMemoryItemRepository - Sample data initialized with 5 items
2025-06-01 16:36:00.736 [main] DEBUG d.m.v.s.o.r.InMemoryItemRepository - Saving item: Item{id='null', name='New Test Item', description='This is a new test item', createdAt=0, updatedAt=null}
2025-06-01 16:36:00.736 [main] DEBUG d.m.v.s.o.r.InMemoryItemRepository - Created new item with ID: c25ce3e9-0100-4ca8-a7e9-764132fb71fb
2025-06-01 16:36:00.737 [main] DEBUG d.m.v.s.o.r.InMemoryItemRepository - Finding item by ID: c25ce3e9-0100-4ca8-a7e9-764132fb71fb
2025-06-01 16:36:00.737 [main] DEBUG d.m.v.s.o.r.InMemoryItemRepository - Found item: Item{id='c25ce3e9-0100-4ca8-a7e9-764132fb71fb', name='New Test Item', description='This is a new test item', createdAt=1748766960736, updatedAt=null}
2025-06-01 16:36:02.042 [main] INFO  d.m.v.s.one.service.ItemService - Updating item with ID: test-id
2025-06-01 16:36:02.062 [main] INFO  d.m.v.s.one.service.ItemService - Deleting item with ID: non-existent-id
2025-06-01 16:36:02.066 [main] INFO  d.m.v.s.one.service.ItemService - Getting item with ID: non-existent-id
2025-06-01 16:36:02.068 [main] INFO  d.m.v.s.one.service.ItemService - Listing all items
2025-06-01 16:36:02.071 [main] INFO  d.m.v.s.one.service.ItemService - Updating item with ID: non-existent-id
2025-06-01 16:36:02.073 [main] INFO  d.m.v.s.one.service.ItemService - Getting item with ID: test-id
2025-06-01 16:36:02.076 [main] INFO  d.m.v.s.one.service.ItemService - Updating item with ID: test-id
2025-06-01 16:36:02.078 [main] INFO  d.m.v.s.one.service.ItemService - Initializing item service
2025-06-01 16:36:02.080 [main] INFO  d.m.v.s.one.service.ItemService - Creating new item: {"name":"New Item","description":"New Description"}
2025-06-01 16:36:02.118 [main] INFO  d.m.v.s.one.service.ItemService - Deleting item with ID: test-id
2025-06-01 16:36:02.120 [main] INFO  d.m.v.s.one.service.ItemService - Creating new item: {}
2025-06-01 16:36:03.892 [main] INFO  d.m.v.s.one.handler.ItemHandler - Handling request: {"id":"test-id"}
2025-06-01 16:36:03.921 [main] DEBUG d.m.v.s.one.handler.ItemHandler - Getting item with ID: test-id
2025-06-01 16:36:03.942 [main] INFO  d.m.v.s.one.handler.ItemHandler - Handling request: {"someField":"someValue"}
2025-06-01 16:36:03.945 [main] INFO  d.m.v.s.one.handler.ItemHandler - Handling request: {"action":"create","name":"New Item","description":"New Description"}
2025-06-01 16:36:03.945 [main] DEBUG d.m.v.s.one.handler.ItemHandler - Creating new item: {"action":"create","name":"New Item","description":"New Description"}
2025-06-01 16:36:03.950 [main] INFO  d.m.v.s.one.handler.ItemHandler - Handling request: {"action":"delete","id":"test-id"}
2025-06-01 16:36:03.950 [main] DEBUG d.m.v.s.one.handler.ItemHandler - Deleting item: {"action":"delete","id":"test-id"}
2025-06-01 16:36:03.952 [main] INFO  d.m.v.s.one.handler.ItemHandler - Handling request: {"action":"delete"}
2025-06-01 16:36:03.953 [main] DEBUG d.m.v.s.one.handler.ItemHandler - Deleting item: {"action":"delete"}
2025-06-01 16:36:03.955 [main] INFO  d.m.v.s.one.handler.ItemHandler - Handling request: {"action":"list"}
2025-06-01 16:36:03.955 [main] DEBUG d.m.v.s.one.handler.ItemHandler - Listing all items
2025-06-01 16:36:03.958 [main] INFO  d.m.v.s.one.handler.ItemHandler - Handling request: {"action":"update","name":"Updated Name"}
2025-06-01 16:36:03.958 [main] DEBUG d.m.v.s.one.handler.ItemHandler - Updating item: {"action":"update","name":"Updated Name"}
2025-06-01 16:36:03.960 [main] INFO  d.m.v.s.one.handler.ItemHandler - Handling request: {"id":"non-existent-id"}
2025-06-01 16:36:03.961 [main] DEBUG d.m.v.s.one.handler.ItemHandler - Getting item with ID: non-existent-id
2025-06-01 16:36:03.962 [main] INFO  d.m.v.s.one.handler.ItemHandler - Handling request: {"action":"update","id":"test-id","name":"Updated Name","description":"Updated Description"}
2025-06-01 16:36:03.962 [main] DEBUG d.m.v.s.one.handler.ItemHandler - Updating item: {"action":"update","id":"test-id","name":"Updated Name","description":"Updated Description"}
2025-06-01 16:36:03.964 [main] INFO  d.m.v.s.one.handler.ItemHandler - Handling request: {"action":"unknown"}
2025-06-01 16:38:16.837 [main] INFO  d.m.v.s.o.r.InMemoryItemRepository - Initializing repository with sample data
2025-06-01 16:38:16.838 [main] INFO  d.m.v.s.o.r.InMemoryItemRepository - Sample data initialized with 5 items
2025-06-01 16:38:16.843 [main] DEBUG d.m.v.s.o.r.InMemoryItemRepository - Deleting item with ID: non-existent-id
2025-06-01 16:38:16.844 [main] DEBUG d.m.v.s.o.r.InMemoryItemRepository - Item not found for deletion with ID: non-existent-id
2025-06-01 16:38:16.920 [main] INFO  d.m.v.s.o.r.InMemoryItemRepository - Initializing repository with sample data
2025-06-01 16:38:16.920 [main] INFO  d.m.v.s.o.r.InMemoryItemRepository - Sample data initialized with 5 items
2025-06-01 16:38:16.920 [main] DEBUG d.m.v.s.o.r.InMemoryItemRepository - Saving item: Item{id='non-existent-id', name='Non-existent Item', description='null', createdAt=0, updatedAt=null}
2025-06-01 16:38:16.922 [main] DEBUG d.m.v.s.o.r.InMemoryItemRepository - Item not found for update with ID: non-existent-id
2025-06-01 16:38:16.978 [main] INFO  d.m.v.s.o.r.InMemoryItemRepository - Initializing repository with sample data
2025-06-01 16:38:16.978 [main] INFO  d.m.v.s.o.r.InMemoryItemRepository - Sample data initialized with 5 items
2025-06-01 16:38:16.979 [main] DEBUG d.m.v.s.o.r.InMemoryItemRepository - Finding all items
2025-06-01 16:38:16.979 [main] DEBUG d.m.v.s.o.r.InMemoryItemRepository - Found 5 items
2025-06-01 16:38:17.027 [main] INFO  d.m.v.s.o.r.InMemoryItemRepository - Initializing repository with sample data
2025-06-01 16:38:17.028 [main] INFO  d.m.v.s.o.r.InMemoryItemRepository - Sample data initialized with 5 items
2025-06-01 16:38:17.028 [main] DEBUG d.m.v.s.o.r.InMemoryItemRepository - Getting item count
2025-06-01 16:38:17.069 [main] INFO  d.m.v.s.o.r.InMemoryItemRepository - Initializing repository with sample data
2025-06-01 16:38:17.069 [main] INFO  d.m.v.s.o.r.InMemoryItemRepository - Sample data initialized with 5 items
2025-06-01 16:38:17.069 [main] DEBUG d.m.v.s.o.r.InMemoryItemRepository - Finding item by ID: item-2
2025-06-01 16:38:17.069 [main] DEBUG d.m.v.s.o.r.InMemoryItemRepository - Found item: Item{id='item-2', name='Sample Item 2', description='This is a sample item 2', createdAt=1748767097069, updatedAt=null}
2025-06-01 16:38:17.070 [main] DEBUG d.m.v.s.o.r.InMemoryItemRepository - Saving item: Item{id='item-2', name='Updated Item 2', description='This is an updated description', createdAt=1748767097069, updatedAt=null}
2025-06-01 16:38:17.070 [main] DEBUG d.m.v.s.o.r.InMemoryItemRepository - Updated existing item with ID: item-2
2025-06-01 16:38:17.071 [main] DEBUG d.m.v.s.o.r.InMemoryItemRepository - Finding item by ID: item-2
2025-06-01 16:38:17.071 [main] DEBUG d.m.v.s.o.r.InMemoryItemRepository - Found item: Item{id='item-2', name='Updated Item 2', description='This is an updated description', createdAt=1748767097069, updatedAt=1748767097070}
2025-06-01 16:38:17.107 [main] INFO  d.m.v.s.o.r.InMemoryItemRepository - Initializing repository with sample data
2025-06-01 16:38:17.108 [main] INFO  d.m.v.s.o.r.InMemoryItemRepository - Sample data initialized with 5 items
2025-06-01 16:38:17.108 [main] DEBUG d.m.v.s.o.r.InMemoryItemRepository - Finding item by ID: item-1
2025-06-01 16:38:17.108 [main] DEBUG d.m.v.s.o.r.InMemoryItemRepository - Found item: Item{id='item-1', name='Sample Item 1', description='This is a sample item 1', createdAt=1748767097108, updatedAt=null}
2025-06-01 16:38:17.149 [main] INFO  d.m.v.s.o.r.InMemoryItemRepository - Initializing repository with sample data
2025-06-01 16:38:17.149 [main] INFO  d.m.v.s.o.r.InMemoryItemRepository - Sample data initialized with 5 items
2025-06-01 16:38:17.149 [main] DEBUG d.m.v.s.o.r.InMemoryItemRepository - Finding item by ID: non-existent-id
2025-06-01 16:38:17.150 [main] DEBUG d.m.v.s.o.r.InMemoryItemRepository - Item not found with ID: non-existent-id
2025-06-01 16:38:17.183 [main] INFO  d.m.v.s.o.r.InMemoryItemRepository - Initializing repository with sample data
2025-06-01 16:38:17.183 [main] INFO  d.m.v.s.o.r.InMemoryItemRepository - Sample data initialized with 5 items
2025-06-01 16:38:17.184 [main] DEBUG d.m.v.s.o.r.InMemoryItemRepository - Getting item count
2025-06-01 16:38:17.219 [main] INFO  d.m.v.s.o.r.InMemoryItemRepository - Initializing repository with sample data
2025-06-01 16:38:17.219 [main] INFO  d.m.v.s.o.r.InMemoryItemRepository - Sample data initialized with 5 items
2025-06-01 16:38:17.220 [main] DEBUG d.m.v.s.o.r.InMemoryItemRepository - Deleting item with ID: item-3
2025-06-01 16:38:17.220 [main] DEBUG d.m.v.s.o.r.InMemoryItemRepository - Successfully deleted item with ID: item-3
2025-06-01 16:38:17.220 [main] DEBUG d.m.v.s.o.r.InMemoryItemRepository - Finding item by ID: item-3
2025-06-01 16:38:17.220 [main] DEBUG d.m.v.s.o.r.InMemoryItemRepository - Item not found with ID: item-3
2025-06-01 16:38:17.221 [main] DEBUG d.m.v.s.o.r.InMemoryItemRepository - Getting item count
2025-06-01 16:38:17.252 [main] INFO  d.m.v.s.o.r.InMemoryItemRepository - Initializing repository with sample data
2025-06-01 16:38:17.252 [main] INFO  d.m.v.s.o.r.InMemoryItemRepository - Sample data initialized with 5 items
2025-06-01 16:38:17.253 [main] DEBUG d.m.v.s.o.r.InMemoryItemRepository - Saving item: Item{id='null', name='New Test Item', description='This is a new test item', createdAt=0, updatedAt=null}
2025-06-01 16:38:17.253 [main] DEBUG d.m.v.s.o.r.InMemoryItemRepository - Created new item with ID: 14128dc3-c45d-483f-88a1-21c9c4356428
2025-06-01 16:38:17.254 [main] DEBUG d.m.v.s.o.r.InMemoryItemRepository - Finding item by ID: 14128dc3-c45d-483f-88a1-21c9c4356428
2025-06-01 16:38:17.254 [main] DEBUG d.m.v.s.o.r.InMemoryItemRepository - Found item: Item{id='14128dc3-c45d-483f-88a1-21c9c4356428', name='New Test Item', description='This is a new test item', createdAt=1748767097253, updatedAt=null}
2025-06-01 16:38:34.076 [main] INFO  d.m.v.s.o.r.InMemoryItemRepository - Initializing repository with sample data
2025-06-01 16:38:34.077 [main] INFO  d.m.v.s.o.r.InMemoryItemRepository - Sample data initialized with 5 items
2025-06-01 16:38:34.082 [main] DEBUG d.m.v.s.o.r.InMemoryItemRepository - Deleting item with ID: non-existent-id
2025-06-01 16:38:34.082 [main] DEBUG d.m.v.s.o.r.InMemoryItemRepository - Item not found for deletion with ID: non-existent-id
2025-06-01 16:38:34.151 [main] INFO  d.m.v.s.o.r.InMemoryItemRepository - Initializing repository with sample data
2025-06-01 16:38:34.152 [main] INFO  d.m.v.s.o.r.InMemoryItemRepository - Sample data initialized with 5 items
2025-06-01 16:38:34.152 [main] DEBUG d.m.v.s.o.r.InMemoryItemRepository - Saving item: Item{id='non-existent-id', name='Non-existent Item', description='null', createdAt=0, updatedAt=null}
2025-06-01 16:38:34.154 [main] DEBUG d.m.v.s.o.r.InMemoryItemRepository - Item not found for update with ID: non-existent-id
2025-06-01 16:38:34.205 [main] INFO  d.m.v.s.o.r.InMemoryItemRepository - Initializing repository with sample data
2025-06-01 16:38:34.206 [main] INFO  d.m.v.s.o.r.InMemoryItemRepository - Sample data initialized with 5 items
2025-06-01 16:38:34.206 [main] DEBUG d.m.v.s.o.r.InMemoryItemRepository - Finding all items
2025-06-01 16:38:34.206 [main] DEBUG d.m.v.s.o.r.InMemoryItemRepository - Found 5 items
2025-06-01 16:38:34.242 [main] INFO  d.m.v.s.o.r.InMemoryItemRepository - Initializing repository with sample data
2025-06-01 16:38:34.242 [main] INFO  d.m.v.s.o.r.InMemoryItemRepository - Sample data initialized with 5 items
2025-06-01 16:38:34.242 [main] DEBUG d.m.v.s.o.r.InMemoryItemRepository - Getting item count
2025-06-01 16:38:34.278 [main] INFO  d.m.v.s.o.r.InMemoryItemRepository - Initializing repository with sample data
2025-06-01 16:38:34.279 [main] INFO  d.m.v.s.o.r.InMemoryItemRepository - Sample data initialized with 5 items
2025-06-01 16:38:34.279 [main] DEBUG d.m.v.s.o.r.InMemoryItemRepository - Finding item by ID: item-2
2025-06-01 16:38:34.279 [main] DEBUG d.m.v.s.o.r.InMemoryItemRepository - Found item: Item{id='item-2', name='Sample Item 2', description='This is a sample item 2', createdAt=1748767114279, updatedAt=null}
2025-06-01 16:38:34.280 [main] DEBUG d.m.v.s.o.r.InMemoryItemRepository - Saving item: Item{id='item-2', name='Updated Item 2', description='This is an updated description', createdAt=1748767114279, updatedAt=null}
2025-06-01 16:38:34.280 [main] DEBUG d.m.v.s.o.r.InMemoryItemRepository - Updated existing item with ID: item-2
2025-06-01 16:38:34.281 [main] DEBUG d.m.v.s.o.r.InMemoryItemRepository - Finding item by ID: item-2
2025-06-01 16:38:34.281 [main] DEBUG d.m.v.s.o.r.InMemoryItemRepository - Found item: Item{id='item-2', name='Updated Item 2', description='This is an updated description', createdAt=1748767114279, updatedAt=1748767114280}
2025-06-01 16:38:34.318 [main] INFO  d.m.v.s.o.r.InMemoryItemRepository - Initializing repository with sample data
2025-06-01 16:38:34.319 [main] INFO  d.m.v.s.o.r.InMemoryItemRepository - Sample data initialized with 5 items
2025-06-01 16:38:34.319 [main] DEBUG d.m.v.s.o.r.InMemoryItemRepository - Finding item by ID: item-1
2025-06-01 16:38:34.319 [main] DEBUG d.m.v.s.o.r.InMemoryItemRepository - Found item: Item{id='item-1', name='Sample Item 1', description='This is a sample item 1', createdAt=1748767114319, updatedAt=null}
2025-06-01 16:38:34.352 [main] INFO  d.m.v.s.o.r.InMemoryItemRepository - Initializing repository with sample data
2025-06-01 16:38:34.352 [main] INFO  d.m.v.s.o.r.InMemoryItemRepository - Sample data initialized with 5 items
2025-06-01 16:38:34.352 [main] DEBUG d.m.v.s.o.r.InMemoryItemRepository - Finding item by ID: non-existent-id
2025-06-01 16:38:34.352 [main] DEBUG d.m.v.s.o.r.InMemoryItemRepository - Item not found with ID: non-existent-id
2025-06-01 16:38:34.391 [main] INFO  d.m.v.s.o.r.InMemoryItemRepository - Initializing repository with sample data
2025-06-01 16:38:34.391 [main] INFO  d.m.v.s.o.r.InMemoryItemRepository - Sample data initialized with 5 items
2025-06-01 16:38:34.391 [main] DEBUG d.m.v.s.o.r.InMemoryItemRepository - Getting item count
2025-06-01 16:38:34.424 [main] INFO  d.m.v.s.o.r.InMemoryItemRepository - Initializing repository with sample data
2025-06-01 16:38:34.424 [main] INFO  d.m.v.s.o.r.InMemoryItemRepository - Sample data initialized with 5 items
2025-06-01 16:38:34.424 [main] DEBUG d.m.v.s.o.r.InMemoryItemRepository - Deleting item with ID: item-3
2025-06-01 16:38:34.424 [main] DEBUG d.m.v.s.o.r.InMemoryItemRepository - Successfully deleted item with ID: item-3
2025-06-01 16:38:34.425 [main] DEBUG d.m.v.s.o.r.InMemoryItemRepository - Finding item by ID: item-3
2025-06-01 16:38:34.425 [main] DEBUG d.m.v.s.o.r.InMemoryItemRepository - Item not found with ID: item-3
2025-06-01 16:38:34.425 [main] DEBUG d.m.v.s.o.r.InMemoryItemRepository - Getting item count
2025-06-01 16:38:34.460 [main] INFO  d.m.v.s.o.r.InMemoryItemRepository - Initializing repository with sample data
2025-06-01 16:38:34.460 [main] INFO  d.m.v.s.o.r.InMemoryItemRepository - Sample data initialized with 5 items
2025-06-01 16:38:34.461 [main] DEBUG d.m.v.s.o.r.InMemoryItemRepository - Saving item: Item{id='null', name='New Test Item', description='This is a new test item', createdAt=0, updatedAt=null}
2025-06-01 16:38:34.461 [main] DEBUG d.m.v.s.o.r.InMemoryItemRepository - Created new item with ID: 2e112022-4d2f-41b6-a150-66116ece6b12
2025-06-01 16:38:34.462 [main] DEBUG d.m.v.s.o.r.InMemoryItemRepository - Finding item by ID: 2e112022-4d2f-41b6-a150-66116ece6b12
2025-06-01 16:38:34.462 [main] DEBUG d.m.v.s.o.r.InMemoryItemRepository - Found item: Item{id='2e112022-4d2f-41b6-a150-66116ece6b12', name='New Test Item', description='This is a new test item', createdAt=1748767114461, updatedAt=null}
2025-06-01 16:38:35.805 [main] INFO  d.m.v.s.one.service.ItemService - Updating item with ID: test-id
2025-06-01 16:38:35.822 [main] INFO  d.m.v.s.one.service.ItemService - Deleting item with ID: non-existent-id
2025-06-01 16:38:35.825 [main] INFO  d.m.v.s.one.service.ItemService - Getting item with ID: non-existent-id
2025-06-01 16:38:35.827 [main] INFO  d.m.v.s.one.service.ItemService - Listing all items
2025-06-01 16:38:35.831 [main] INFO  d.m.v.s.one.service.ItemService - Updating item with ID: non-existent-id
2025-06-01 16:38:35.834 [main] INFO  d.m.v.s.one.service.ItemService - Getting item with ID: test-id
2025-06-01 16:38:35.837 [main] INFO  d.m.v.s.one.service.ItemService - Updating item with ID: test-id
2025-06-01 16:38:35.838 [main] INFO  d.m.v.s.one.service.ItemService - Initializing item service
2025-06-01 16:38:35.840 [main] INFO  d.m.v.s.one.service.ItemService - Creating new item: {"name":"New Item","description":"New Description"}
2025-06-01 16:38:35.880 [main] INFO  d.m.v.s.one.service.ItemService - Deleting item with ID: test-id
2025-06-01 16:38:35.885 [main] INFO  d.m.v.s.one.service.ItemService - Creating new item: {}
2025-06-01 16:38:37.668 [main] INFO  d.m.v.s.one.handler.ItemHandler - Handling request: {"id":"test-id"}
2025-06-01 16:38:37.698 [main] DEBUG d.m.v.s.one.handler.ItemHandler - Getting item with ID: test-id
2025-06-01 16:38:37.719 [main] INFO  d.m.v.s.one.handler.ItemHandler - Handling request: {"someField":"someValue"}
2025-06-01 16:38:37.722 [main] INFO  d.m.v.s.one.handler.ItemHandler - Handling request: {"action":"create","name":"New Item","description":"New Description"}
2025-06-01 16:38:37.722 [main] DEBUG d.m.v.s.one.handler.ItemHandler - Creating new item: {"action":"create","name":"New Item","description":"New Description"}
2025-06-01 16:38:37.727 [main] INFO  d.m.v.s.one.handler.ItemHandler - Handling request: {"action":"delete","id":"test-id"}
2025-06-01 16:38:37.727 [main] DEBUG d.m.v.s.one.handler.ItemHandler - Deleting item: {"action":"delete","id":"test-id"}
2025-06-01 16:38:37.731 [main] INFO  d.m.v.s.one.handler.ItemHandler - Handling request: {"action":"delete"}
2025-06-01 16:38:37.731 [main] DEBUG d.m.v.s.one.handler.ItemHandler - Deleting item: {"action":"delete"}
2025-06-01 16:38:37.732 [main] INFO  d.m.v.s.one.handler.ItemHandler - Handling request: {"action":"list"}
2025-06-01 16:38:37.733 [main] DEBUG d.m.v.s.one.handler.ItemHandler - Listing all items
2025-06-01 16:38:37.736 [main] INFO  d.m.v.s.one.handler.ItemHandler - Handling request: {"action":"update","name":"Updated Name"}
2025-06-01 16:38:37.736 [main] DEBUG d.m.v.s.one.handler.ItemHandler - Updating item: {"action":"update","name":"Updated Name"}
2025-06-01 16:38:37.738 [main] INFO  d.m.v.s.one.handler.ItemHandler - Handling request: {"id":"non-existent-id"}
2025-06-01 16:38:37.738 [main] DEBUG d.m.v.s.one.handler.ItemHandler - Getting item with ID: non-existent-id
2025-06-01 16:38:37.740 [main] INFO  d.m.v.s.one.handler.ItemHandler - Handling request: {"action":"update","id":"test-id","name":"Updated Name","description":"Updated Description"}
2025-06-01 16:38:37.740 [main] DEBUG d.m.v.s.one.handler.ItemHandler - Updating item: {"action":"update","id":"test-id","name":"Updated Name","description":"Updated Description"}
2025-06-01 16:38:37.742 [main] INFO  d.m.v.s.one.handler.ItemHandler - Handling request: {"action":"unknown"}
2025-06-01 19:02:24.955 [main] INFO  d.m.v.s.one.handler.ItemHandler - Handling request: {"id":"test-id"}
2025-06-01 19:02:24.976 [main] DEBUG d.m.v.s.one.handler.ItemHandler - Getting item with ID: test-id
2025-06-01 19:02:24.989 [main] INFO  d.m.v.s.one.handler.ItemHandler - Handling request: {"someField":"someValue"}
2025-06-01 19:02:24.991 [main] INFO  d.m.v.s.one.handler.ItemHandler - Handling request: {"action":"create","name":"New Item","description":"New Description"}
2025-06-01 19:02:24.991 [main] DEBUG d.m.v.s.one.handler.ItemHandler - Creating new item: {"action":"create","name":"New Item","description":"New Description"}
2025-06-01 19:02:25.033 [main] INFO  d.m.v.s.one.handler.ItemHandler - Handling request: {"action":"delete","id":"test-id"}
2025-06-01 19:02:25.033 [main] DEBUG d.m.v.s.one.handler.ItemHandler - Deleting item: {"action":"delete","id":"test-id"}
2025-06-01 19:02:25.035 [main] INFO  d.m.v.s.one.handler.ItemHandler - Handling request: {"action":"delete"}
2025-06-01 19:02:25.035 [main] DEBUG d.m.v.s.one.handler.ItemHandler - Deleting item: {"action":"delete"}
2025-06-01 19:02:25.037 [main] INFO  d.m.v.s.one.handler.ItemHandler - Handling request: {"action":"list"}
2025-06-01 19:02:25.038 [main] DEBUG d.m.v.s.one.handler.ItemHandler - Listing all items
2025-06-01 19:02:25.041 [main] INFO  d.m.v.s.one.handler.ItemHandler - Handling request: {"action":"update","name":"Updated Name"}
2025-06-01 19:02:25.041 [main] DEBUG d.m.v.s.one.handler.ItemHandler - Updating item: {"action":"update","name":"Updated Name"}
2025-06-01 19:02:25.044 [main] INFO  d.m.v.s.one.handler.ItemHandler - Handling request: {"id":"non-existent-id"}
2025-06-01 19:02:25.044 [main] DEBUG d.m.v.s.one.handler.ItemHandler - Getting item with ID: non-existent-id
2025-06-01 19:02:25.046 [main] INFO  d.m.v.s.one.handler.ItemHandler - Handling request: {"action":"update","id":"test-id","name":"Updated Name","description":"Updated Description"}
2025-06-01 19:02:25.046 [main] DEBUG d.m.v.s.one.handler.ItemHandler - Updating item: {"action":"update","id":"test-id","name":"Updated Name","description":"Updated Description"}
2025-06-01 19:02:25.049 [main] INFO  d.m.v.s.one.handler.ItemHandler - Handling request: {"action":"unknown"}
2025-06-01 19:02:25.292 [main] INFO  d.m.v.s.o.r.InMemoryItemRepository - Initializing repository with sample data
2025-06-01 19:02:25.293 [main] INFO  d.m.v.s.o.r.InMemoryItemRepository - Sample data initialized with 5 items
2025-06-01 19:02:25.294 [main] DEBUG d.m.v.s.o.r.InMemoryItemRepository - Deleting item with ID: non-existent-id
2025-06-01 19:02:25.294 [main] DEBUG d.m.v.s.o.r.InMemoryItemRepository - Item not found for deletion with ID: non-existent-id
2025-06-01 19:02:25.359 [main] INFO  d.m.v.s.o.r.InMemoryItemRepository - Initializing repository with sample data
2025-06-01 19:02:25.359 [main] INFO  d.m.v.s.o.r.InMemoryItemRepository - Sample data initialized with 5 items
2025-06-01 19:02:25.360 [main] DEBUG d.m.v.s.o.r.InMemoryItemRepository - Saving item: Item{id='non-existent-id', name='Non-existent Item', description='null', createdAt=0, updatedAt=null}
2025-06-01 19:02:25.360 [main] DEBUG d.m.v.s.o.r.InMemoryItemRepository - Item not found for update with ID: non-existent-id
2025-06-01 19:02:25.406 [main] INFO  d.m.v.s.o.r.InMemoryItemRepository - Initializing repository with sample data
2025-06-01 19:02:25.406 [main] INFO  d.m.v.s.o.r.InMemoryItemRepository - Sample data initialized with 5 items
2025-06-01 19:02:25.407 [main] DEBUG d.m.v.s.o.r.InMemoryItemRepository - Finding all items
2025-06-01 19:02:25.407 [main] DEBUG d.m.v.s.o.r.InMemoryItemRepository - Found 5 items
2025-06-01 19:02:25.439 [main] INFO  d.m.v.s.o.r.InMemoryItemRepository - Initializing repository with sample data
2025-06-01 19:02:25.440 [main] INFO  d.m.v.s.o.r.InMemoryItemRepository - Sample data initialized with 5 items
2025-06-01 19:02:25.440 [main] DEBUG d.m.v.s.o.r.InMemoryItemRepository - Getting item count
2025-06-01 19:02:25.472 [main] INFO  d.m.v.s.o.r.InMemoryItemRepository - Initializing repository with sample data
2025-06-01 19:02:25.472 [main] INFO  d.m.v.s.o.r.InMemoryItemRepository - Sample data initialized with 5 items
2025-06-01 19:02:25.473 [main] DEBUG d.m.v.s.o.r.InMemoryItemRepository - Finding item by ID: item-2
2025-06-01 19:02:25.473 [main] DEBUG d.m.v.s.o.r.InMemoryItemRepository - Found item: Item{id='item-2', name='Sample Item 2', description='This is a sample item 2', createdAt=1748775745472, updatedAt=null}
2025-06-01 19:02:25.474 [main] DEBUG d.m.v.s.o.r.InMemoryItemRepository - Saving item: Item{id='item-2', name='Updated Item 2', description='This is an updated description', createdAt=1748775745472, updatedAt=null}
2025-06-01 19:02:25.474 [main] DEBUG d.m.v.s.o.r.InMemoryItemRepository - Updated existing item with ID: item-2
2025-06-01 19:02:25.474 [main] DEBUG d.m.v.s.o.r.InMemoryItemRepository - Finding item by ID: item-2
2025-06-01 19:02:25.474 [main] DEBUG d.m.v.s.o.r.InMemoryItemRepository - Found item: Item{id='item-2', name='Updated Item 2', description='This is an updated description', createdAt=1748775745472, updatedAt=1748775745474}
2025-06-01 19:02:25.510 [main] INFO  d.m.v.s.o.r.InMemoryItemRepository - Initializing repository with sample data
2025-06-01 19:02:25.510 [main] INFO  d.m.v.s.o.r.InMemoryItemRepository - Sample data initialized with 5 items
2025-06-01 19:02:25.510 [main] DEBUG d.m.v.s.o.r.InMemoryItemRepository - Finding item by ID: item-1
2025-06-01 19:02:25.510 [main] DEBUG d.m.v.s.o.r.InMemoryItemRepository - Found item: Item{id='item-1', name='Sample Item 1', description='This is a sample item 1', createdAt=1748775745510, updatedAt=null}
2025-06-01 19:02:25.549 [main] INFO  d.m.v.s.o.r.InMemoryItemRepository - Initializing repository with sample data
2025-06-01 19:02:25.549 [main] INFO  d.m.v.s.o.r.InMemoryItemRepository - Sample data initialized with 5 items
2025-06-01 19:02:25.549 [main] DEBUG d.m.v.s.o.r.InMemoryItemRepository - Finding item by ID: non-existent-id
2025-06-01 19:02:25.549 [main] DEBUG d.m.v.s.o.r.InMemoryItemRepository - Item not found with ID: non-existent-id
2025-06-01 19:02:25.582 [main] INFO  d.m.v.s.o.r.InMemoryItemRepository - Initializing repository with sample data
2025-06-01 19:02:25.582 [main] INFO  d.m.v.s.o.r.InMemoryItemRepository - Sample data initialized with 5 items
2025-06-01 19:02:25.582 [main] DEBUG d.m.v.s.o.r.InMemoryItemRepository - Getting item count
2025-06-01 19:02:25.618 [main] INFO  d.m.v.s.o.r.InMemoryItemRepository - Initializing repository with sample data
2025-06-01 19:02:25.618 [main] INFO  d.m.v.s.o.r.InMemoryItemRepository - Sample data initialized with 5 items
2025-06-01 19:02:25.618 [main] DEBUG d.m.v.s.o.r.InMemoryItemRepository - Deleting item with ID: item-3
2025-06-01 19:02:25.618 [main] DEBUG d.m.v.s.o.r.InMemoryItemRepository - Successfully deleted item with ID: item-3
2025-06-01 19:02:25.619 [main] DEBUG d.m.v.s.o.r.InMemoryItemRepository - Finding item by ID: item-3
2025-06-01 19:02:25.619 [main] DEBUG d.m.v.s.o.r.InMemoryItemRepository - Item not found with ID: item-3
2025-06-01 19:02:25.620 [main] DEBUG d.m.v.s.o.r.InMemoryItemRepository - Getting item count
2025-06-01 19:02:25.678 [main] INFO  d.m.v.s.o.r.InMemoryItemRepository - Initializing repository with sample data
2025-06-01 19:02:25.678 [main] INFO  d.m.v.s.o.r.InMemoryItemRepository - Sample data initialized with 5 items
2025-06-01 19:02:25.678 [main] DEBUG d.m.v.s.o.r.InMemoryItemRepository - Saving item: Item{id='null', name='New Test Item', description='This is a new test item', createdAt=0, updatedAt=null}
2025-06-01 19:02:25.678 [main] DEBUG d.m.v.s.o.r.InMemoryItemRepository - Created new item with ID: b00c48e1-8682-4fa0-bef5-8029515871b9
2025-06-01 19:02:25.679 [main] DEBUG d.m.v.s.o.r.InMemoryItemRepository - Finding item by ID: b00c48e1-8682-4fa0-bef5-8029515871b9
2025-06-01 19:02:25.679 [main] DEBUG d.m.v.s.o.r.InMemoryItemRepository - Found item: Item{id='b00c48e1-8682-4fa0-bef5-8029515871b9', name='New Test Item', description='This is a new test item', createdAt=1748775745678, updatedAt=null}
2025-06-01 19:02:25.690 [main] INFO  d.m.v.s.one.service.ItemService - Updating item with ID: test-id
2025-06-01 19:02:25.693 [main] INFO  d.m.v.s.one.service.ItemService - Deleting item with ID: non-existent-id
2025-06-01 19:02:25.696 [main] INFO  d.m.v.s.one.service.ItemService - Getting item with ID: non-existent-id
2025-06-01 19:02:25.698 [main] INFO  d.m.v.s.one.service.ItemService - Listing all items
2025-06-01 19:02:25.702 [main] INFO  d.m.v.s.one.service.ItemService - Updating item with ID: non-existent-id
2025-06-01 19:02:25.706 [main] INFO  d.m.v.s.one.service.ItemService - Getting item with ID: test-id
2025-06-01 19:02:25.707 [main] INFO  d.m.v.s.one.service.ItemService - Updating item with ID: test-id
2025-06-01 19:02:25.709 [main] INFO  d.m.v.s.one.service.ItemService - Initializing item service
2025-06-01 19:02:25.712 [main] INFO  d.m.v.s.one.service.ItemService - Creating new item: {"name":"New Item","description":"New Description"}
2025-06-01 19:02:25.714 [main] INFO  d.m.v.s.one.service.ItemService - Deleting item with ID: test-id
2025-06-01 19:02:25.715 [main] INFO  d.m.v.s.one.service.ItemService - Creating new item: {}
2025-06-01 20:43:04.573 [main] INFO  d.m.v.s.one.handler.ItemHandler - Handling request: {"id":"test-id"}
2025-06-01 20:43:04.607 [main] DEBUG d.m.v.s.one.handler.ItemHandler - Getting item with ID: test-id
2025-06-01 20:43:04.630 [main] INFO  d.m.v.s.one.handler.ItemHandler - Handling request: {"someField":"someValue"}
2025-06-01 20:43:04.634 [main] INFO  d.m.v.s.one.handler.ItemHandler - Handling request: {"action":"create","name":"New Item","description":"New Description"}
2025-06-01 20:43:04.635 [main] DEBUG d.m.v.s.one.handler.ItemHandler - Creating new item: {"action":"create","name":"New Item","description":"New Description"}
2025-06-01 20:43:04.639 [main] INFO  d.m.v.s.one.handler.ItemHandler - Handling request: {"action":"delete","id":"test-id"}
2025-06-01 20:43:04.639 [main] DEBUG d.m.v.s.one.handler.ItemHandler - Deleting item: {"action":"delete","id":"test-id"}
2025-06-01 20:43:04.642 [main] INFO  d.m.v.s.one.handler.ItemHandler - Handling request: {"action":"delete"}
2025-06-01 20:43:04.643 [main] DEBUG d.m.v.s.one.handler.ItemHandler - Deleting item: {"action":"delete"}
2025-06-01 20:43:04.645 [main] INFO  d.m.v.s.one.handler.ItemHandler - Handling request: {"action":"list"}
2025-06-01 20:43:04.646 [main] DEBUG d.m.v.s.one.handler.ItemHandler - Listing all items
2025-06-01 20:43:04.649 [main] INFO  d.m.v.s.one.handler.ItemHandler - Handling request: {"action":"update","name":"Updated Name"}
2025-06-01 20:43:04.650 [main] DEBUG d.m.v.s.one.handler.ItemHandler - Updating item: {"action":"update","name":"Updated Name"}
2025-06-01 20:43:04.651 [main] INFO  d.m.v.s.one.handler.ItemHandler - Handling request: {"id":"non-existent-id"}
2025-06-01 20:43:04.652 [main] DEBUG d.m.v.s.one.handler.ItemHandler - Getting item with ID: non-existent-id
2025-06-01 20:43:04.653 [main] INFO  d.m.v.s.one.handler.ItemHandler - Handling request: {"action":"update","id":"test-id","name":"Updated Name","description":"Updated Description"}
2025-06-01 20:43:04.653 [main] DEBUG d.m.v.s.one.handler.ItemHandler - Updating item: {"action":"update","id":"test-id","name":"Updated Name","description":"Updated Description"}
2025-06-01 20:43:04.656 [main] INFO  d.m.v.s.one.handler.ItemHandler - Handling request: {"action":"unknown"}
